* EvoSuite 1.0.6-SNAPSHOT
* Going to generate test cases for class: org.apache.bcel.generic.InstructionList
* Starting client
* Connecting to master process on port 16042
* Analyzing classpath: 
  - /var/benchmarks/projects/bcel-6.0-src/target/classes
  - /var/benchmarks/projects/bcel-6.0-src/target/classes
* Finished analyzing classpath
* Generating tests for class org.apache.bcel.generic.InstructionList
* Test criteria:
  - Line Coverage
  - Branch Coverage
  - Exception
  - Mutation testing (weak)
  - Method-Output Coverage
  - Top-Level Method Coverage
  - No-Exception Top-Level Method Coverage
  - Context Branch Coverage
* Setting up search algorithm for whole suite generation
* Total number of test goals: 
  - Line 450
  - Branch 268
  - Exception 0
  - MutationFactory 617
  - Output 197
  - Method 60
  - MethodNoException 60
  - CBranchFitnessFactory 268
* Using seed 1516819906722
* Starting evolution
[MASTER] 19:51:52.960 [logback-2] ERROR TestCluster - Failed to check cache for java.util.Enumeration<E> : Type points to itself
[MASTER] 19:52:46.915 [logback-2] ERROR TestCluster - Failed to check cache for java.util.List<E> : Type points to itself
[MASTER] 19:52:47.254 [logback-2] ERROR TestCluster - Failed to check cache for java.util.Collection<E> : Type points to itself
[MASTER] 19:52:53.426 [logback-1] WARN  TestChromosome - Functional mock problem: org.evosuite.ga.ConstructionFailedException: Failed to add constructor for org.apache.bcel.generic.SWITCH due to org.evosuite.ga.ConstructionFailedException: Failed to add constructor for org.apache.bcel.generic.IFNONNULL due to org.evosuite.ga.ConstructionFailedException: Failed to add constructor for org.apache.bcel.generic.IF_ACMPNE due to org.evosuite.ga.ConstructionFailedException: Failed to add constructor for org.apache.bcel.generic.InstructionHandle due to org.evosuite.ga.ConstructionFailedException: Max recursion depth reached
* Search finished after 72s and 117 generations, 71986 statements, best individual has fitness: 338.5733589087809
* Minimizing test suite
* Generated 154 tests with total length 2483
[MASTER] 19:53:21.328 [logback-1] WARN  TestSuiteMinimizer - Minimization timeout. Roll back to original test suite
* Resulting test suite's coverage: 74% (average coverage for all fitness functions)
* Generating assertions
[MASTER] 19:53:21.331 [logback-1] WARN  TimeController - Phase MINIMIZATION lasted too long, 4 seconds more than allowed.
* Compiling and checking tests
* Permissions denied during test execution: 
  - java.lang.RuntimePermission: 
         writeFileDescriptor: 173
[MASTER] 19:53:36.038 [logback-1] WARN  TimeController - Phase JUNIT_CHECK lasted too long, 1 seconds more than allowed.
* Writing JUnit test case 'InstructionList_ESTest' to temp/testcases
* Done!

* Computation finished
