* EvoSuite 1.0.6-SNAPSHOT
* Going to generate test cases for class: okhttp3.internal.tls.OkHostnameVerifier
* Starting client
* Connecting to master process on port 13524
* Analyzing classpath: 
  - /var/benchmarks/projects/okhttp/okhttp/target/classes
  - /var/benchmarks/projects/okhttp/okhttp/target/classes
* Finished analyzing classpath
* Generating tests for class okhttp3.internal.tls.OkHostnameVerifier
* Test criteria:
  - Line Coverage
  - Branch Coverage
  - Exception
  - Mutation testing (weak)
  - Method-Output Coverage
  - Top-Level Method Coverage
  - No-Exception Top-Level Method Coverage
  - Context Branch Coverage
* Setting up search algorithm for whole suite generation
* Total number of test goals: 
  - Line 79
  - Branch 67
  - Exception 0
  - MutationFactory 200
  - Output 10
  - Method 3
  - MethodNoException 3
  - CBranchFitnessFactory 67
* Using seed 1517341500574
* Starting evolution
[MASTER] 20:45:04.649 [logback-1] WARN  TestChromosome - Functional mock problem: org.evosuite.ga.ConstructionFailedException: Error: VariableReference: Statement 13, type java.util.LinkedList<java.util.List<java.lang.String>> is not assignable to java.util.Collection<java.util.List<?>>
[MASTER] 20:45:04.755 [logback-1] WARN  TestChromosome - Functional mock problem: org.evosuite.ga.ConstructionFailedException: Error: VariableReference: Statement 0, type java.util.LinkedList<java.util.List<java.security.cert.X509Certificate>> is not assignable to java.util.Collection<java.util.List<?>>
[MASTER] 20:45:04.777 [logback-1] WARN  TestChromosome - Functional mock problem: org.evosuite.ga.ConstructionFailedException: Error: VariableReference: Statement 0, type java.util.LinkedList<java.util.List<java.lang.String>> is not assignable to java.util.Collection<java.util.List<?>>
[MASTER] 20:45:04.799 [logback-1] WARN  TestChromosome - Functional mock problem: org.evosuite.ga.ConstructionFailedException: Error: VariableReference: Statement 0, type java.util.LinkedList<java.util.List<java.lang.Integer>> is not assignable to java.util.Collection<java.util.List<?>>
[MASTER] 20:45:04.826 [logback-1] WARN  TestChromosome - Functional mock problem: org.evosuite.ga.ConstructionFailedException: Error: VariableReference: Statement 0, type java.util.LinkedList<java.util.List<java.lang.Object>> is not assignable to java.util.Collection<java.util.List<?>>
[MASTER] 20:45:04.826 [logback-1] WARN  TestChromosome - Functional mock problem: org.evosuite.ga.ConstructionFailedException: Error: VariableReference: Statement 1, type java.util.LinkedList<java.util.List<java.lang.String>> is not assignable to java.util.Collection<java.util.List<?>>
[MASTER] 20:45:04.877 [logback-1] WARN  TestChromosome - Functional mock problem: org.evosuite.ga.ConstructionFailedException: Error: VariableReference: Statement 0, type java.util.Collection<java.util.List<java.lang.String>> is not assignable to java.util.Collection<java.util.List<?>>
[MASTER] 20:45:04.905 [logback-1] WARN  TestChromosome - Functional mock problem: org.evosuite.ga.ConstructionFailedException: Error: VariableReference: Statement 2, type java.util.LinkedList<java.util.List<java.lang.Integer>> is not assignable to java.util.Collection<java.util.List<?>>
[MASTER] 20:45:04.998 [logback-1] WARN  TestChromosome - Functional mock problem: org.evosuite.ga.ConstructionFailedException: Error: VariableReference: Statement 1, type java.util.LinkedList<java.util.List<java.lang.Object>> is not assignable to java.util.Collection<java.util.List<?>>
[MASTER] 20:45:05.019 [logback-1] WARN  TestChromosome - Functional mock problem: org.evosuite.ga.ConstructionFailedException: Error: VariableReference: Statement 0, type java.util.Collection<java.util.List<java.lang.Object>> is not assignable to java.util.Collection<java.util.List<?>>
[MASTER] 20:45:05.104 [logback-1] WARN  TestChromosome - Functional mock problem: org.evosuite.ga.ConstructionFailedException: Error: VariableReference: Statement 6, type java.util.LinkedList<java.util.List<java.lang.String>> is not assignable to java.util.Collection<java.util.List<?>>
[MASTER] 20:45:05.105 [logback-1] WARN  TestChromosome - Functional mock problem: org.evosuite.ga.ConstructionFailedException: Error: VariableReference: Statement 1, type java.util.LinkedList<java.util.List<java.security.cert.X509Certificate>> is not assignable to java.util.Collection<java.util.List<?>>
[MASTER] 20:45:05.166 [logback-1] WARN  TestChromosome - Functional mock problem: org.evosuite.ga.ConstructionFailedException: Error: VariableReference: Statement 2, type java.util.LinkedList<java.util.List<java.security.cert.X509Certificate>> is not assignable to java.util.Collection<java.util.List<?>>
[MASTER] 20:45:05.259 [logback-1] WARN  TestChromosome - Functional mock problem: org.evosuite.ga.ConstructionFailedException: Error: VariableReference: Statement 1, type java.util.Collection<java.util.List<java.security.cert.X509Certificate>> is not assignable to java.util.Collection<java.util.List<?>>
[MASTER] 20:45:05.282 [logback-1] WARN  TestChromosome - Functional mock problem: org.evosuite.ga.ConstructionFailedException: Error: VariableReference: Statement 4, type java.util.LinkedList<java.util.List<java.lang.String>> is not assignable to java.util.Collection<java.util.List<?>>
[MASTER] 20:45:05.305 [logback-1] WARN  TestChromosome - Functional mock problem: org.evosuite.ga.ConstructionFailedException: Error: VariableReference: Statement 1, type java.util.Collection<java.util.List<java.lang.String>> is not assignable to java.util.Collection<java.util.List<?>>
[MASTER] 20:45:05.353 [logback-1] WARN  TestChromosome - Functional mock problem: org.evosuite.ga.ConstructionFailedException: Error: VariableReference: Statement 0, type java.util.Collection<java.util.List<java.lang.Integer>> is not assignable to java.util.Collection<java.util.List<?>>
[MASTER] 20:45:05.435 [logback-1] WARN  TestChromosome - Functional mock problem: org.evosuite.ga.ConstructionFailedException: Error: VariableReference: Statement 3, type java.util.LinkedList<java.util.List<java.lang.Object>> is not assignable to java.util.Collection<java.util.List<?>>
[MASTER] 20:45:05.446 [logback-1] WARN  TestChromosome - Functional mock problem: org.evosuite.ga.ConstructionFailedException: Error: VariableReference: Statement 6, type java.util.LinkedList<java.util.List<java.lang.Object>> is not assignable to java.util.Collection<java.util.List<?>>
[MASTER] 20:45:05.484 [logback-1] WARN  TestChromosome - Functional mock problem: org.evosuite.ga.ConstructionFailedException: Error: VariableReference: Statement 5, type java.util.LinkedList<java.util.List<java.lang.Integer>> is not assignable to java.util.Collection<java.util.List<?>>
[MASTER] 20:45:05.485 [logback-1] WARN  TestChromosome - Functional mock problem: org.evosuite.ga.ConstructionFailedException: Error: VariableReference: Statement 0, type java.util.Collection<java.util.List<java.security.cert.X509Certificate>> is not assignable to java.util.Collection<java.util.List<?>>
[MASTER] 20:45:05.551 [logback-1] WARN  TestChromosome - Functional mock problem: org.evosuite.ga.ConstructionFailedException: Error: VariableReference: Statement 4, type java.util.LinkedList<java.util.List<java.lang.Object>> is not assignable to java.util.Collection<java.util.List<?>>
[MASTER] 20:45:05.560 [logback-1] WARN  TestChromosome - Functional mock problem: org.evosuite.ga.ConstructionFailedException: Error: VariableReference: Statement 14, type java.util.LinkedList<java.util.List<java.security.cert.X509Certificate>> is not assignable to java.util.Collection<java.util.List<?>>
[MASTER] 20:45:05.614 [logback-1] WARN  TestChromosome - Functional mock problem: org.evosuite.ga.ConstructionFailedException: Error: VariableReference: Statement 3, type java.util.LinkedList<java.util.List<java.lang.Integer>> is not assignable to java.util.Collection<java.util.List<?>>
[MASTER] 20:45:05.767 [logback-1] WARN  TestChromosome - Functional mock problem: org.evosuite.ga.ConstructionFailedException: Error: VariableReference: Statement 6, type java.util.Collection<java.util.List<java.lang.Integer>> is not assignable to java.util.Collection<java.util.List<?>>
[MASTER] 20:45:05.812 [logback-1] WARN  TestChromosome - Functional mock problem: org.evosuite.ga.ConstructionFailedException: Error: VariableReference: Statement 1, type java.util.LinkedList<java.util.List<java.lang.Integer>> is not assignable to java.util.Collection<java.util.List<?>>
[MASTER] 20:45:05.836 [logback-1] WARN  TestChromosome - Functional mock problem: org.evosuite.ga.ConstructionFailedException: Error: VariableReference: Statement 2, type java.util.LinkedList<java.util.List<java.lang.Object>> is not assignable to java.util.Collection<java.util.List<?>>
[MASTER] 20:45:05.849 [logback-1] WARN  TestChromosome - Functional mock problem: org.evosuite.ga.ConstructionFailedException: Error: VariableReference: Statement 1, type java.util.Collection<java.util.List<java.lang.Object>> is not assignable to java.util.Collection<java.util.List<?>>
[MASTER] 20:45:05.890 [logback-1] WARN  TestChromosome - Functional mock problem: org.evosuite.ga.ConstructionFailedException: Error: VariableReference: Statement 4, type java.util.LinkedList<java.util.List<java.lang.Integer>> is not assignable to java.util.Collection<java.util.List<?>>
[MASTER] 20:45:05.904 [logback-1] WARN  TestChromosome - Functional mock problem: org.evosuite.ga.ConstructionFailedException: Error: VariableReference: Statement 4, type java.util.LinkedList<java.util.List<java.security.cert.X509Certificate>> is not assignable to java.util.Collection<java.util.List<?>>
[MASTER] 20:45:05.987 [logback-1] WARN  TestChromosome - Functional mock problem: org.evosuite.ga.ConstructionFailedException: Error: VariableReference: Statement 5, type java.util.LinkedList<java.util.List<java.lang.Object>> is not assignable to java.util.Collection<java.util.List<?>>
[MASTER] 20:45:06.001 [logback-1] WARN  TestChromosome - Functional mock problem: org.evosuite.ga.ConstructionFailedException: Error: VariableReference: Statement 3, type java.util.LinkedList<java.util.List<java.lang.String>> is not assignable to java.util.Collection<java.util.List<?>>
[MASTER] 20:45:06.071 [logback-1] WARN  TestChromosome - Functional mock problem: org.evosuite.ga.ConstructionFailedException: Error: VariableReference: Statement 6, type java.util.LinkedList<java.util.List<java.lang.Integer>> is not assignable to java.util.Collection<java.util.List<?>>
[MASTER] 20:45:06.194 [logback-1] WARN  TestChromosome - Functional mock problem: org.evosuite.ga.ConstructionFailedException: Error: VariableReference: Statement 6, type java.util.LinkedList<java.util.List<java.security.cert.X509Certificate>> is not assignable to java.util.Collection<java.util.List<?>>
[MASTER] 20:45:06.229 [logback-1] WARN  TestChromosome - Functional mock problem: org.evosuite.ga.ConstructionFailedException: Error: VariableReference: Statement 5, type java.util.LinkedList<java.util.List<java.security.cert.X509Certificate>> is not assignable to java.util.Collection<java.util.List<?>>
[MASTER] 20:45:06.343 [logback-1] WARN  TestChromosome - Functional mock problem: org.evosuite.ga.ConstructionFailedException: Error: VariableReference: Statement 5, type java.util.Collection<java.util.List<java.lang.Object>> is not assignable to java.util.Collection<java.util.List<?>>
[MASTER] 20:45:06.350 [logback-1] WARN  TestChromosome - Functional mock problem: org.evosuite.ga.ConstructionFailedException: Error: VariableReference: Statement 5, type java.util.LinkedList<java.util.List<java.lang.String>> is not assignable to java.util.Collection<java.util.List<?>>
[MASTER] 20:45:06.441 [logback-1] WARN  TestChromosome - Functional mock problem: org.evosuite.ga.ConstructionFailedException: Error: VariableReference: Statement 10, type java.util.LinkedList<java.util.List<java.lang.Integer>> is not assignable to java.util.Collection<java.util.List<?>>
[MASTER] 20:45:06.628 [logback-1] WARN  TestChromosome - Functional mock problem: org.evosuite.ga.ConstructionFailedException: Error: VariableReference: Statement 10, type java.util.LinkedList<java.util.List<java.lang.String>> is not assignable to java.util.Collection<java.util.List<?>>
[MASTER] 20:45:06.737 [logback-1] WARN  TestChromosome - Functional mock problem: org.evosuite.ga.ConstructionFailedException: Error: VariableReference: Statement 10, type java.util.Collection<java.util.List<java.lang.Object>> is not assignable to java.util.Collection<java.util.List<?>>
[MASTER] 20:45:07.119 [logback-1] WARN  TestChromosome - Functional mock problem: org.evosuite.ga.ConstructionFailedException: Error: VariableReference: Statement 5, type java.util.Collection<java.util.List<java.lang.Integer>> is not assignable to java.util.Collection<java.util.List<?>>
[MASTER] 20:45:07.354 [logback-1] WARN  TestChromosome - Functional mock problem: org.evosuite.ga.ConstructionFailedException: Error: VariableReference: Statement 1, type java.util.Collection<java.util.List<java.lang.Integer>> is not assignable to java.util.Collection<java.util.List<?>>
[MASTER] 20:45:07.653 [logback-1] WARN  TestChromosome - Functional mock problem: org.evosuite.ga.ConstructionFailedException: Error: VariableReference: Statement 5, type java.util.Collection<java.util.List<java.security.cert.X509Certificate>> is not assignable to java.util.Collection<java.util.List<?>>
[MASTER] 20:45:08.443 [logback-1] WARN  TestChromosome - Functional mock problem: org.evosuite.ga.ConstructionFailedException: Error: VariableReference: Statement 8, type java.util.LinkedList<java.util.List<java.security.cert.X509Certificate>> is not assignable to java.util.Collection<java.util.List<?>>
[MASTER] 20:45:09.512 [logback-1] WARN  TestChromosome - Functional mock problem: org.evosuite.ga.ConstructionFailedException: Error: VariableReference: Statement 3, type java.util.Collection<java.util.List<java.lang.String>> is not assignable to java.util.Collection<java.util.List<?>>
[MASTER] 20:45:09.583 [logback-1] WARN  TestChromosome - Functional mock problem: org.evosuite.ga.ConstructionFailedException: Failed to add constructor for java.util.LinkedList due to org.evosuite.ga.ConstructionFailedException: Error: VariableReference: Statement 4, type java.util.LinkedList<java.util.List<java.lang.String>> is not assignable to java.util.Collection<? extends java.util.List<java.lang.Object>>
[MASTER] 20:45:09.688 [logback-1] WARN  TestChromosome - Functional mock problem: org.evosuite.ga.ConstructionFailedException: Error: VariableReference: Statement 4, type java.util.Collection<java.util.List<java.lang.Integer>> is not assignable to java.util.Collection<java.util.List<?>>
[MASTER] 20:45:09.735 [logback-1] WARN  TestChromosome - Functional mock problem: org.evosuite.ga.ConstructionFailedException: Error: VariableReference: Statement 4, type java.util.Collection<java.util.List<java.security.cert.X509Certificate>> is not assignable to java.util.Collection<java.util.List<?>>
[MASTER] 20:45:09.840 [logback-1] WARN  TestChromosome - Functional mock problem: org.evosuite.ga.ConstructionFailedException: Error: VariableReference: Statement 4, type java.util.Collection<java.util.List<java.lang.Object>> is not assignable to java.util.Collection<java.util.List<?>>
[MASTER] 20:45:09.857 [logback-1] WARN  TestChromosome - Functional mock problem: org.evosuite.ga.ConstructionFailedException: Failed to add constructor for java.util.LinkedList due to org.evosuite.ga.ConstructionFailedException: Error: VariableReference: Statement 3, type java.util.LinkedList<java.util.List<java.lang.Object>> is not assignable to java.util.Collection<? extends java.util.List<java.lang.String>>
[MASTER] 20:45:09.992 [logback-1] WARN  TestChromosome - Functional mock problem: org.evosuite.ga.ConstructionFailedException: Error: VariableReference: Statement 3, type java.util.LinkedList<java.util.List<java.security.cert.X509Certificate>> is not assignable to java.util.Collection<java.util.List<?>>
[MASTER] 20:45:10.071 [logback-1] WARN  TestChromosome - Functional mock problem: org.evosuite.ga.ConstructionFailedException: Error: VariableReference: Statement 3, type java.util.Collection<java.util.List<java.lang.Integer>> is not assignable to java.util.Collection<java.util.List<?>>
[MASTER] 20:45:10.077 [logback-1] WARN  TestChromosome - Functional mock problem: org.evosuite.ga.ConstructionFailedException: Error: VariableReference: Statement 3, type java.util.Collection<java.util.List<java.security.cert.X509Certificate>> is not assignable to java.util.Collection<java.util.List<?>>
[MASTER] 20:45:10.184 [logback-1] WARN  TestChromosome - Functional mock problem: org.evosuite.ga.ConstructionFailedException: Error: VariableReference: Statement 3, type java.util.Collection<java.util.List<java.lang.Object>> is not assignable to java.util.Collection<java.util.List<?>>
[MASTER] 20:45:10.317 [logback-1] WARN  TestChromosome - Functional mock problem: org.evosuite.ga.ConstructionFailedException: Failed to add constructor for java.util.LinkedList due to org.evosuite.ga.ConstructionFailedException: Error: VariableReference: Statement 3, type java.util.Collection<java.util.List<java.lang.String>> is not assignable to java.util.Collection<? extends java.util.List<java.lang.Object>>
[MASTER] 20:45:10.382 [logback-1] WARN  TestChromosome - Functional mock problem: org.evosuite.ga.ConstructionFailedException: Failed to add constructor for java.util.LinkedList due to org.evosuite.ga.ConstructionFailedException: Error: VariableReference: Statement 3, type java.util.LinkedList<java.util.List<java.security.cert.X509Certificate>> is not assignable to java.util.Collection<? extends java.util.List<java.lang.Integer>>
[MASTER] 20:45:11.079 [logback-1] WARN  TestChromosome - Functional mock problem: org.evosuite.ga.ConstructionFailedException: Failed to add constructor for java.util.LinkedList due to org.evosuite.ga.ConstructionFailedException: Error: VariableReference: Statement 3, type java.util.LinkedList<java.util.List<java.lang.Integer>> is not assignable to java.util.Collection<? extends java.util.List<java.lang.Object>>
[MASTER] 20:45:11.504 [logback-1] WARN  TestChromosome - Functional mock problem: org.evosuite.ga.ConstructionFailedException: Failed to add constructor for java.util.LinkedList due to org.evosuite.ga.ConstructionFailedException: Error: VariableReference: Statement 3, type java.util.LinkedList<java.util.List<java.security.cert.X509Certificate>> is not assignable to java.util.Collection<? extends java.util.List<java.lang.Object>>
[MASTER] 20:45:11.972 [logback-1] WARN  TestChromosome - Functional mock problem: org.evosuite.ga.ConstructionFailedException: Error: VariableReference: Statement 8, type java.util.LinkedList<java.util.List<java.lang.Object>> is not assignable to java.util.Collection<java.util.List<?>>
[MASTER] 20:45:12.776 [logback-1] WARN  TestChromosome - Functional mock problem: org.evosuite.ga.ConstructionFailedException: Failed to add constructor for java.util.LinkedList due to org.evosuite.ga.ConstructionFailedException: Error: VariableReference: Statement 3, type java.util.LinkedList<java.util.List<java.lang.Object>> is not assignable to java.util.Collection<? extends java.util.List<java.security.cert.X509Certificate>>
[MASTER] 20:45:13.365 [logback-1] WARN  TestChromosome - Functional mock problem: org.evosuite.ga.ConstructionFailedException: Failed to add constructor for java.util.LinkedList due to org.evosuite.ga.ConstructionFailedException: Error: VariableReference: Statement 3, type java.util.Collection<java.util.List<java.security.cert.X509Certificate>> is not assignable to java.util.Collection<? extends java.util.List<java.lang.String>>
[MASTER] 20:45:14.252 [logback-1] WARN  TestChromosome - Functional mock problem: org.evosuite.ga.ConstructionFailedException: Failed to add constructor for java.util.LinkedList due to org.evosuite.ga.ConstructionFailedException: Error: VariableReference: Statement 3, type java.util.LinkedList<java.util.List<java.security.cert.X509Certificate>> is not assignable to java.util.Collection<? extends java.util.List<java.lang.String>>
[MASTER] 20:45:14.864 [logback-1] WARN  TestChromosome - Functional mock problem: org.evosuite.ga.ConstructionFailedException: Error: VariableReference: Statement 2, type java.util.LinkedList<java.util.List<java.lang.String>> is not assignable to java.util.Collection<java.util.List<?>>
[MASTER] 20:45:15.102 [logback-1] WARN  TestChromosome - Functional mock problem: org.evosuite.ga.ConstructionFailedException: Error: VariableReference: Statement 2, type java.util.Collection<java.util.List<java.lang.Integer>> is not assignable to java.util.Collection<java.util.List<?>>
[MASTER] 20:45:15.701 [logback-1] WARN  TestChromosome - Functional mock problem: org.evosuite.ga.ConstructionFailedException: Failed to add constructor for java.util.LinkedList due to org.evosuite.ga.ConstructionFailedException: Error: VariableReference: Statement 3, type java.util.Collection<java.util.List<java.lang.Object>> is not assignable to java.util.Collection<? extends java.util.List<java.lang.String>>
[MASTER] 20:45:15.753 [logback-1] WARN  TestChromosome - Functional mock problem: org.evosuite.ga.ConstructionFailedException: Failed to add constructor for java.util.LinkedList due to org.evosuite.ga.ConstructionFailedException: Error: VariableReference: Statement 3, type java.util.LinkedList<java.util.List<java.lang.Object>> is not assignable to java.util.Collection<? extends java.util.List<java.lang.Integer>>
[MASTER] 20:45:16.833 [logback-1] WARN  TestChromosome - Functional mock problem: org.evosuite.ga.ConstructionFailedException: Failed to add constructor for java.util.LinkedList due to org.evosuite.ga.ConstructionFailedException: Error: VariableReference: Statement 3, type java.util.Collection<java.util.List<java.security.cert.X509Certificate>> is not assignable to java.util.Collection<? extends java.util.List<java.lang.Integer>>
[MASTER] 20:45:17.751 [logback-1] WARN  TestChromosome - Functional mock problem: org.evosuite.ga.ConstructionFailedException: Error: VariableReference: Statement 7, type java.util.LinkedList<java.util.List<java.lang.String>> is not assignable to java.util.Collection<java.util.List<?>>
[MASTER] 20:45:18.222 [logback-1] WARN  TestChromosome - Functional mock problem: org.evosuite.ga.ConstructionFailedException: Failed to add constructor for java.util.LinkedList due to org.evosuite.ga.ConstructionFailedException: Error: VariableReference: Statement 3, type java.util.LinkedList<java.util.List<java.lang.String>> is not assignable to java.util.Collection<? extends java.util.List<java.lang.Integer>>
[MASTER] 20:45:18.519 [logback-1] WARN  TestChromosome - Functional mock problem: org.evosuite.ga.ConstructionFailedException: Failed to add constructor for java.util.LinkedList due to org.evosuite.ga.ConstructionFailedException: Error: VariableReference: Statement 3, type java.util.LinkedList<java.util.List<java.lang.Integer>> is not assignable to java.util.Collection<? extends java.util.List<java.lang.String>>
[MASTER] 20:45:20.963 [logback-1] WARN  TestChromosome - Functional mock problem: org.evosuite.ga.ConstructionFailedException: Error: VariableReference: Statement 7, type java.util.LinkedList<java.util.List<java.lang.Object>> is not assignable to java.util.Collection<java.util.List<?>>
[MASTER] 20:45:21.728 [logback-1] WARN  TestChromosome - Functional mock problem: org.evosuite.ga.ConstructionFailedException: Failed to add constructor for java.util.LinkedList due to org.evosuite.ga.ConstructionFailedException: Error: VariableReference: Statement 0, type java.util.Collection<java.util.List<java.lang.Object>> is not assignable to java.util.Collection<? extends java.util.List<java.lang.String>>
[MASTER] 20:45:21.909 [logback-1] WARN  TestChromosome - Functional mock problem: org.evosuite.ga.ConstructionFailedException: Failed to add constructor for java.util.LinkedList due to org.evosuite.ga.ConstructionFailedException: Error: VariableReference: Statement 1, type java.util.LinkedList<java.util.List<java.lang.String>> is not assignable to java.util.Collection<? extends java.util.List<java.security.cert.X509Certificate>>
[MASTER] 20:45:22.159 [logback-1] WARN  TestChromosome - Functional mock problem: org.evosuite.ga.ConstructionFailedException: Failed to add constructor for java.util.LinkedList due to org.evosuite.ga.ConstructionFailedException: Error: VariableReference: Statement 1, type java.util.LinkedList<java.util.List<java.lang.Integer>> is not assignable to java.util.Collection<? extends java.util.List<java.lang.Object>>
[MASTER] 20:45:22.168 [logback-1] WARN  TestChromosome - Functional mock problem: org.evosuite.ga.ConstructionFailedException: Error: VariableReference: Statement 8, type java.util.LinkedList<java.util.List<java.lang.String>> is not assignable to java.util.Collection<java.util.List<?>>
[MASTER] 20:45:22.319 [logback-1] WARN  TestChromosome - Functional mock problem: org.evosuite.ga.ConstructionFailedException: Error: VariableReference: Statement 2, type java.util.Collection<java.util.List<java.lang.Object>> is not assignable to java.util.Collection<java.util.List<?>>
[MASTER] 20:45:22.363 [logback-1] WARN  TestChromosome - Functional mock problem: org.evosuite.ga.ConstructionFailedException: Error: VariableReference: Statement 8, type java.util.LinkedList<java.util.List<java.lang.Integer>> is not assignable to java.util.Collection<java.util.List<?>>
[MASTER] 20:45:22.436 [logback-1] WARN  TestChromosome - Functional mock problem: org.evosuite.ga.ConstructionFailedException: Error: VariableReference: Statement 9, type java.util.LinkedList<java.util.List<java.security.cert.X509Certificate>> is not assignable to java.util.Collection<java.util.List<?>>
[MASTER] 20:45:22.457 [logback-1] WARN  TestChromosome - Functional mock problem: org.evosuite.ga.ConstructionFailedException: Error: VariableReference: Statement 8, type java.util.Collection<java.util.List<java.lang.String>> is not assignable to java.util.Collection<java.util.List<?>>
[MASTER] 20:45:22.755 [logback-1] WARN  TestChromosome - Functional mock problem: org.evosuite.ga.ConstructionFailedException: Error: VariableReference: Statement 8, type java.util.Collection<java.util.List<java.lang.Integer>> is not assignable to java.util.Collection<java.util.List<?>>
[MASTER] 20:45:22.919 [logback-1] WARN  TestChromosome - Functional mock problem: org.evosuite.ga.ConstructionFailedException: Error: VariableReference: Statement 8, type java.util.Collection<java.util.List<java.lang.Object>> is not assignable to java.util.Collection<java.util.List<?>>
[MASTER] 20:45:22.959 [logback-1] WARN  TestChromosome - Functional mock problem: org.evosuite.ga.ConstructionFailedException: Error: VariableReference: Statement 11, type java.util.LinkedList<java.util.List<java.lang.Object>> is not assignable to java.util.Collection<java.util.List<?>>
[MASTER] 20:45:22.982 [logback-1] WARN  TestChromosome - Functional mock problem: org.evosuite.ga.ConstructionFailedException: Error: VariableReference: Statement 9, type java.util.LinkedList<java.util.List<java.lang.Integer>> is not assignable to java.util.Collection<java.util.List<?>>
[MASTER] 20:45:22.992 [logback-1] WARN  TestChromosome - Functional mock problem: org.evosuite.ga.ConstructionFailedException: Error: VariableReference: Statement 9, type java.util.LinkedList<java.util.List<java.lang.Object>> is not assignable to java.util.Collection<java.util.List<?>>
[MASTER] 20:45:23.024 [logback-1] WARN  TestChromosome - Functional mock problem: org.evosuite.ga.ConstructionFailedException: Error: VariableReference: Statement 11, type java.util.LinkedList<java.util.List<java.lang.Integer>> is not assignable to java.util.Collection<java.util.List<?>>
[MASTER] 20:45:23.081 [logback-1] WARN  TestChromosome - Functional mock problem: org.evosuite.ga.ConstructionFailedException: Error: VariableReference: Statement 9, type java.util.LinkedList<java.util.List<java.lang.String>> is not assignable to java.util.Collection<java.util.List<?>>
[MASTER] 20:45:23.125 [logback-1] WARN  TestChromosome - Functional mock problem: org.evosuite.ga.ConstructionFailedException: Failed to add constructor for java.util.LinkedList due to org.evosuite.ga.ConstructionFailedException: Error: VariableReference: Statement 8, type java.util.LinkedList<java.util.List<java.lang.Object>> is not assignable to java.util.Collection<? extends java.util.List<java.security.cert.X509Certificate>>
[MASTER] 20:45:23.201 [logback-1] WARN  TestChromosome - Functional mock problem: org.evosuite.ga.ConstructionFailedException: Error: VariableReference: Statement 8, type java.util.Collection<java.util.List<java.security.cert.X509Certificate>> is not assignable to java.util.Collection<java.util.List<?>>
[MASTER] 20:45:23.231 [logback-1] WARN  TestChromosome - Functional mock problem: org.evosuite.ga.ConstructionFailedException: Error: VariableReference: Statement 10, type java.util.LinkedList<java.util.List<java.lang.Object>> is not assignable to java.util.Collection<java.util.List<?>>
[MASTER] 20:45:23.465 [logback-1] WARN  TestChromosome - Functional mock problem: org.evosuite.ga.ConstructionFailedException: Error: VariableReference: Statement 24, type java.util.LinkedList<java.util.List<java.lang.Integer>> is not assignable to java.util.Collection<java.util.List<?>>
[MASTER] 20:45:23.510 [logback-1] WARN  TestChromosome - Functional mock problem: org.evosuite.ga.ConstructionFailedException: Error: VariableReference: Statement 9, type java.util.Collection<java.util.List<java.lang.String>> is not assignable to java.util.Collection<java.util.List<?>>
[MASTER] 20:45:23.666 [logback-1] WARN  TestChromosome - Functional mock problem: org.evosuite.ga.ConstructionFailedException: Error: VariableReference: Statement 9, type java.util.Collection<java.util.List<java.lang.Integer>> is not assignable to java.util.Collection<java.util.List<?>>
[MASTER] 20:45:23.760 [logback-1] WARN  TestChromosome - Functional mock problem: org.evosuite.ga.ConstructionFailedException: Error: VariableReference: Statement 10, type java.util.Collection<java.util.List<java.lang.Integer>> is not assignable to java.util.Collection<java.util.List<?>>
[MASTER] 20:45:23.807 [logback-1] WARN  TestChromosome - Functional mock problem: org.evosuite.ga.ConstructionFailedException: Error: VariableReference: Statement 9, type java.util.Collection<java.util.List<java.lang.Object>> is not assignable to java.util.Collection<java.util.List<?>>
[MASTER] 20:45:23.834 [logback-1] WARN  TestChromosome - Functional mock problem: org.evosuite.ga.ConstructionFailedException: Error: VariableReference: Statement 10, type java.util.LinkedList<java.util.List<java.security.cert.X509Certificate>> is not assignable to java.util.Collection<java.util.List<?>>
[MASTER] 20:45:23.837 [logback-1] WARN  TestChromosome - Functional mock problem: org.evosuite.ga.ConstructionFailedException: Failed to add constructor for java.util.LinkedList due to org.evosuite.ga.ConstructionFailedException: Error: VariableReference: Statement 9, type java.util.LinkedList<java.util.List<java.lang.Integer>> is not assignable to java.util.Collection<? extends java.util.List<java.security.cert.X509Certificate>>
[MASTER] 20:45:23.868 [logback-1] WARN  TestChromosome - Functional mock problem: org.evosuite.ga.ConstructionFailedException: Failed to add constructor for java.util.LinkedList due to org.evosuite.ga.ConstructionFailedException: Error: VariableReference: Statement 9, type java.util.LinkedList<java.util.List<java.security.cert.X509Certificate>> is not assignable to java.util.Collection<? extends java.util.List<java.lang.String>>
[MASTER] 20:45:24.018 [logback-1] WARN  TestChromosome - Functional mock problem: org.evosuite.ga.ConstructionFailedException: Error: VariableReference: Statement 10, type java.util.Collection<java.util.List<java.security.cert.X509Certificate>> is not assignable to java.util.Collection<java.util.List<?>>
[MASTER] 20:45:24.190 [logback-1] WARN  TestChromosome - Functional mock problem: org.evosuite.ga.ConstructionFailedException: Error: VariableReference: Statement 10, type java.util.Collection<java.util.List<java.lang.String>> is not assignable to java.util.Collection<java.util.List<?>>
[MASTER] 20:45:24.243 [logback-1] WARN  TestChromosome - Functional mock problem: org.evosuite.ga.ConstructionFailedException: Failed to add constructor for java.util.LinkedList due to org.evosuite.ga.ConstructionFailedException: Error: VariableReference: Statement 10, type java.util.LinkedList<java.util.List<java.lang.Object>> is not assignable to java.util.Collection<? extends java.util.List<java.security.cert.X509Certificate>>
[MASTER] 20:45:24.599 [logback-1] WARN  TestChromosome - Functional mock problem: org.evosuite.ga.ConstructionFailedException: Error: VariableReference: Statement 12, type java.util.LinkedList<java.util.List<java.lang.Object>> is not assignable to java.util.Collection<java.util.List<?>>
[MASTER] 20:45:26.774 [logback-1] WARN  TestChromosome - Functional mock problem: org.evosuite.ga.ConstructionFailedException: Failed to add constructor for java.util.LinkedList due to org.evosuite.ga.ConstructionFailedException: Error: VariableReference: Statement 10, type java.util.LinkedList<java.util.List<java.lang.Integer>> is not assignable to java.util.Collection<? extends java.util.List<java.lang.Object>>
[MASTER] 20:45:26.938 [logback-1] WARN  TestChromosome - Functional mock problem: org.evosuite.ga.ConstructionFailedException: Failed to add constructor for java.util.LinkedList due to org.evosuite.ga.ConstructionFailedException: Error: VariableReference: Statement 10, type java.util.Collection<java.util.List<java.lang.String>> is not assignable to java.util.Collection<? extends java.util.List<java.lang.Object>>
[MASTER] 20:45:27.267 [logback-1] WARN  TestChromosome - Functional mock problem: org.evosuite.ga.ConstructionFailedException: Error: VariableReference: Statement 4, type java.util.Collection<java.util.List<java.lang.String>> is not assignable to java.util.Collection<java.util.List<?>>
[MASTER] 20:45:28.905 [logback-1] WARN  TestChromosome - Functional mock problem: org.evosuite.ga.ConstructionFailedException: Failed to add constructor for java.util.LinkedList due to org.evosuite.ga.ConstructionFailedException: Error: VariableReference: Statement 10, type java.util.LinkedList<java.util.List<java.lang.Integer>> is not assignable to java.util.Collection<? extends java.util.List<java.security.cert.X509Certificate>>
[MASTER] 20:45:30.816 [logback-1] WARN  TestChromosome - Functional mock problem: org.evosuite.ga.ConstructionFailedException: Failed to add constructor for java.util.LinkedList due to org.evosuite.ga.ConstructionFailedException: Error: VariableReference: Statement 10, type java.util.LinkedList<java.util.List<java.lang.String>> is not assignable to java.util.Collection<? extends java.util.List<java.lang.Object>>
[MASTER] 20:45:37.412 [logback-1] WARN  TestChromosome - Functional mock problem: org.evosuite.ga.ConstructionFailedException: Error: VariableReference: Statement 7, type java.util.Collection<java.util.List<java.lang.Object>> is not assignable to java.util.Collection<java.util.List<?>>
[MASTER] 20:45:37.430 [logback-1] WARN  TestChromosome - Functional mock problem: org.evosuite.ga.ConstructionFailedException: Failed to add constructor for java.util.LinkedList due to org.evosuite.ga.ConstructionFailedException: Error: VariableReference: Statement 10, type java.util.LinkedList<java.util.List<java.security.cert.X509Certificate>> is not assignable to java.util.Collection<? extends java.util.List<java.lang.Object>>
[MASTER] 20:45:38.599 [logback-1] WARN  TestChromosome - Functional mock problem: org.evosuite.ga.ConstructionFailedException: Failed to add constructor for java.util.LinkedList due to org.evosuite.ga.ConstructionFailedException: Error: VariableReference: Statement 10, type java.util.Collection<java.util.List<java.security.cert.X509Certificate>> is not assignable to java.util.Collection<? extends java.util.List<java.lang.String>>
[MASTER] 20:45:40.264 [logback-1] WARN  TestChromosome - Functional mock problem: org.evosuite.ga.ConstructionFailedException: Error: VariableReference: Statement 11, type java.util.Collection<java.util.List<java.lang.Object>> is not assignable to java.util.Collection<java.util.List<?>>
[MASTER] 20:45:41.682 [logback-2] ERROR TestCluster - Failed to check cache for java.util.List<E> : Type points to itself
[MASTER] 20:45:44.480 [logback-1] WARN  TestChromosome - Functional mock problem: org.evosuite.ga.ConstructionFailedException: Failed to add constructor for java.util.LinkedList due to org.evosuite.ga.ConstructionFailedException: Error: VariableReference: Statement 10, type java.util.Collection<java.util.List<java.lang.Object>> is not assignable to java.util.Collection<? extends java.util.List<java.security.cert.X509Certificate>>
[MASTER] 20:45:44.828 [logback-1] WARN  TestChromosome - Functional mock problem: org.evosuite.ga.ConstructionFailedException: Error: VariableReference: Statement 14, type java.util.Collection<java.util.List<java.lang.Object>> is not assignable to java.util.Collection<java.util.List<?>>
[MASTER] 20:45:47.022 [logback-1] WARN  TestChromosome - Functional mock problem: org.evosuite.ga.ConstructionFailedException: Failed to add constructor for java.util.LinkedList due to org.evosuite.ga.ConstructionFailedException: Error: VariableReference: Statement 0, type java.util.Collection<java.util.List<java.security.cert.X509Certificate>> is not assignable to java.util.Collection<? extends java.util.List<java.lang.Integer>>
[MASTER] 20:45:47.179 [logback-1] WARN  TestChromosome - Functional mock problem: org.evosuite.ga.ConstructionFailedException: Failed to add constructor for java.util.LinkedList due to org.evosuite.ga.ConstructionFailedException: Error: VariableReference: Statement 0, type java.util.Collection<java.util.List<java.lang.String>> is not assignable to java.util.Collection<? extends java.util.List<java.security.cert.X509Certificate>>
[MASTER] 20:45:48.868 [logback-1] WARN  TestChromosome - Functional mock problem: org.evosuite.ga.ConstructionFailedException: Failed to add constructor for java.util.LinkedList due to org.evosuite.ga.ConstructionFailedException: Error: VariableReference: Statement 0, type java.util.Collection<java.util.List<java.lang.Integer>> is not assignable to java.util.Collection<? extends java.util.List<java.lang.String>>
[MASTER] 20:45:48.913 [logback-1] WARN  TestChromosome - Functional mock problem: org.evosuite.ga.ConstructionFailedException: Error: VariableReference: Statement 2, type java.util.Collection<java.util.List<java.lang.String>> is not assignable to java.util.Collection<java.util.List<?>>
[MASTER] 20:45:50.495 [logback-1] WARN  TestChromosome - Functional mock problem: org.evosuite.ga.ConstructionFailedException: Failed to add constructor for java.util.LinkedList due to org.evosuite.ga.ConstructionFailedException: Error: VariableReference: Statement 0, type java.util.Collection<java.util.List<java.security.cert.X509Certificate>> is not assignable to java.util.Collection<? extends java.util.List<java.lang.Object>>
[MASTER] 20:45:50.739 [logback-1] WARN  TestChromosome - Functional mock problem: org.evosuite.ga.ConstructionFailedException: Failed to add constructor for java.util.LinkedList due to org.evosuite.ga.ConstructionFailedException: Error: VariableReference: Statement 0, type java.util.Collection<java.util.List<java.security.cert.X509Certificate>> is not assignable to java.util.Collection<? extends java.util.List<java.lang.String>>
[MASTER] 20:45:52.879 [logback-1] WARN  TestChromosome - Functional mock problem: org.evosuite.ga.ConstructionFailedException: Error: VariableReference: Statement 11, type java.util.LinkedList<java.util.List<java.lang.String>> is not assignable to java.util.Collection<java.util.List<?>>
[MASTER] 20:45:56.264 [logback-1] WARN  TestChromosome - Functional mock problem: org.evosuite.ga.ConstructionFailedException: Failed to add constructor for java.util.LinkedList due to org.evosuite.ga.ConstructionFailedException: Error: VariableReference: Statement 0, type java.util.Collection<java.util.List<java.lang.Object>> is not assignable to java.util.Collection<? extends java.util.List<java.security.cert.X509Certificate>>
[MASTER] 20:45:57.182 [logback-1] WARN  TestChromosome - Functional mock problem: org.evosuite.ga.ConstructionFailedException: Failed to add constructor for java.util.LinkedList due to org.evosuite.ga.ConstructionFailedException: Error: VariableReference: Statement 0, type java.util.Collection<java.util.List<java.lang.Object>> is not assignable to java.util.Collection<? extends java.util.List<java.lang.Integer>>
[MASTER] 20:45:57.745 [logback-1] WARN  TestChromosome - Functional mock problem: org.evosuite.ga.ConstructionFailedException: Error: VariableReference: Statement 6, type java.util.Collection<java.util.List<java.lang.Object>> is not assignable to java.util.Collection<java.util.List<?>>
[MASTER] 20:45:59.209 [logback-1] WARN  TestChromosome - Functional mock problem: org.evosuite.ga.ConstructionFailedException: Error: VariableReference: Statement 25, type java.util.Collection<java.util.List<java.lang.Integer>> is not assignable to java.util.Collection<java.util.List<?>>
[MASTER] 20:45:59.254 [logback-1] WARN  TestChromosome - Functional mock problem: org.evosuite.ga.ConstructionFailedException: Error: VariableReference: Statement 5, type java.util.Collection<java.util.List<java.lang.String>> is not assignable to java.util.Collection<java.util.List<?>>
[MASTER] 20:45:59.423 [logback-1] WARN  TestChromosome - Functional mock problem: org.evosuite.ga.ConstructionFailedException: Error: VariableReference: Statement 14, type java.util.Collection<java.util.List<java.lang.Integer>> is not assignable to java.util.Collection<java.util.List<?>>
[MASTER] 20:46:00.304 [logback-1] WARN  TestChromosome - Functional mock problem: org.evosuite.ga.ConstructionFailedException: Error: VariableReference: Statement 6, type java.util.Collection<java.util.List<java.lang.String>> is not assignable to java.util.Collection<java.util.List<?>>
[MASTER] 20:46:00.376 [logback-1] WARN  TestChromosome - Functional mock problem: org.evosuite.ga.ConstructionFailedException: Failed to add constructor for java.util.LinkedList due to org.evosuite.ga.ConstructionFailedException: Error: VariableReference: Statement 4, type java.util.Collection<java.util.List<java.lang.Object>> is not assignable to java.util.Collection<? extends java.util.List<java.lang.Integer>>
[MASTER] 20:46:00.783 [logback-1] WARN  TestChromosome - Functional mock problem: org.evosuite.ga.ConstructionFailedException: Error: VariableReference: Statement 7, type java.util.Collection<java.util.List<java.lang.Integer>> is not assignable to java.util.Collection<java.util.List<?>>
[MASTER] 20:46:01.281 [logback-1] WARN  TestChromosome - Functional mock problem: org.evosuite.ga.ConstructionFailedException: Error: VariableReference: Statement 7, type java.util.Collection<java.util.List<java.lang.String>> is not assignable to java.util.Collection<java.util.List<?>>
[MASTER] 20:46:01.368 [logback-1] WARN  TestChromosome - Functional mock problem: org.evosuite.ga.ConstructionFailedException: Error: VariableReference: Statement 7, type java.util.LinkedList<java.util.List<java.lang.Integer>> is not assignable to java.util.Collection<java.util.List<?>>
[MASTER] 20:46:01.377 [logback-1] WARN  TestChromosome - Functional mock problem: org.evosuite.ga.ConstructionFailedException: Error: VariableReference: Statement 2, type java.util.Collection<java.util.List<java.security.cert.X509Certificate>> is not assignable to java.util.Collection<java.util.List<?>>
[MASTER] 20:46:01.850 [logback-1] WARN  TestChromosome - Functional mock problem: org.evosuite.ga.ConstructionFailedException: Error: VariableReference: Statement 7, type java.util.Collection<java.util.List<java.security.cert.X509Certificate>> is not assignable to java.util.Collection<java.util.List<?>>
[MASTER] 20:46:02.704 [logback-1] WARN  TestChromosome - Functional mock problem: org.evosuite.ga.ConstructionFailedException: Error: VariableReference: Statement 7, type java.util.LinkedList<java.util.List<java.security.cert.X509Certificate>> is not assignable to java.util.Collection<java.util.List<?>>
[MASTER] 20:46:04.010 [logback-1] WARN  TestChromosome - Functional mock problem: org.evosuite.ga.ConstructionFailedException: Failed to add constructor for java.util.LinkedList due to org.evosuite.ga.ConstructionFailedException: Error: VariableReference: Statement 7, type java.util.Collection<java.util.List<java.security.cert.X509Certificate>> is not assignable to java.util.Collection<? extends java.util.List<java.lang.Object>>
[MASTER] 20:46:04.152 [logback-1] WARN  TestChromosome - Functional mock problem: org.evosuite.ga.ConstructionFailedException: Error: VariableReference: Statement 17, type java.util.Collection<java.util.List<java.lang.Integer>> is not assignable to java.util.Collection<java.util.List<?>>
[MASTER] 20:46:05.145 [logback-1] WARN  TestChromosome - Functional mock problem: org.evosuite.ga.ConstructionFailedException: Error: VariableReference: Statement 12, type java.util.Collection<java.util.List<java.lang.Object>> is not assignable to java.util.Collection<java.util.List<?>>
[MASTER] 20:46:05.371 [logback-1] WARN  TestChromosome - Functional mock problem: org.evosuite.ga.ConstructionFailedException: Error: VariableReference: Statement 21, type java.util.Collection<java.util.List<java.lang.Object>> is not assignable to java.util.Collection<java.util.List<?>>
[MASTER] 20:46:05.828 [logback-1] WARN  TestChromosome - Functional mock problem: org.evosuite.ga.ConstructionFailedException: Error: VariableReference: Statement 15, type java.util.Collection<java.util.List<java.lang.String>> is not assignable to java.util.Collection<java.util.List<?>>
[MASTER] 20:46:06.993 [logback-1] WARN  TestChromosome - Functional mock problem: org.evosuite.ga.ConstructionFailedException: Error: VariableReference: Statement 21, type java.util.Collection<java.util.List<java.security.cert.X509Certificate>> is not assignable to java.util.Collection<java.util.List<?>>
[MASTER] 20:46:08.522 [logback-1] WARN  TestChromosome - Functional mock problem: org.evosuite.ga.ConstructionFailedException: Error: VariableReference: Statement 9, type java.util.Collection<java.util.List<java.security.cert.X509Certificate>> is not assignable to java.util.Collection<java.util.List<?>>
[MASTER] 20:46:09.553 [logback-1] WARN  TestChromosome - Functional mock problem: org.evosuite.ga.ConstructionFailedException: Error: VariableReference: Statement 11, type java.util.Collection<java.util.List<java.lang.String>> is not assignable to java.util.Collection<java.util.List<?>>
[MASTER] 20:46:09.642 [logback-1] WARN  TestChromosome - Functional mock problem: org.evosuite.ga.ConstructionFailedException: Error: VariableReference: Statement 15, type java.util.Collection<java.util.List<java.lang.Integer>> is not assignable to java.util.Collection<java.util.List<?>>
[MASTER] 20:46:09.963 [logback-1] WARN  TestChromosome - Functional mock problem: org.evosuite.ga.ConstructionFailedException: Error: VariableReference: Statement 15, type java.util.Collection<java.util.List<java.lang.Object>> is not assignable to java.util.Collection<java.util.List<?>>
[MASTER] 20:46:10.506 [logback-1] WARN  TestChromosome - Functional mock problem: org.evosuite.ga.ConstructionFailedException: Error: VariableReference: Statement 15, type java.util.Collection<java.util.List<java.security.cert.X509Certificate>> is not assignable to java.util.Collection<java.util.List<?>>
[MASTER] 20:46:10.879 [logback-1] WARN  TestChromosome - Functional mock problem: org.evosuite.ga.ConstructionFailedException: Error: VariableReference: Statement 14, type java.util.Collection<java.util.List<java.lang.String>> is not assignable to java.util.Collection<java.util.List<?>>
[MASTER] 20:46:10.899 [logback-1] WARN  TestChromosome - Functional mock problem: org.evosuite.ga.ConstructionFailedException: Failed to add constructor for java.util.LinkedList due to org.evosuite.ga.ConstructionFailedException: Error: VariableReference: Statement 3, type java.util.Collection<java.util.List<java.lang.Object>> is not assignable to java.util.Collection<? extends java.util.List<java.security.cert.X509Certificate>>
[MASTER] 20:46:10.916 [logback-1] WARN  TestChromosome - Functional mock problem: org.evosuite.ga.ConstructionFailedException: Error: VariableReference: Statement 14, type java.util.Collection<java.util.List<java.security.cert.X509Certificate>> is not assignable to java.util.Collection<java.util.List<?>>
[MASTER] 20:46:11.036 [logback-1] WARN  TestChromosome - Functional mock problem: org.evosuite.ga.ConstructionFailedException: Error: VariableReference: Statement 15, type java.util.LinkedList<java.util.List<java.lang.String>> is not assignable to java.util.Collection<java.util.List<?>>
[MASTER] 20:46:12.062 [logback-1] WARN  TestChromosome - Functional mock problem: org.evosuite.ga.ConstructionFailedException: Error: VariableReference: Statement 14, type java.util.LinkedList<java.util.List<java.lang.String>> is not assignable to java.util.Collection<java.util.List<?>>
[MASTER] 20:46:12.297 [logback-1] WARN  TestChromosome - Functional mock problem: org.evosuite.ga.ConstructionFailedException: Error: VariableReference: Statement 13, type java.util.Collection<java.util.List<java.lang.Integer>> is not assignable to java.util.Collection<java.util.List<?>>
[MASTER] 20:46:12.446 [logback-1] WARN  TestChromosome - Functional mock problem: org.evosuite.ga.ConstructionFailedException: Error: VariableReference: Statement 15, type java.util.LinkedList<java.util.List<java.lang.Integer>> is not assignable to java.util.Collection<java.util.List<?>>
[MASTER] 20:46:12.472 [logback-1] WARN  TestChromosome - Functional mock problem: org.evosuite.ga.ConstructionFailedException: Error: VariableReference: Statement 14, type java.util.LinkedList<java.util.List<java.lang.Object>> is not assignable to java.util.Collection<java.util.List<?>>
[MASTER] 20:46:12.546 [logback-1] WARN  TestChromosome - Functional mock problem: org.evosuite.ga.ConstructionFailedException: Error: VariableReference: Statement 11, type java.util.Collection<java.util.List<java.security.cert.X509Certificate>> is not assignable to java.util.Collection<java.util.List<?>>
[MASTER] 20:46:12.586 [logback-1] WARN  TestChromosome - Functional mock problem: org.evosuite.ga.ConstructionFailedException: Error: VariableReference: Statement 13, type java.util.LinkedList<java.util.List<java.lang.Integer>> is not assignable to java.util.Collection<java.util.List<?>>
[MASTER] 20:46:12.794 [logback-1] WARN  TestChromosome - Functional mock problem: org.evosuite.ga.ConstructionFailedException: Error: VariableReference: Statement 14, type java.util.LinkedList<java.util.List<java.lang.Integer>> is not assignable to java.util.Collection<java.util.List<?>>
[MASTER] 20:46:12.992 [logback-1] WARN  TestChromosome - Functional mock problem: org.evosuite.ga.ConstructionFailedException: Error: VariableReference: Statement 13, type java.util.Collection<java.util.List<java.security.cert.X509Certificate>> is not assignable to java.util.Collection<java.util.List<?>>
[MASTER] 20:46:13.138 [logback-1] WARN  TestChromosome - Functional mock problem: org.evosuite.ga.ConstructionFailedException: Error: VariableReference: Statement 15, type java.util.LinkedList<java.util.List<java.lang.Object>> is not assignable to java.util.Collection<java.util.List<?>>
[MASTER] 20:46:13.475 [logback-1] WARN  TestChromosome - Functional mock problem: org.evosuite.ga.ConstructionFailedException: Error: VariableReference: Statement 13, type java.util.Collection<java.util.List<java.lang.String>> is not assignable to java.util.Collection<java.util.List<?>>
* Search finished after 71s and 462 generations, 218318 statements, best individual has fitness: 212.9476181292175
* Minimizing test suite
* Generated 16 tests with total length 128
* Resulting test suite's coverage: 40% (average coverage for all fitness functions)
* Generating assertions
* Compiling and checking tests
[MASTER] 20:46:17.543 [logback-2] ERROR ClassStateSupport - Could not initialize okhttp3.internal.Util: okio/BufferedSource
[MASTER] 20:46:17.551 [logback-2] ERROR ClassStateSupport - Could not initialize okhttp3.ResponseBody: okio/BufferedSource
[MASTER] 20:46:17.561 [logback-1] WARN  ClassResetter - class java.lang.NoClassDefFoundError thrown while loading method  __STATIC_RESET() for class okhttp3.internal.Util
* Writing JUnit test case 'OkHostnameVerifier_ESTest' to temp/testcases
* Done!

* Computation finished
