
>>> TOOL NAME:  evosuite

>>> BENCHMARK:  FREEHEP-8

>>> RUN NUMBER: 1

>>> MODE: --only-compute-metrics
Creating directory ./temp
Creating directory ./temp/data
Creating directory ./temp/testcases
Executing /home/evosuite_6th/./runtool
>> BENCHMARK
>> /var/benchmarks/projects/freehep/math/freehep-jminuit/src/main/java
>> /var/benchmarks/projects/freehep/math/freehep-jminuit/target/classes
>> 1
>> /var/benchmarks/projects/freehep/math/freehep-jminuit/target/classes
>> 0
expecting CLASSPATH or READY
<< CLASSPATH
expecting number
<< 1
expecting directory or jar file
<< /home/evosuite_6th/lib/evosuite-master-1.0.5-SNAPSHOT.jar
<< READY
>> 120


### COMPUTING METRICS ###: org.freehep.math.minuit.MnPrint


Starting class org.freehep.math.minuit.MnPrint


Ending class org.freehep.math.minuit.MnPrint
Creating directory results_evosuite_120/FREEHEP-8_1/temp/testcases/bin
Creating dummy JUnit test file

---Compilation---

===
javac command line:
/usr/lib/jvm/java-8-oracle/bin/javac -sourcepath /home/evosuite_6th/results_evosuite_120/FREEHEP-8_1/temp/testcases -cp /var/benchmarks/projects/freehep/math/freehep-jminuit/target/classes:/usr/local/bin/lib/junit-4.12.jar:/usr/local/bin/lib/hamcrest-core-1.3.jar:/home/evosuite_6th/lib/evosuite-master-1.0.5-SNAPSHOT.jar -d results_evosuite_120/FREEHEP-8_1/temp/testcases/bin /home/evosuite_6th/results_evosuite_120/FREEHEP-8_1/temp/testcases/SBSTDummyForCoverageAndMutationCalculation.java

Compiling with scaffolding tests
>>  /home/evosuite_6th/results_evosuite_120/FREEHEP-8_1/temp/testcases/org/freehep/math/minuit/MnPrint_ESTest_scaffolding.java /home/evosuite_6th/results_evosuite_120/FREEHEP-8_1/temp/testcases/org/freehep/math/minuit/MnPrint_ESTest.java

===
javac command line:
/usr/lib/jvm/java-8-oracle/bin/javac -sourcepath /home/evosuite_6th/results_evosuite_120/FREEHEP-8_1/temp/testcases -cp /var/benchmarks/projects/freehep/math/freehep-jminuit/target/classes:/usr/local/bin/lib/junit-4.12.jar:/usr/local/bin/lib/hamcrest-core-1.3.jar:/home/evosuite_6th/lib/evosuite-master-1.0.5-SNAPSHOT.jar -d results_evosuite_120/FREEHEP-8_1/temp/testcases/bin  /home/evosuite_6th/results_evosuite_120/FREEHEP-8_1/temp/testcases/org/freehep/math/minuit/MnPrint_ESTest_scaffolding.java /home/evosuite_6th/results_evosuite_120/FREEHEP-8_1/temp/testcases/org/freehep/math/minuit/MnPrint_ESTest.java

/home/evosuite_6th/results_evosuite_120/FREEHEP-8_1/temp/testcases/org/freehep/math/minuit/MnPrint_ESTest.java:98: error: method doReturn in class Mockito cannot be applied to given types;
      doReturn((PrintWriter) null, (PrintWriter) null, (PrintWriter) null, (PrintWriter) null, (PrintWriter) null).when(printWriter0).printf(anyString() , any(java.lang.Object[].class));
      ^
  required: Object
  found: PrintWriter,PrintWriter,PrintWriter,PrintWriter,PrintWriter
  reason: actual and formal argument lists differ in length
/home/evosuite_6th/results_evosuite_120/FREEHEP-8_1/temp/testcases/org/freehep/math/minuit/MnPrint_ESTest.java:239: error: method doReturn in class Mockito cannot be applied to given types;
      doReturn(int0, int1).when(list0).size();
      ^
  required: Object
  found: int,int
  reason: actual and formal argument lists differ in length
/home/evosuite_6th/results_evosuite_120/FREEHEP-8_1/temp/testcases/org/freehep/math/minuit/MnPrint_ESTest.java:324: error: method doReturn in class Mockito cannot be applied to given types;
      doReturn(int2, int3, int4).when(list1).size();
      ^
  required: Object
  found: int,int,int
  reason: actual and formal argument lists differ in length
/home/evosuite_6th/results_evosuite_120/FREEHEP-8_1/temp/testcases/org/freehep/math/minuit/MnPrint_ESTest.java:339: error: method doReturn in class Mockito cannot be applied to given types;
      doReturn((double)int0, double0).when(minosError0).min();
      ^
  required: Object
  found: double,double
  reason: actual and formal argument lists differ in length
/home/evosuite_6th/results_evosuite_120/FREEHEP-8_1/temp/testcases/org/freehep/math/minuit/MnPrint_ESTest.java:340: error: method doReturn in class Mockito cannot be applied to given types;
      doReturn(point0, point0).when(minosError0).range();
      ^
  required: Object
  found: Point,Point
  reason: actual and formal argument lists differ in length
/home/evosuite_6th/results_evosuite_120/FREEHEP-8_1/temp/testcases/org/freehep/math/minuit/MnPrint_ESTest.java:341: error: method doReturn in class Mockito cannot be applied to given types;
      doReturn(string1, string1).when(minosError0).toString();
      ^
  required: Object
  found: String,String
  reason: actual and formal argument lists differ in length
/home/evosuite_6th/results_evosuite_120/FREEHEP-8_1/temp/testcases/org/freehep/math/minuit/MnPrint_ESTest.java:508: error: method doReturn in class Mockito cannot be applied to given types;
      doReturn(list0, list0).when(contoursError1).points();
      ^
  required: Object
  found: List<Point>,List<Point>
  reason: actual and formal argument lists differ in length
/home/evosuite_6th/results_evosuite_120/FREEHEP-8_1/temp/testcases/org/freehep/math/minuit/MnPrint_ESTest.java:537: error: method doReturn in class Mockito cannot be applied to given types;
      doReturn(iterator0, (Iterator) null).when(list1).iterator();
      ^
  required: Object
  found: Iterator<Point>,Iterator
  reason: actual and formal argument lists differ in length
/home/evosuite_6th/results_evosuite_120/FREEHEP-8_1/temp/testcases/org/freehep/math/minuit/MnPrint_ESTest.java:538: error: method doReturn in class Mockito cannot be applied to given types;
      doReturn(int3, int5, int1, 0).when(list1).size();
      ^
  required: Object
  found: int,int,int,int
  reason: actual and formal argument lists differ in length
/home/evosuite_6th/results_evosuite_120/FREEHEP-8_1/temp/testcases/org/freehep/math/minuit/MnPrint_ESTest.java:545: error: method doReturn in class Mockito cannot be applied to given types;
      doReturn((double)int1, double1).when(minosError1).min();
      ^
  required: Object
  found: double,double
  reason: actual and formal argument lists differ in length
/home/evosuite_6th/results_evosuite_120/FREEHEP-8_1/temp/testcases/org/freehep/math/minuit/MnPrint_ESTest.java:546: error: method doReturn in class Mockito cannot be applied to given types;
      doReturn(point0, point1).when(minosError1).range();
      ^
  required: Object
  found: Point,Point
  reason: actual and formal argument lists differ in length
/home/evosuite_6th/results_evosuite_120/FREEHEP-8_1/temp/testcases/org/freehep/math/minuit/MnPrint_ESTest.java:547: error: method doReturn in class Mockito cannot be applied to given types;
      doReturn(string0, string1).when(minosError1).toString();
      ^
  required: Object
  found: String,String
  reason: actual and formal argument lists differ in length
/home/evosuite_6th/results_evosuite_120/FREEHEP-8_1/temp/testcases/org/freehep/math/minuit/MnPrint_ESTest.java:1096: error: method doReturn in class Mockito cannot be applied to given types;
      doReturn((PrintWriter) null, (PrintWriter) null).when(printWriter0).printf(anyString() , any(java.lang.Object[].class));
      ^
  required: Object
  found: PrintWriter,PrintWriter
  reason: actual and formal argument lists differ in length
/home/evosuite_6th/results_evosuite_120/FREEHEP-8_1/temp/testcases/org/freehep/math/minuit/MnPrint_ESTest.java:1333: error: method doReturn in class Mockito cannot be applied to given types;
      doReturn((PrintWriter) null, (PrintWriter) null, (PrintWriter) null).when(printWriter0).printf(anyString() , any(java.lang.Object[].class));
      ^
  required: Object
  found: PrintWriter,PrintWriter,PrintWriter
  reason: actual and formal argument lists differ in length
/home/evosuite_6th/results_evosuite_120/FREEHEP-8_1/temp/testcases/org/freehep/math/minuit/MnPrint_ESTest.java:1631: error: method doReturn in class Mockito cannot be applied to given types;
      doReturn((String) null, (String) null).when(minosError0).toString();
      ^
  required: Object
  found: String,String
  reason: actual and formal argument lists differ in length
/home/evosuite_6th/results_evosuite_120/FREEHEP-8_1/temp/testcases/org/freehep/math/minuit/MnPrint_ESTest.java:1635: error: method doReturn in class Mockito cannot be applied to given types;
      doReturn(linkedList0, linkedList0).when(contoursError0).points();
      ^
  required: Object
  found: LinkedList<Point>,LinkedList<Point>
  reason: actual and formal argument lists differ in length
/home/evosuite_6th/results_evosuite_120/FREEHEP-8_1/temp/testcases/org/freehep/math/minuit/MnPrint_ESTest.java:3517: error: method doReturn in class Mockito cannot be applied to given types;
      doReturn(linkedList0, linkedList0).when(contoursError0).points();
      ^
  required: Object
  found: LinkedList<Point>,LinkedList<Point>
  reason: actual and formal argument lists differ in length
/home/evosuite_6th/results_evosuite_120/FREEHEP-8_1/temp/testcases/org/freehep/math/minuit/MnPrint_ESTest.java:3622: error: method doReturn in class Mockito cannot be applied to given types;
      doReturn((Object) doubleArray0, (Object) null).when(mnGlobalCorrelationCoeff0).globalCC();
      ^
  required: Object
  found: Object,Object
  reason: actual and formal argument lists differ in length
/home/evosuite_6th/results_evosuite_120/FREEHEP-8_1/temp/testcases/org/freehep/math/minuit/MnPrint_ESTest.java:3754: error: method doReturn in class Mockito cannot be applied to given types;
      doReturn(0, 0, 0).when(list1).size();
      ^
  required: Object
  found: int,int,int
  reason: actual and formal argument lists differ in length
/home/evosuite_6th/results_evosuite_120/FREEHEP-8_1/temp/testcases/org/freehep/math/minuit/MnPrint_ESTest.java:3756: error: method doReturn in class Mockito cannot be applied to given types;
      doReturn(0.0, 0.0).when(minosError0).min();
      ^
  required: Object
  found: double,double
  reason: actual and formal argument lists differ in length
/home/evosuite_6th/results_evosuite_120/FREEHEP-8_1/temp/testcases/org/freehep/math/minuit/MnPrint_ESTest.java:3757: error: method doReturn in class Mockito cannot be applied to given types;
      doReturn((String) null, (String) null).when(minosError0).toString();
      ^
  required: Object
  found: String,String
  reason: actual and formal argument lists differ in length
Note: /home/evosuite_6th/results_evosuite_120/FREEHEP-8_1/temp/testcases/org/freehep/math/minuit/MnPrint_ESTest.java uses unchecked or unsafe operations.
Note: Recompile with -Xlint:unchecked for details.
21 errors
Failed to compile 'org/freehep/math/minuit/MnPrint_ESTest.java'!
shaded.org.apache.commons.exec.ExecuteException: Process exited with an error: 1 (Exit value: 1)
	at shaded.org.apache.commons.exec.DefaultExecutor.executeInternal(DefaultExecutor.java:377)
	at shaded.org.apache.commons.exec.DefaultExecutor.execute(DefaultExecutor.java:160)
	at shaded.org.apache.commons.exec.DefaultExecutor.execute(DefaultExecutor.java:147)
	at sbst.benchmark.TestSuite.compile(TestSuite.java:273)
	at sbst.benchmark.TestSuite.<init>(TestSuite.java:94)
	at sbst.benchmark.TranscriptWriter.endClass(TranscriptWriter.java:157)
	at sbst.benchmark.RunTool.execute(RunTool.java:172)
	at sbst.benchmark.RunTool.run(RunTool.java:95)
	at sbst.benchmark.Main.main(Main.java:178)
Compiling with scaffolding tests

---Timing Information---
Running tests with the following classpath: 
/var/benchmarks/projects/freehep/math/freehep-jminuit/target/classes:/usr/local/bin/lib/junit-4.12.jar:/usr/local/bin/lib/hamcrest-core-1.3.jar:/home/evosuite_6th/results_evosuite_120/FREEHEP-8_1/temp/testcases/bin:/home/evosuite_6th/lib/evosuite-master-1.0.5-SNAPSHOT.jar
Running the tests: [SBSTDummyForCoverageAndMutationCalculation]
Executions terminated

---The tests are re-executed other four times to find the flaky ones---
Running the tests: [SBSTDummyForCoverageAndMutationCalculation]
Executions terminated
Running the tests: [SBSTDummyForCoverageAndMutationCalculation]
Executions terminated
Running the tests: [SBSTDummyForCoverageAndMutationCalculation]
Executions terminated
Running the tests: [SBSTDummyForCoverageAndMutationCalculation]
Executions terminated

=== Run Jacoco for Coverage ===
Number of instrumented file = 84
Running tests with the following classpath: 
/home/evosuite_6th/results_evosuite_120/FREEHEP-8_1/temp/testcases/classes_instrumented:/usr/local/bin/lib/hamcrest-core-1.3.jar:/usr/local/bin/lib/junit-4.12.jar:/home/evosuite_6th/lib/evosuite-master-1.0.5-SNAPSHOT.jar:/home/evosuite_6th/results_evosuite_120/FREEHEP-8_1/temp/testcases/bin
Running the tests: [SBSTDummyForCoverageAndMutationCalculation]
Executions terminated
Number of file with coverage information = 84
Extracted coverage data for the class org/freehep/math/minuit/MnPrint

=== Run PIT ===
Generate mutations via PIT
 Running tests against generated Mutants
Running PITWrapper with the following data:
> CP = /usr/local/bin/lib/junit-4.12.jar:/usr/local/bin/lib/hamcrest-core-1.3.jar:/var/benchmarks/projects/freehep/math/freehep-jminuit/target/classes:/home/evosuite_6th/lib/evosuite-master-1.0.5-SNAPSHOT.jar:/home/evosuite_6th/results_evosuite_120/FREEHEP-8_1/temp/testcases/bin
> CUT = org.freehep.math.minuit.MnPrint
> Test cases = [org.freehep.math.minuit.MnPrint_ESTest, org.freehep.math.minuit.MnPrint_ESTest_scaffolding]
Matching Jacoco with PIT: find covered mutations
Run tests against the covered mutations (i.e., mutants infecting on covered lines according to Jacoco)

>>> RESULTS:
	Tool name: evosuite
	Benchmark: FREEHEP-8
	Class Under Test: org.freehep.math.minuit.MnPrint
	Run number: 1
	Tool preparation time (ms): 346
	Tool test cases generation time (ms): 115503
	Test cases execution time (ms): 7
	Test case number: 65
	Uncompilable Test Classes: 1
	Broken tests number: 0
	Failing tests number: 0
	Lines total: 210
	Lines covered: 0
	Lines coverage ratio (%): 0.0
	Conditions total: 72
	Conditions covered: 0
	Conditions coverage ratio (%): 0.0
	Mutants total: 170
	Mutants covered: 0
	Mutants coverage ratio (%): 0.0
	Mutants killed: 0
	Mutants killed ratio (%): 0.0
	Mutants alive: 170


Class org.freehep.math.minuit.MnPrint ended.
Stopping process...
Tool subprocess is an instance of java.lang.UNIXProcess
Tool subprocess Id is 2464
Killing master process 2464
Executing command kill -9 2464
Execution of command kill -9 2464 finished.
Process was destroyed
