* EvoSuite 1.0.6-SNAPSHOT
* Going to generate test cases for class: okhttp3.internal.http.HttpHeaders
* Starting client
* Connecting to master process on port 3051
* Analyzing classpath: 
  - /var/benchmarks/projects/okhttp/okhttp/target/classes
  - /var/benchmarks/projects/okhttp/okhttp/target/classes
* Finished analyzing classpath
* Generating tests for class okhttp3.internal.http.HttpHeaders
* Test criteria:
  - Line Coverage
  - Branch Coverage
  - Exception
  - Mutation testing (weak)
  - Method-Output Coverage
  - Top-Level Method Coverage
  - No-Exception Top-Level Method Coverage
  - Context Branch Coverage
* Setting up search algorithm for whole suite generation
* Total number of test goals: 
  - Line 81
  - Branch 78
  - Exception 0
  - MutationFactory 304
  - Output 43
  - Method 14
  - MethodNoException 14
  - CBranchFitnessFactory 78
* Using seed 1516818148390
* Starting evolution
[MASTER] 19:22:30.709 [logback-1] WARN  FunctionalMockStatement - Failed to check if can mock class okhttp3.Response: okio/BufferedSource
[MASTER] 19:22:30.744 [logback-1] WARN  FunctionalMockStatement - Failed to check if can mock class okhttp3.HttpUrl: okio/Buffer
[MASTER] 19:22:33.854 [logback-2] ERROR TestCluster - Failed to check cache for java.util.function.Function<T, R> : Type points to itself
[MASTER] 19:23:05.689 [logback-2] ERROR TestCluster - Failed to check cache for java.util.Map<K, V> : Type points to itself
[MASTER] 19:23:07.858 [logback-2] ERROR TestCluster - Failed to check cache for java.util.List<E> : Type points to itself
[MASTER] 19:23:26.856 [logback-1] WARN  FunctionalMockStatement - Failed to check if can mock class okhttp3.RequestBody: okio/BufferedSink
[MASTER] 19:23:26.818 [logback-2] ERROR ConcreteClassAnalyzer - Problem for okhttp3.internal.http.HttpHeaders. Class not found: okhttp3.MultipartBody
java.lang.ClassNotFoundException: Class not found: okio/Buffer: java.lang.NullPointerException: Class not found okio/Buffer
	at org.evosuite.instrumentation.InstrumentingClassLoader.instrumentClass(InstrumentingClassLoader.java:201) ~[evosuite-master-1.0.6-SNAPSHOT.jar:1.0.6-SNAPSHOT]
	at org.evosuite.instrumentation.InstrumentingClassLoader.loadClass(InstrumentingClassLoader.java:168) ~[evosuite-master-1.0.6-SNAPSHOT.jar:1.0.6-SNAPSHOT]
	at java.lang.Class.forName0(Native Method) ~[na:1.8.0_121]
	at java.lang.Class.forName(Class.java:348) ~[na:1.8.0_121]
	at org.evosuite.setup.ConcreteClassAnalyzer.getConcreteClassesImpl(ConcreteClassAnalyzer.java:126) [evosuite-master-1.0.6-SNAPSHOT.jar:1.0.6-SNAPSHOT]
	at org.evosuite.setup.ConcreteClassAnalyzer.getConcreteClasses(ConcreteClassAnalyzer.java:61) [evosuite-master-1.0.6-SNAPSHOT.jar:1.0.6-SNAPSHOT]
	at org.evosuite.setup.TestClusterGenerator.addDependency(TestClusterGenerator.java:876) [evosuite-master-1.0.6-SNAPSHOT.jar:1.0.6-SNAPSHOT]
	at org.evosuite.setup.TestClusterGenerator.addDependencies(TestClusterGenerator.java:799) [evosuite-master-1.0.6-SNAPSHOT.jar:1.0.6-SNAPSHOT]
	at org.evosuite.setup.TestClusterGenerator.addDependencyClass(TestClusterGenerator.java:983) [evosuite-master-1.0.6-SNAPSHOT.jar:1.0.6-SNAPSHOT]
	at org.evosuite.setup.TestClusterGenerator.resolveDependencies(TestClusterGenerator.java:358) [evosuite-master-1.0.6-SNAPSHOT.jar:1.0.6-SNAPSHOT]
	at org.evosuite.setup.TestClusterGenerator.addNewDependencies(TestClusterGenerator.java:164) [evosuite-master-1.0.6-SNAPSHOT.jar:1.0.6-SNAPSHOT]
	at org.evosuite.testcase.TestFactory.createObject(TestFactory.java:1287) [evosuite-master-1.0.6-SNAPSHOT.jar:1.0.6-SNAPSHOT]
	at org.evosuite.testcase.TestFactory.attemptGeneration(TestFactory.java:835) [evosuite-master-1.0.6-SNAPSHOT.jar:1.0.6-SNAPSHOT]
	at org.evosuite.testcase.TestFactory.createVariable(TestFactory.java:1431) [evosuite-master-1.0.6-SNAPSHOT.jar:1.0.6-SNAPSHOT]
	at org.evosuite.testcase.TestFactory.createOrReuseVariable(TestFactory.java:1376) [evosuite-master-1.0.6-SNAPSHOT.jar:1.0.6-SNAPSHOT]
	at org.evosuite.testcase.TestFactory.addMethod(TestFactory.java:531) [evosuite-master-1.0.6-SNAPSHOT.jar:1.0.6-SNAPSHOT]
	at org.evosuite.testcase.TestFactory.createObject(TestFactory.java:1306) [evosuite-master-1.0.6-SNAPSHOT.jar:1.0.6-SNAPSHOT]
	at org.evosuite.testcase.TestFactory.attemptGeneration(TestFactory.java:835) [evosuite-master-1.0.6-SNAPSHOT.jar:1.0.6-SNAPSHOT]
	at org.evosuite.testcase.TestFactory.createVariable(TestFactory.java:1431) [evosuite-master-1.0.6-SNAPSHOT.jar:1.0.6-SNAPSHOT]
	at org.evosuite.testcase.TestFactory.createOrReuseVariable(TestFactory.java:1376) [evosuite-master-1.0.6-SNAPSHOT.jar:1.0.6-SNAPSHOT]
	at org.evosuite.testcase.TestFactory.satisfyParameters(TestFactory.java:2365) [evosuite-master-1.0.6-SNAPSHOT.jar:1.0.6-SNAPSHOT]
	at org.evosuite.testcase.TestFactory.addMethod(TestFactory.java:550) [evosuite-master-1.0.6-SNAPSHOT.jar:1.0.6-SNAPSHOT]
	at org.evosuite.testcase.TestFactory.insertRandomCall(TestFactory.java:2217) [evosuite-master-1.0.6-SNAPSHOT.jar:1.0.6-SNAPSHOT]
	at org.evosuite.testcase.mutation.RandomInsertion.insertStatement(RandomInsertion.java:83) [evosuite-master-1.0.6-SNAPSHOT.jar:1.0.6-SNAPSHOT]
	at org.evosuite.testcase.TestFactory.insertRandomStatement(TestFactory.java:2308) [evosuite-master-1.0.6-SNAPSHOT.jar:1.0.6-SNAPSHOT]
	at org.evosuite.testcase.factories.RandomLengthTestFactory.getRandomTestCase(RandomLengthTestFactory.java:69) [evosuite-master-1.0.6-SNAPSHOT.jar:1.0.6-SNAPSHOT]
	at org.evosuite.testcase.factories.RandomLengthTestFactory.getChromosome(RandomLengthTestFactory.java:89) [evosuite-master-1.0.6-SNAPSHOT.jar:1.0.6-SNAPSHOT]
	at org.evosuite.testcase.factories.RandomLengthTestFactory.getChromosome(RandomLengthTestFactory.java:40) [evosuite-master-1.0.6-SNAPSHOT.jar:1.0.6-SNAPSHOT]
	at org.evosuite.coverage.archive.ArchiveTestChromosomeFactory.getChromosome(ArchiveTestChromosomeFactory.java:88) [evosuite-master-1.0.6-SNAPSHOT.jar:1.0.6-SNAPSHOT]
	at org.evosuite.coverage.archive.ArchiveTestChromosomeFactory.getChromosome(ArchiveTestChromosomeFactory.java:35) [evosuite-master-1.0.6-SNAPSHOT.jar:1.0.6-SNAPSHOT]
	at org.evosuite.testsuite.AbstractTestSuiteChromosome.mutate(AbstractTestSuiteChromosome.java:244) [evosuite-master-1.0.6-SNAPSHOT.jar:1.0.6-SNAPSHOT]
	at org.evosuite.testsuite.TestSuiteChromosome.mutate(TestSuiteChromosome.java:264) [evosuite-master-1.0.6-SNAPSHOT.jar:1.0.6-SNAPSHOT]
	at org.evosuite.ga.metaheuristics.MonotonicGA.evolve(MonotonicGA.java:125) [evosuite-master-1.0.6-SNAPSHOT.jar:1.0.6-SNAPSHOT]
	at org.evosuite.ga.metaheuristics.MonotonicGA.generateSolution(MonotonicGA.java:245) [evosuite-master-1.0.6-SNAPSHOT.jar:1.0.6-SNAPSHOT]
	at org.evosuite.strategy.WholeTestSuiteStrategy.generateTests(WholeTestSuiteStrategy.java:113) [evosuite-master-1.0.6-SNAPSHOT.jar:1.0.6-SNAPSHOT]
	at org.evosuite.TestSuiteGenerator.generateTests(TestSuiteGenerator.java:653) [evosuite-master-1.0.6-SNAPSHOT.jar:1.0.6-SNAPSHOT]
	at org.evosuite.TestSuiteGenerator.generateTestSuite(TestSuiteGenerator.java:236) [evosuite-master-1.0.6-SNAPSHOT.jar:1.0.6-SNAPSHOT]
	at org.evosuite.rmi.service.ClientNodeImpl$1.run(ClientNodeImpl.java:145) [evosuite-master-1.0.6-SNAPSHOT.jar:1.0.6-SNAPSHOT]
	at java.util.concurrent.Executors$RunnableAdapter.call(Executors.java:511) [na:1.8.0_121]
	at java.util.concurrent.FutureTask.run(FutureTask.java:266) [na:1.8.0_121]
	at java.util.concurrent.ThreadPoolExecutor.runWorker(ThreadPoolExecutor.java:1142) [na:1.8.0_121]
	at java.util.concurrent.ThreadPoolExecutor$Worker.run(ThreadPoolExecutor.java:617) [na:1.8.0_121]
	at java.lang.Thread.run(Thread.java:745) [na:1.8.0_121]
Caused by: java.lang.RuntimeException: Class not found: okio/Buffer: java.lang.NullPointerException: Class not found okio/Buffer
	at org.evosuite.runtime.util.ComputeClassWriter.getCommonSuperClass(ComputeClassWriter.java:52) ~[evosuite-master-1.0.6-SNAPSHOT.jar:1.0.6-SNAPSHOT]
	at org.evosuite.shaded.org.objectweb.asm.ClassWriter.a(Unknown Source) ~[evosuite-master-1.0.6-SNAPSHOT.jar:1.0.6-SNAPSHOT]
	at org.evosuite.shaded.org.objectweb.asm.Frame.a(Unknown Source) ~[evosuite-master-1.0.6-SNAPSHOT.jar:1.0.6-SNAPSHOT]
	at org.evosuite.shaded.org.objectweb.asm.Frame.a(Unknown Source) ~[evosuite-master-1.0.6-SNAPSHOT.jar:1.0.6-SNAPSHOT]
	at org.evosuite.shaded.org.objectweb.asm.MethodWriter.visitMaxs(Unknown Source) ~[evosuite-master-1.0.6-SNAPSHOT.jar:1.0.6-SNAPSHOT]
	at org.evosuite.shaded.org.objectweb.asm.MethodVisitor.visitMaxs(Unknown Source) ~[evosuite-master-1.0.6-SNAPSHOT.jar:1.0.6-SNAPSHOT]
	at org.evosuite.shaded.org.objectweb.asm.MethodVisitor.visitMaxs(Unknown Source) ~[evosuite-master-1.0.6-SNAPSHOT.jar:1.0.6-SNAPSHOT]
	at org.evosuite.shaded.org.objectweb.asm.MethodVisitor.visitMaxs(Unknown Source) ~[evosuite-master-1.0.6-SNAPSHOT.jar:1.0.6-SNAPSHOT]
	at org.evosuite.runtime.instrumentation.LoopCounterMethodAdapter.visitMaxs(LoopCounterMethodAdapter.java:48) ~[evosuite-master-1.0.6-SNAPSHOT.jar:1.0.6-SNAPSHOT]
	at org.evosuite.shaded.org.objectweb.asm.tree.MethodNode.accept(Unknown Source) ~[evosuite-master-1.0.6-SNAPSHOT.jar:1.0.6-SNAPSHOT]
	at org.evosuite.shaded.org.objectweb.asm.commons.JSRInlinerAdapter.visitEnd(Unknown Source) ~[evosuite-master-1.0.6-SNAPSHOT.jar:1.0.6-SNAPSHOT]
	at org.evosuite.shaded.org.objectweb.asm.MethodVisitor.visitEnd(Unknown Source) ~[evosuite-master-1.0.6-SNAPSHOT.jar:1.0.6-SNAPSHOT]
	at org.evosuite.shaded.org.objectweb.asm.MethodVisitor.visitEnd(Unknown Source) ~[evosuite-master-1.0.6-SNAPSHOT.jar:1.0.6-SNAPSHOT]
	at org.evosuite.shaded.org.objectweb.asm.MethodVisitor.visitEnd(Unknown Source) ~[evosuite-master-1.0.6-SNAPSHOT.jar:1.0.6-SNAPSHOT]
	at org.evosuite.shaded.org.objectweb.asm.tree.MethodNode.accept(Unknown Source) ~[evosuite-master-1.0.6-SNAPSHOT.jar:1.0.6-SNAPSHOT]
	at org.evosuite.shaded.org.objectweb.asm.tree.MethodNode.accept(Unknown Source) ~[evosuite-master-1.0.6-SNAPSHOT.jar:1.0.6-SNAPSHOT]
	at org.evosuite.shaded.org.objectweb.asm.tree.ClassNode.accept(Unknown Source) ~[evosuite-master-1.0.6-SNAPSHOT.jar:1.0.6-SNAPSHOT]
	at org.evosuite.instrumentation.BytecodeInstrumentation.transformBytes(BytecodeInstrumentation.java:275) ~[evosuite-master-1.0.6-SNAPSHOT.jar:1.0.6-SNAPSHOT]
	at org.evosuite.instrumentation.InstrumentingClassLoader.getTransformedBytes(InstrumentingClassLoader.java:175) ~[evosuite-master-1.0.6-SNAPSHOT.jar:1.0.6-SNAPSHOT]
	at org.evosuite.instrumentation.InstrumentingClassLoader.instrumentClass(InstrumentingClassLoader.java:192) ~[evosuite-master-1.0.6-SNAPSHOT.jar:1.0.6-SNAPSHOT]
	... 42 common frames omitted
Caused by: java.lang.NullPointerException: Class not found okio/Buffer
	at org.evosuite.runtime.util.ComputeClassWriter.typeInfo(ComputeClassWriter.java:186) ~[evosuite-master-1.0.6-SNAPSHOT.jar:1.0.6-SNAPSHOT]
	at org.evosuite.runtime.util.ComputeClassWriter.getCommonSuperClass(ComputeClassWriter.java:49) ~[evosuite-master-1.0.6-SNAPSHOT.jar:1.0.6-SNAPSHOT]
	... 61 common frames omitted
[MASTER] 19:23:26.818 [logback-2] ERROR ConcreteClassAnalyzer - Removing class from inheritance tree
* Search finished after 72s and 243 generations, 108796 statements, best individual has fitness: 318.65665828187696
* Minimizing test suite
* Generated 36 tests with total length 155
* Resulting test suite's coverage: 62% (average coverage for all fitness functions)
* Generating assertions
[MASTER] 19:23:58.408 [logback-1] WARN  TimeController - Phase MINIMIZATION lasted too long, 1 seconds more than allowed.
* Compiling and checking tests
[MASTER] 19:24:02.660 [logback-2] ERROR ClassStateSupport - Could not initialize okhttp3.Response: okio/BufferedSource
[MASTER] 19:24:02.681 [logback-1] WARN  ClassResetter - class java.lang.NoClassDefFoundError thrown while loading method  __STATIC_RESET() for class okhttp3.internal.Util
[MASTER] 19:24:02.695 [logback-1] WARN  ClassResetter - class java.lang.NoClassDefFoundError thrown while loading method  __STATIC_RESET() for class okhttp3.HttpUrl
[MASTER] 19:24:02.791 [logback-2] ERROR ClassStateSupport - Could not initialize okhttp3.internal.Util: okio/BufferedSource
[MASTER] 19:24:02.864 [logback-2] ERROR ClassStateSupport - Could not initialize okhttp3.ResponseBody$1: okio/BufferedSource
[MASTER] 19:24:02.902 [logback-2] ERROR ClassStateSupport - Could not initialize okhttp3.ResponseBody: okio/BufferedSource
* Writing JUnit test case 'HttpHeaders_ESTest' to temp/testcases
* Done!

* Computation finished
