
>>> TOOL NAME:  evosuite

>>> BENCHMARK:  LA4J-1

>>> RUN NUMBER: 1

>>> MODE: --only-compute-metrics
Creating directory ./temp
Creating directory ./temp/data
Creating directory ./temp/testcases
Executing /home/evosuite_6th/./runtool
>> BENCHMARK
>> /var/benchmarks/projects/la4j-0.6.0/src/main/java
>> /var/benchmarks/projects/la4j-0.6.0/target/classes
>> 1
>> /var/benchmarks/projects/la4j-0.6.0/target/classes
>> 0
expecting CLASSPATH or READY
<< CLASSPATH
expecting number
<< 1
expecting directory or jar file
<< /home/evosuite_6th/lib/evosuite-master-1.0.6-SNAPSHOT.jar
<< READY
>> 120


### COMPUTING METRICS ###: org.la4j.vector.sparse.CompressedVector


Starting class org.la4j.vector.sparse.CompressedVector


Ending class org.la4j.vector.sparse.CompressedVector
Creating directory results_evosuite_120/LA4J-1_1/temp/testcases/bin
Creating dummy JUnit test file

---Compilation---

===
javac command line:
/usr/lib/jvm/java-8-oracle/bin/javac -sourcepath /home/evosuite_6th/results_evosuite_120/LA4J-1_1/temp/testcases -cp /var/benchmarks/projects/la4j-0.6.0/target/classes:/usr/local/bin/lib/junit-4.12.jar:/usr/local/bin/lib/hamcrest-core-1.3.jar:/home/evosuite_6th/lib/evosuite-master-1.0.6-SNAPSHOT.jar -d results_evosuite_120/LA4J-1_1/temp/testcases/bin /home/evosuite_6th/results_evosuite_120/LA4J-1_1/temp/testcases/SBSTDummyForCoverageAndMutationCalculation.java

Compiling with scaffolding tests
>>  /home/evosuite_6th/results_evosuite_120/LA4J-1_1/temp/testcases/org/la4j/vector/sparse/CompressedVector_ESTest_scaffolding.java /home/evosuite_6th/results_evosuite_120/LA4J-1_1/temp/testcases/org/la4j/vector/sparse/CompressedVector_ESTest.java

===
javac command line:
/usr/lib/jvm/java-8-oracle/bin/javac -sourcepath /home/evosuite_6th/results_evosuite_120/LA4J-1_1/temp/testcases -cp /var/benchmarks/projects/la4j-0.6.0/target/classes:/usr/local/bin/lib/junit-4.12.jar:/usr/local/bin/lib/hamcrest-core-1.3.jar:/home/evosuite_6th/lib/evosuite-master-1.0.6-SNAPSHOT.jar -d results_evosuite_120/LA4J-1_1/temp/testcases/bin  /home/evosuite_6th/results_evosuite_120/LA4J-1_1/temp/testcases/org/la4j/vector/sparse/CompressedVector_ESTest_scaffolding.java /home/evosuite_6th/results_evosuite_120/LA4J-1_1/temp/testcases/org/la4j/vector/sparse/CompressedVector_ESTest.java

Note: /home/evosuite_6th/results_evosuite_120/LA4J-1_1/temp/testcases/org/la4j/vector/sparse/CompressedVector_ESTest.java uses unchecked or unsafe operations.
Note: Recompile with -Xlint:unchecked for details.
Compiled 'org/la4j/vector/sparse/CompressedVector_ESTest.java'
Compiling with scaffolding tests

---Timing Information---
Running tests with the following classpath: 
/var/benchmarks/projects/la4j-0.6.0/target/classes:/usr/local/bin/lib/junit-4.12.jar:/usr/local/bin/lib/hamcrest-core-1.3.jar:/home/evosuite_6th/results_evosuite_120/LA4J-1_1/temp/testcases/bin:/home/evosuite_6th/lib/evosuite-master-1.0.6-SNAPSHOT.jar
Running the tests: [SBSTDummyForCoverageAndMutationCalculation, org.la4j.vector.sparse.CompressedVector_ESTest]
Executions terminated
Failure: [test08(org.la4j.vector.sparse.CompressedVector_ESTest): org.junit.Assert.assertNotEquals(FFF)V, test06(org.la4j.vector.sparse.CompressedVector_ESTest): expected null, but was:<43>, test46(org.la4j.vector.sparse.CompressedVector_ESTest): org.junit.Assert.assertNotEquals(FFF)V]
Failing Tests: test08(org.la4j.vector.sparse.CompressedVector_ESTest)
java.lang.NoSuchMethodError: org.junit.Assert.assertNotEquals(FFF)V
	at org.la4j.vector.sparse.CompressedVector_ESTest.test08(CompressedVector_ESTest.java:557)
	at sun.reflect.NativeMethodAccessorImpl.invoke0(Native Method)
	at sun.reflect.NativeMethodAccessorImpl.invoke(NativeMethodAccessorImpl.java:62)
	at sun.reflect.DelegatingMethodAccessorImpl.invoke(DelegatingMethodAccessorImpl.java:43)
	at java.lang.reflect.Method.invoke(Method.java:498)
	at org.junit.runners.model.FrameworkMethod$1.runReflectiveCall(FrameworkMethod.java:47)
	at org.junit.internal.runners.model.ReflectiveCallable.run(ReflectiveCallable.java:12)
	at org.junit.runners.model.FrameworkMethod.invokeExplosively(FrameworkMethod.java:44)
	at org.junit.internal.runners.statements.InvokeMethod.evaluate(InvokeMethod.java:17)
	at org.junit.internal.runners.statements.FailOnTimeout$StatementThread.run(FailOnTimeout.java:74)

Failing Tests: test06(org.la4j.vector.sparse.CompressedVector_ESTest)
java.lang.AssertionError: expected null, but was:<43>
	at org.junit.Assert.fail(Assert.java:88)
	at org.junit.Assert.failNotNull(Assert.java:664)
	at org.junit.Assert.assertNull(Assert.java:646)
	at org.junit.Assert.assertNull(Assert.java:656)
	at org.la4j.vector.sparse.CompressedVector_ESTest.test06(CompressedVector_ESTest.java:334)
	at sun.reflect.NativeMethodAccessorImpl.invoke0(Native Method)
	at sun.reflect.NativeMethodAccessorImpl.invoke(NativeMethodAccessorImpl.java:62)
	at sun.reflect.DelegatingMethodAccessorImpl.invoke(DelegatingMethodAccessorImpl.java:43)
	at java.lang.reflect.Method.invoke(Method.java:498)
	at org.junit.runners.model.FrameworkMethod$1.runReflectiveCall(FrameworkMethod.java:47)
	at org.junit.internal.runners.model.ReflectiveCallable.run(ReflectiveCallable.java:12)
	at org.junit.runners.model.FrameworkMethod.invokeExplosively(FrameworkMethod.java:44)
	at org.junit.internal.runners.statements.InvokeMethod.evaluate(InvokeMethod.java:17)
	at org.junit.internal.runners.statements.FailOnTimeout$StatementThread.run(FailOnTimeout.java:74)

Failing Tests: test46(org.la4j.vector.sparse.CompressedVector_ESTest)
java.lang.NoSuchMethodError: org.junit.Assert.assertNotEquals(FFF)V
	at org.la4j.vector.sparse.CompressedVector_ESTest.test46(CompressedVector_ESTest.java:2687)
	at sun.reflect.NativeMethodAccessorImpl.invoke0(Native Method)
	at sun.reflect.NativeMethodAccessorImpl.invoke(NativeMethodAccessorImpl.java:62)
	at sun.reflect.DelegatingMethodAccessorImpl.invoke(DelegatingMethodAccessorImpl.java:43)
	at java.lang.reflect.Method.invoke(Method.java:498)
	at org.junit.runners.model.FrameworkMethod$1.runReflectiveCall(FrameworkMethod.java:47)
	at org.junit.internal.runners.model.ReflectiveCallable.run(ReflectiveCallable.java:12)
	at org.junit.runners.model.FrameworkMethod.invokeExplosively(FrameworkMethod.java:44)
	at org.junit.internal.runners.statements.InvokeMethod.evaluate(InvokeMethod.java:17)
	at org.junit.internal.runners.statements.FailOnTimeout$StatementThread.run(FailOnTimeout.java:74)


---The tests are re-executed other four times to find the flaky ones---
Running the tests: [SBSTDummyForCoverageAndMutationCalculation, org.la4j.vector.sparse.CompressedVector_ESTest]
Executions terminated
Running the tests: [SBSTDummyForCoverageAndMutationCalculation, org.la4j.vector.sparse.CompressedVector_ESTest]
Failure: [test08(org.la4j.vector.sparse.CompressedVector_ESTest): org.junit.Assert.assertNotEquals(FFF)V, test06(org.la4j.vector.sparse.CompressedVector_ESTest): expected null, but was:<43>, test46(org.la4j.vector.sparse.CompressedVector_ESTest): org.junit.Assert.assertNotEquals(FFF)V]
Failing Tests: test08(org.la4j.vector.sparse.CompressedVector_ESTest)
java.lang.NoSuchMethodError: org.junit.Assert.assertNotEquals(FFF)V
	at org.la4j.vector.sparse.CompressedVector_ESTest.test08(CompressedVector_ESTest.java:557)
	at sun.reflect.NativeMethodAccessorImpl.invoke0(Native Method)
	at sun.reflect.NativeMethodAccessorImpl.invoke(NativeMethodAccessorImpl.java:62)
	at sun.reflect.DelegatingMethodAccessorImpl.invoke(DelegatingMethodAccessorImpl.java:43)
	at java.lang.reflect.Method.invoke(Method.java:498)
	at org.junit.runners.model.FrameworkMethod$1.runReflectiveCall(FrameworkMethod.java:47)
	at org.junit.internal.runners.model.ReflectiveCallable.run(ReflectiveCallable.java:12)
	at org.junit.runners.model.FrameworkMethod.invokeExplosively(FrameworkMethod.java:44)
	at org.junit.internal.runners.statements.InvokeMethod.evaluate(InvokeMethod.java:17)
	at org.junit.internal.runners.statements.FailOnTimeout$StatementThread.run(FailOnTimeout.java:74)

Failing Tests: test06(org.la4j.vector.sparse.CompressedVector_ESTest)
java.lang.AssertionError: expected null, but was:<43>
	at org.junit.Assert.fail(Assert.java:88)
	at org.junit.Assert.failNotNull(Assert.java:664)
	at org.junit.Assert.assertNull(Assert.java:646)
	at org.junit.Assert.assertNull(Assert.java:656)
	at org.la4j.vector.sparse.CompressedVector_ESTest.test06(CompressedVector_ESTest.java:334)
	at sun.reflect.NativeMethodAccessorImpl.invoke0(Native Method)
	at sun.reflect.NativeMethodAccessorImpl.invoke(NativeMethodAccessorImpl.java:62)
	at sun.reflect.DelegatingMethodAccessorImpl.invoke(DelegatingMethodAccessorImpl.java:43)
	at java.lang.reflect.Method.invoke(Method.java:498)
	at org.junit.runners.model.FrameworkMethod$1.runReflectiveCall(FrameworkMethod.java:47)
	at org.junit.internal.runners.model.ReflectiveCallable.run(ReflectiveCallable.java:12)
	at org.junit.runners.model.FrameworkMethod.invokeExplosively(FrameworkMethod.java:44)
	at org.junit.internal.runners.statements.InvokeMethod.evaluate(InvokeMethod.java:17)
	at org.junit.internal.runners.statements.FailOnTimeout$StatementThread.run(FailOnTimeout.java:74)

Failing Tests: test46(org.la4j.vector.sparse.CompressedVector_ESTest)
java.lang.NoSuchMethodError: org.junit.Assert.assertNotEquals(FFF)V
	at org.la4j.vector.sparse.CompressedVector_ESTest.test46(CompressedVector_ESTest.java:2687)
	at sun.reflect.NativeMethodAccessorImpl.invoke0(Native Method)
	at sun.reflect.NativeMethodAccessorImpl.invoke(NativeMethodAccessorImpl.java:62)
	at sun.reflect.DelegatingMethodAccessorImpl.invoke(DelegatingMethodAccessorImpl.java:43)
	at java.lang.reflect.Method.invoke(Method.java:498)
	at org.junit.runners.model.FrameworkMethod$1.runReflectiveCall(FrameworkMethod.java:47)
	at org.junit.internal.runners.model.ReflectiveCallable.run(ReflectiveCallable.java:12)
	at org.junit.runners.model.FrameworkMethod.invokeExplosively(FrameworkMethod.java:44)
	at org.junit.internal.runners.statements.InvokeMethod.evaluate(InvokeMethod.java:17)
	at org.junit.internal.runners.statements.FailOnTimeout$StatementThread.run(FailOnTimeout.java:74)

Executions terminated
Running the tests: [SBSTDummyForCoverageAndMutationCalculation, org.la4j.vector.sparse.CompressedVector_ESTest]
Failure: [test08(org.la4j.vector.sparse.CompressedVector_ESTest): org.junit.Assert.assertNotEquals(FFF)V, test06(org.la4j.vector.sparse.CompressedVector_ESTest): expected null, but was:<43>, test46(org.la4j.vector.sparse.CompressedVector_ESTest): org.junit.Assert.assertNotEquals(FFF)V]
Failing Tests: test08(org.la4j.vector.sparse.CompressedVector_ESTest)
java.lang.NoSuchMethodError: org.junit.Assert.assertNotEquals(FFF)V
	at org.la4j.vector.sparse.CompressedVector_ESTest.test08(CompressedVector_ESTest.java:557)
	at sun.reflect.NativeMethodAccessorImpl.invoke0(Native Method)
	at sun.reflect.NativeMethodAccessorImpl.invoke(NativeMethodAccessorImpl.java:62)
	at sun.reflect.DelegatingMethodAccessorImpl.invoke(DelegatingMethodAccessorImpl.java:43)
	at java.lang.reflect.Method.invoke(Method.java:498)
	at org.junit.runners.model.FrameworkMethod$1.runReflectiveCall(FrameworkMethod.java:47)
	at org.junit.internal.runners.model.ReflectiveCallable.run(ReflectiveCallable.java:12)
	at org.junit.runners.model.FrameworkMethod.invokeExplosively(FrameworkMethod.java:44)
	at org.junit.internal.runners.statements.InvokeMethod.evaluate(InvokeMethod.java:17)
	at org.junit.internal.runners.statements.FailOnTimeout$StatementThread.run(FailOnTimeout.java:74)

Failing Tests: test06(org.la4j.vector.sparse.CompressedVector_ESTest)
java.lang.AssertionError: expected null, but was:<43>
	at org.junit.Assert.fail(Assert.java:88)
	at org.junit.Assert.failNotNull(Assert.java:664)
	at org.junit.Assert.assertNull(Assert.java:646)
	at org.junit.Assert.assertNull(Assert.java:656)
	at org.la4j.vector.sparse.CompressedVector_ESTest.test06(CompressedVector_ESTest.java:334)
	at sun.reflect.NativeMethodAccessorImpl.invoke0(Native Method)
	at sun.reflect.NativeMethodAccessorImpl.invoke(NativeMethodAccessorImpl.java:62)
	at sun.reflect.DelegatingMethodAccessorImpl.invoke(DelegatingMethodAccessorImpl.java:43)
	at java.lang.reflect.Method.invoke(Method.java:498)
	at org.junit.runners.model.FrameworkMethod$1.runReflectiveCall(FrameworkMethod.java:47)
	at org.junit.internal.runners.model.ReflectiveCallable.run(ReflectiveCallable.java:12)
	at org.junit.runners.model.FrameworkMethod.invokeExplosively(FrameworkMethod.java:44)
	at org.junit.internal.runners.statements.InvokeMethod.evaluate(InvokeMethod.java:17)
	at org.junit.internal.runners.statements.FailOnTimeout$StatementThread.run(FailOnTimeout.java:74)

Failing Tests: test46(org.la4j.vector.sparse.CompressedVector_ESTest)
java.lang.NoSuchMethodError: org.junit.Assert.assertNotEquals(FFF)V
	at org.la4j.vector.sparse.CompressedVector_ESTest.test46(CompressedVector_ESTest.java:2687)
	at sun.reflect.NativeMethodAccessorImpl.invoke0(Native Method)
	at sun.reflect.NativeMethodAccessorImpl.invoke(NativeMethodAccessorImpl.java:62)
	at sun.reflect.DelegatingMethodAccessorImpl.invoke(DelegatingMethodAccessorImpl.java:43)
	at java.lang.reflect.Method.invoke(Method.java:498)
	at org.junit.runners.model.FrameworkMethod$1.runReflectiveCall(FrameworkMethod.java:47)
	at org.junit.internal.runners.model.ReflectiveCallable.run(ReflectiveCallable.java:12)
	at org.junit.runners.model.FrameworkMethod.invokeExplosively(FrameworkMethod.java:44)
	at org.junit.internal.runners.statements.InvokeMethod.evaluate(InvokeMethod.java:17)
	at org.junit.internal.runners.statements.FailOnTimeout$StatementThread.run(FailOnTimeout.java:74)

Executions terminated
Running the tests: [SBSTDummyForCoverageAndMutationCalculation, org.la4j.vector.sparse.CompressedVector_ESTest]
Failure: [test08(org.la4j.vector.sparse.CompressedVector_ESTest): org.junit.Assert.assertNotEquals(FFF)V, test06(org.la4j.vector.sparse.CompressedVector_ESTest): expected null, but was:<43>, test46(org.la4j.vector.sparse.CompressedVector_ESTest): org.junit.Assert.assertNotEquals(FFF)V]
Failing Tests: test08(org.la4j.vector.sparse.CompressedVector_ESTest)
java.lang.NoSuchMethodError: org.junit.Assert.assertNotEquals(FFF)V
	at org.la4j.vector.sparse.CompressedVector_ESTest.test08(CompressedVector_ESTest.java:557)
	at sun.reflect.NativeMethodAccessorImpl.invoke0(Native Method)
	at sun.reflect.NativeMethodAccessorImpl.invoke(NativeMethodAccessorImpl.java:62)
	at sun.reflect.DelegatingMethodAccessorImpl.invoke(DelegatingMethodAccessorImpl.java:43)
	at java.lang.reflect.Method.invoke(Method.java:498)
	at org.junit.runners.model.FrameworkMethod$1.runReflectiveCall(FrameworkMethod.java:47)
	at org.junit.internal.runners.model.ReflectiveCallable.run(ReflectiveCallable.java:12)
	at org.junit.runners.model.FrameworkMethod.invokeExplosively(FrameworkMethod.java:44)
	at org.junit.internal.runners.statements.InvokeMethod.evaluate(InvokeMethod.java:17)
	at org.junit.internal.runners.statements.FailOnTimeout$StatementThread.run(FailOnTimeout.java:74)

Failing Tests: test06(org.la4j.vector.sparse.CompressedVector_ESTest)
java.lang.AssertionError: expected null, but was:<43>
	at org.junit.Assert.fail(Assert.java:88)
	at org.junit.Assert.failNotNull(Assert.java:664)
	at org.junit.Assert.assertNull(Assert.java:646)
	at org.junit.Assert.assertNull(Assert.java:656)
	at org.la4j.vector.sparse.CompressedVector_ESTest.test06(CompressedVector_ESTest.java:334)
	at sun.reflect.NativeMethodAccessorImpl.invoke0(Native Method)
	at sun.reflect.NativeMethodAccessorImpl.invoke(NativeMethodAccessorImpl.java:62)
	at sun.reflect.DelegatingMethodAccessorImpl.invoke(DelegatingMethodAccessorImpl.java:43)
	at java.lang.reflect.Method.invoke(Method.java:498)
	at org.junit.runners.model.FrameworkMethod$1.runReflectiveCall(FrameworkMethod.java:47)
	at org.junit.internal.runners.model.ReflectiveCallable.run(ReflectiveCallable.java:12)
	at org.junit.runners.model.FrameworkMethod.invokeExplosively(FrameworkMethod.java:44)
	at org.junit.internal.runners.statements.InvokeMethod.evaluate(InvokeMethod.java:17)
	at org.junit.internal.runners.statements.FailOnTimeout$StatementThread.run(FailOnTimeout.java:74)

Failing Tests: test46(org.la4j.vector.sparse.CompressedVector_ESTest)
java.lang.NoSuchMethodError: org.junit.Assert.assertNotEquals(FFF)V
	at org.la4j.vector.sparse.CompressedVector_ESTest.test46(CompressedVector_ESTest.java:2687)
	at sun.reflect.NativeMethodAccessorImpl.invoke0(Native Method)
	at sun.reflect.NativeMethodAccessorImpl.invoke(NativeMethodAccessorImpl.java:62)
	at sun.reflect.DelegatingMethodAccessorImpl.invoke(DelegatingMethodAccessorImpl.java:43)
	at java.lang.reflect.Method.invoke(Method.java:498)
	at org.junit.runners.model.FrameworkMethod$1.runReflectiveCall(FrameworkMethod.java:47)
	at org.junit.internal.runners.model.ReflectiveCallable.run(ReflectiveCallable.java:12)
	at org.junit.runners.model.FrameworkMethod.invokeExplosively(FrameworkMethod.java:44)
	at org.junit.internal.runners.statements.InvokeMethod.evaluate(InvokeMethod.java:17)
	at org.junit.internal.runners.statements.FailOnTimeout$StatementThread.run(FailOnTimeout.java:74)

Executions terminated
Failure: [test08(org.la4j.vector.sparse.CompressedVector_ESTest): org.junit.Assert.assertNotEquals(FFF)V, test06(org.la4j.vector.sparse.CompressedVector_ESTest): expected null, but was:<43>, test46(org.la4j.vector.sparse.CompressedVector_ESTest): org.junit.Assert.assertNotEquals(FFF)V]
Failing Tests: test08(org.la4j.vector.sparse.CompressedVector_ESTest)
java.lang.NoSuchMethodError: org.junit.Assert.assertNotEquals(FFF)V
	at org.la4j.vector.sparse.CompressedVector_ESTest.test08(CompressedVector_ESTest.java:557)
	at sun.reflect.NativeMethodAccessorImpl.invoke0(Native Method)
	at sun.reflect.NativeMethodAccessorImpl.invoke(NativeMethodAccessorImpl.java:62)
	at sun.reflect.DelegatingMethodAccessorImpl.invoke(DelegatingMethodAccessorImpl.java:43)
	at java.lang.reflect.Method.invoke(Method.java:498)
	at org.junit.runners.model.FrameworkMethod$1.runReflectiveCall(FrameworkMethod.java:47)
	at org.junit.internal.runners.model.ReflectiveCallable.run(ReflectiveCallable.java:12)
	at org.junit.runners.model.FrameworkMethod.invokeExplosively(FrameworkMethod.java:44)
	at org.junit.internal.runners.statements.InvokeMethod.evaluate(InvokeMethod.java:17)
	at org.junit.internal.runners.statements.FailOnTimeout$StatementThread.run(FailOnTimeout.java:74)

Failing Tests: test06(org.la4j.vector.sparse.CompressedVector_ESTest)
java.lang.AssertionError: expected null, but was:<43>
	at org.junit.Assert.fail(Assert.java:88)
	at org.junit.Assert.failNotNull(Assert.java:664)
	at org.junit.Assert.assertNull(Assert.java:646)
	at org.junit.Assert.assertNull(Assert.java:656)
	at org.la4j.vector.sparse.CompressedVector_ESTest.test06(CompressedVector_ESTest.java:334)
	at sun.reflect.NativeMethodAccessorImpl.invoke0(Native Method)
	at sun.reflect.NativeMethodAccessorImpl.invoke(NativeMethodAccessorImpl.java:62)
	at sun.reflect.DelegatingMethodAccessorImpl.invoke(DelegatingMethodAccessorImpl.java:43)
	at java.lang.reflect.Method.invoke(Method.java:498)
	at org.junit.runners.model.FrameworkMethod$1.runReflectiveCall(FrameworkMethod.java:47)
	at org.junit.internal.runners.model.ReflectiveCallable.run(ReflectiveCallable.java:12)
	at org.junit.runners.model.FrameworkMethod.invokeExplosively(FrameworkMethod.java:44)
	at org.junit.internal.runners.statements.InvokeMethod.evaluate(InvokeMethod.java:17)
	at org.junit.internal.runners.statements.FailOnTimeout$StatementThread.run(FailOnTimeout.java:74)

Failing Tests: test46(org.la4j.vector.sparse.CompressedVector_ESTest)
java.lang.NoSuchMethodError: org.junit.Assert.assertNotEquals(FFF)V
	at org.la4j.vector.sparse.CompressedVector_ESTest.test46(CompressedVector_ESTest.java:2687)
	at sun.reflect.NativeMethodAccessorImpl.invoke0(Native Method)
	at sun.reflect.NativeMethodAccessorImpl.invoke(NativeMethodAccessorImpl.java:62)
	at sun.reflect.DelegatingMethodAccessorImpl.invoke(DelegatingMethodAccessorImpl.java:43)
	at java.lang.reflect.Method.invoke(Method.java:498)
	at org.junit.runners.model.FrameworkMethod$1.runReflectiveCall(FrameworkMethod.java:47)
	at org.junit.internal.runners.model.ReflectiveCallable.run(ReflectiveCallable.java:12)
	at org.junit.runners.model.FrameworkMethod.invokeExplosively(FrameworkMethod.java:44)
	at org.junit.internal.runners.statements.InvokeMethod.evaluate(InvokeMethod.java:17)
	at org.junit.internal.runners.statements.FailOnTimeout$StatementThread.run(FailOnTimeout.java:74)


=== Run Jacoco for Coverage ===
Number of instrumented file = 208
Running tests with the following classpath: 
/home/evosuite_6th/results_evosuite_120/LA4J-1_1/temp/testcases/classes_instrumented:/usr/local/bin/lib/hamcrest-core-1.3.jar:/usr/local/bin/lib/junit-4.12.jar:/home/evosuite_6th/lib/evosuite-master-1.0.6-SNAPSHOT.jar:/home/evosuite_6th/results_evosuite_120/LA4J-1_1/temp/testcases/bin
Running the tests: [SBSTDummyForCoverageAndMutationCalculation, org.la4j.vector.sparse.CompressedVector_ESTest]
Executions terminated
Number of file with coverage information = 208
Extracted coverage data for the class org/la4j/vector/sparse/CompressedVector

=== Run PIT ===
Generate mutations via PIT
 Running tests against generated Mutants
Running PITWrapper with the following data:
> CP = /usr/local/bin/lib/junit-4.12.jar:/usr/local/bin/lib/hamcrest-core-1.3.jar:/var/benchmarks/projects/la4j-0.6.0/target/classes:/home/evosuite_6th/lib/evosuite-master-1.0.6-SNAPSHOT.jar:/home/evosuite_6th/results_evosuite_120/LA4J-1_1/temp/testcases/bin
> CUT = org.la4j.vector.sparse.CompressedVector
> Test cases = [org.la4j.vector.sparse.CompressedVector_ESTest, org.la4j.vector.sparse.CompressedVector_ESTest_scaffolding]
Matching Jacoco with PIT: find covered mutations
Run tests against the covered mutations (i.e., mutants infecting on covered lines according to Jacoco)
Running the tests: [org.la4j.vector.sparse.CompressedVector_ESTest, org.la4j.vector.sparse.CompressedVector_ESTest_scaffolding]
Skipped scaffolding test org.la4j.vector.sparse.CompressedVector_ESTest_scaffolding
Executions terminated
Running the tests: [org.la4j.vector.sparse.CompressedVector_ESTest, org.la4j.vector.sparse.CompressedVector_ESTest_scaffolding]
Skipped scaffolding test org.la4j.vector.sparse.CompressedVector_ESTest_scaffolding
Executions terminated
Running the tests: [org.la4j.vector.sparse.CompressedVector_ESTest, org.la4j.vector.sparse.CompressedVector_ESTest_scaffolding]
Skipped scaffolding test org.la4j.vector.sparse.CompressedVector_ESTest_scaffolding
Executions terminated
Running the tests: [org.la4j.vector.sparse.CompressedVector_ESTest, org.la4j.vector.sparse.CompressedVector_ESTest_scaffolding]
Skipped scaffolding test org.la4j.vector.sparse.CompressedVector_ESTest_scaffolding
Executions terminated
Running the tests: [org.la4j.vector.sparse.CompressedVector_ESTest, org.la4j.vector.sparse.CompressedVector_ESTest_scaffolding]
Skipped scaffolding test org.la4j.vector.sparse.CompressedVector_ESTest_scaffolding
Executions terminated
Running the tests: [org.la4j.vector.sparse.CompressedVector_ESTest, org.la4j.vector.sparse.CompressedVector_ESTest_scaffolding]
Skipped scaffolding test org.la4j.vector.sparse.CompressedVector_ESTest_scaffolding
Executions terminated
Running the tests: [org.la4j.vector.sparse.CompressedVector_ESTest, org.la4j.vector.sparse.CompressedVector_ESTest_scaffolding]
Skipped scaffolding test org.la4j.vector.sparse.CompressedVector_ESTest_scaffolding
Executions terminated
Running the tests: [org.la4j.vector.sparse.CompressedVector_ESTest, org.la4j.vector.sparse.CompressedVector_ESTest_scaffolding]
Skipped scaffolding test org.la4j.vector.sparse.CompressedVector_ESTest_scaffolding
Executions terminated
Running the tests: [org.la4j.vector.sparse.CompressedVector_ESTest, org.la4j.vector.sparse.CompressedVector_ESTest_scaffolding]
Skipped scaffolding test org.la4j.vector.sparse.CompressedVector_ESTest_scaffolding
Executions terminated
Running the tests: [org.la4j.vector.sparse.CompressedVector_ESTest, org.la4j.vector.sparse.CompressedVector_ESTest_scaffolding]
Skipped scaffolding test org.la4j.vector.sparse.CompressedVector_ESTest_scaffolding
Executions terminated
Running the tests: [org.la4j.vector.sparse.CompressedVector_ESTest, org.la4j.vector.sparse.CompressedVector_ESTest_scaffolding]
Skipped scaffolding test org.la4j.vector.sparse.CompressedVector_ESTest_scaffolding
Executions terminated
Running the tests: [org.la4j.vector.sparse.CompressedVector_ESTest, org.la4j.vector.sparse.CompressedVector_ESTest_scaffolding]
Skipped scaffolding test org.la4j.vector.sparse.CompressedVector_ESTest_scaffolding
Executions terminated
Running the tests: [org.la4j.vector.sparse.CompressedVector_ESTest, org.la4j.vector.sparse.CompressedVector_ESTest_scaffolding]
Skipped scaffolding test org.la4j.vector.sparse.CompressedVector_ESTest_scaffolding
Executions terminated
Running the tests: [org.la4j.vector.sparse.CompressedVector_ESTest, org.la4j.vector.sparse.CompressedVector_ESTest_scaffolding]
Skipped scaffolding test org.la4j.vector.sparse.CompressedVector_ESTest_scaffolding
Executions terminated
Running the tests: [org.la4j.vector.sparse.CompressedVector_ESTest, org.la4j.vector.sparse.CompressedVector_ESTest_scaffolding]
Skipped scaffolding test org.la4j.vector.sparse.CompressedVector_ESTest_scaffolding
Executions terminated
Running the tests: [org.la4j.vector.sparse.CompressedVector_ESTest, org.la4j.vector.sparse.CompressedVector_ESTest_scaffolding]
Skipped scaffolding test org.la4j.vector.sparse.CompressedVector_ESTest_scaffolding
Executions terminated
Running the tests: [org.la4j.vector.sparse.CompressedVector_ESTest, org.la4j.vector.sparse.CompressedVector_ESTest_scaffolding]
Skipped scaffolding test org.la4j.vector.sparse.CompressedVector_ESTest_scaffolding
Executions terminated
Running the tests: [org.la4j.vector.sparse.CompressedVector_ESTest, org.la4j.vector.sparse.CompressedVector_ESTest_scaffolding]
Skipped scaffolding test org.la4j.vector.sparse.CompressedVector_ESTest_scaffolding
Executions terminated
Running the tests: [org.la4j.vector.sparse.CompressedVector_ESTest, org.la4j.vector.sparse.CompressedVector_ESTest_scaffolding]
Skipped scaffolding test org.la4j.vector.sparse.CompressedVector_ESTest_scaffolding
Executions terminated
Running the tests: [org.la4j.vector.sparse.CompressedVector_ESTest, org.la4j.vector.sparse.CompressedVector_ESTest_scaffolding]
Skipped scaffolding test org.la4j.vector.sparse.CompressedVector_ESTest_scaffolding
Executions terminated
Running the tests: [org.la4j.vector.sparse.CompressedVector_ESTest, org.la4j.vector.sparse.CompressedVector_ESTest_scaffolding]
Skipped scaffolding test org.la4j.vector.sparse.CompressedVector_ESTest_scaffolding
Executions terminated
Running the tests: [org.la4j.vector.sparse.CompressedVector_ESTest, org.la4j.vector.sparse.CompressedVector_ESTest_scaffolding]
Skipped scaffolding test org.la4j.vector.sparse.CompressedVector_ESTest_scaffolding
Executions terminated
Running the tests: [org.la4j.vector.sparse.CompressedVector_ESTest, org.la4j.vector.sparse.CompressedVector_ESTest_scaffolding]
Skipped scaffolding test org.la4j.vector.sparse.CompressedVector_ESTest_scaffolding
Executions terminated
Running the tests: [org.la4j.vector.sparse.CompressedVector_ESTest, org.la4j.vector.sparse.CompressedVector_ESTest_scaffolding]
Skipped scaffolding test org.la4j.vector.sparse.CompressedVector_ESTest_scaffolding
Executions terminated
Running the tests: [org.la4j.vector.sparse.CompressedVector_ESTest, org.la4j.vector.sparse.CompressedVector_ESTest_scaffolding]
Skipped scaffolding test org.la4j.vector.sparse.CompressedVector_ESTest_scaffolding
Executions terminated
Running the tests: [org.la4j.vector.sparse.CompressedVector_ESTest, org.la4j.vector.sparse.CompressedVector_ESTest_scaffolding]
Skipped scaffolding test org.la4j.vector.sparse.CompressedVector_ESTest_scaffolding
Executions terminated
Running the tests: [org.la4j.vector.sparse.CompressedVector_ESTest, org.la4j.vector.sparse.CompressedVector_ESTest_scaffolding]
Skipped scaffolding test org.la4j.vector.sparse.CompressedVector_ESTest_scaffolding
Executions terminated
Running the tests: [org.la4j.vector.sparse.CompressedVector_ESTest, org.la4j.vector.sparse.CompressedVector_ESTest_scaffolding]
Skipped scaffolding test org.la4j.vector.sparse.CompressedVector_ESTest_scaffolding
Executions terminated
Running the tests: [org.la4j.vector.sparse.CompressedVector_ESTest, org.la4j.vector.sparse.CompressedVector_ESTest_scaffolding]
Skipped scaffolding test org.la4j.vector.sparse.CompressedVector_ESTest_scaffolding
Executions terminated
Running the tests: [org.la4j.vector.sparse.CompressedVector_ESTest, org.la4j.vector.sparse.CompressedVector_ESTest_scaffolding]
Skipped scaffolding test org.la4j.vector.sparse.CompressedVector_ESTest_scaffolding
Executions terminated
Running the tests: [org.la4j.vector.sparse.CompressedVector_ESTest, org.la4j.vector.sparse.CompressedVector_ESTest_scaffolding]
Skipped scaffolding test org.la4j.vector.sparse.CompressedVector_ESTest_scaffolding
Executions terminated
Running the tests: [org.la4j.vector.sparse.CompressedVector_ESTest, org.la4j.vector.sparse.CompressedVector_ESTest_scaffolding]
Skipped scaffolding test org.la4j.vector.sparse.CompressedVector_ESTest_scaffolding
Executions terminated
Running the tests: [org.la4j.vector.sparse.CompressedVector_ESTest, org.la4j.vector.sparse.CompressedVector_ESTest_scaffolding]
Skipped scaffolding test org.la4j.vector.sparse.CompressedVector_ESTest_scaffolding
Executions terminated
Running the tests: [org.la4j.vector.sparse.CompressedVector_ESTest, org.la4j.vector.sparse.CompressedVector_ESTest_scaffolding]
Skipped scaffolding test org.la4j.vector.sparse.CompressedVector_ESTest_scaffolding
Executions terminated
Running the tests: [org.la4j.vector.sparse.CompressedVector_ESTest, org.la4j.vector.sparse.CompressedVector_ESTest_scaffolding]
Skipped scaffolding test org.la4j.vector.sparse.CompressedVector_ESTest_scaffolding
Executions terminated
Running the tests: [org.la4j.vector.sparse.CompressedVector_ESTest, org.la4j.vector.sparse.CompressedVector_ESTest_scaffolding]
Skipped scaffolding test org.la4j.vector.sparse.CompressedVector_ESTest_scaffolding
Executions terminated
Running the tests: [org.la4j.vector.sparse.CompressedVector_ESTest, org.la4j.vector.sparse.CompressedVector_ESTest_scaffolding]
Skipped scaffolding test org.la4j.vector.sparse.CompressedVector_ESTest_scaffolding
Executions terminated
Running the tests: [org.la4j.vector.sparse.CompressedVector_ESTest, org.la4j.vector.sparse.CompressedVector_ESTest_scaffolding]
Skipped scaffolding test org.la4j.vector.sparse.CompressedVector_ESTest_scaffolding
Executions terminated
Running the tests: [org.la4j.vector.sparse.CompressedVector_ESTest, org.la4j.vector.sparse.CompressedVector_ESTest_scaffolding]
Skipped scaffolding test org.la4j.vector.sparse.CompressedVector_ESTest_scaffolding
Executions terminated
Running the tests: [org.la4j.vector.sparse.CompressedVector_ESTest, org.la4j.vector.sparse.CompressedVector_ESTest_scaffolding]
Skipped scaffolding test org.la4j.vector.sparse.CompressedVector_ESTest_scaffolding
Executions terminated
Running the tests: [org.la4j.vector.sparse.CompressedVector_ESTest, org.la4j.vector.sparse.CompressedVector_ESTest_scaffolding]
Skipped scaffolding test org.la4j.vector.sparse.CompressedVector_ESTest_scaffolding
Executions terminated
Running the tests: [org.la4j.vector.sparse.CompressedVector_ESTest, org.la4j.vector.sparse.CompressedVector_ESTest_scaffolding]
Skipped scaffolding test org.la4j.vector.sparse.CompressedVector_ESTest_scaffolding
Executions terminated
Running the tests: [org.la4j.vector.sparse.CompressedVector_ESTest, org.la4j.vector.sparse.CompressedVector_ESTest_scaffolding]
Skipped scaffolding test org.la4j.vector.sparse.CompressedVector_ESTest_scaffolding
Executions terminated
Running the tests: [org.la4j.vector.sparse.CompressedVector_ESTest, org.la4j.vector.sparse.CompressedVector_ESTest_scaffolding]
Skipped scaffolding test org.la4j.vector.sparse.CompressedVector_ESTest_scaffolding
Executions terminated
Running the tests: [org.la4j.vector.sparse.CompressedVector_ESTest, org.la4j.vector.sparse.CompressedVector_ESTest_scaffolding]
Skipped scaffolding test org.la4j.vector.sparse.CompressedVector_ESTest_scaffolding
Executions terminated
Running the tests: [org.la4j.vector.sparse.CompressedVector_ESTest, org.la4j.vector.sparse.CompressedVector_ESTest_scaffolding]
Skipped scaffolding test org.la4j.vector.sparse.CompressedVector_ESTest_scaffolding
Executions terminated
Running the tests: [org.la4j.vector.sparse.CompressedVector_ESTest, org.la4j.vector.sparse.CompressedVector_ESTest_scaffolding]
Skipped scaffolding test org.la4j.vector.sparse.CompressedVector_ESTest_scaffolding
Executions terminated
Running the tests: [org.la4j.vector.sparse.CompressedVector_ESTest, org.la4j.vector.sparse.CompressedVector_ESTest_scaffolding]
Skipped scaffolding test org.la4j.vector.sparse.CompressedVector_ESTest_scaffolding
Executions terminated
Running the tests: [org.la4j.vector.sparse.CompressedVector_ESTest, org.la4j.vector.sparse.CompressedVector_ESTest_scaffolding]
Skipped scaffolding test org.la4j.vector.sparse.CompressedVector_ESTest_scaffolding
Executions terminated
Running the tests: [org.la4j.vector.sparse.CompressedVector_ESTest, org.la4j.vector.sparse.CompressedVector_ESTest_scaffolding]
Skipped scaffolding test org.la4j.vector.sparse.CompressedVector_ESTest_scaffolding
Executions terminated
Running the tests: [org.la4j.vector.sparse.CompressedVector_ESTest, org.la4j.vector.sparse.CompressedVector_ESTest_scaffolding]
Skipped scaffolding test org.la4j.vector.sparse.CompressedVector_ESTest_scaffolding
Executions terminated
Running the tests: [org.la4j.vector.sparse.CompressedVector_ESTest, org.la4j.vector.sparse.CompressedVector_ESTest_scaffolding]
Skipped scaffolding test org.la4j.vector.sparse.CompressedVector_ESTest_scaffolding
Executions terminated
Running the tests: [org.la4j.vector.sparse.CompressedVector_ESTest, org.la4j.vector.sparse.CompressedVector_ESTest_scaffolding]
Skipped scaffolding test org.la4j.vector.sparse.CompressedVector_ESTest_scaffolding
Executions terminated
Running the tests: [org.la4j.vector.sparse.CompressedVector_ESTest, org.la4j.vector.sparse.CompressedVector_ESTest_scaffolding]
Skipped scaffolding test org.la4j.vector.sparse.CompressedVector_ESTest_scaffolding
Executions terminated
Running the tests: [org.la4j.vector.sparse.CompressedVector_ESTest, org.la4j.vector.sparse.CompressedVector_ESTest_scaffolding]
Skipped scaffolding test org.la4j.vector.sparse.CompressedVector_ESTest_scaffolding
Executions terminated
Running the tests: [org.la4j.vector.sparse.CompressedVector_ESTest, org.la4j.vector.sparse.CompressedVector_ESTest_scaffolding]
Skipped scaffolding test org.la4j.vector.sparse.CompressedVector_ESTest_scaffolding
Executions terminated
Running the tests: [org.la4j.vector.sparse.CompressedVector_ESTest, org.la4j.vector.sparse.CompressedVector_ESTest_scaffolding]
Skipped scaffolding test org.la4j.vector.sparse.CompressedVector_ESTest_scaffolding
Executions terminated
Running the tests: [org.la4j.vector.sparse.CompressedVector_ESTest, org.la4j.vector.sparse.CompressedVector_ESTest_scaffolding]
Skipped scaffolding test org.la4j.vector.sparse.CompressedVector_ESTest_scaffolding
Executions terminated
Running the tests: [org.la4j.vector.sparse.CompressedVector_ESTest, org.la4j.vector.sparse.CompressedVector_ESTest_scaffolding]
Skipped scaffolding test org.la4j.vector.sparse.CompressedVector_ESTest_scaffolding
Executions terminated
Running the tests: [org.la4j.vector.sparse.CompressedVector_ESTest, org.la4j.vector.sparse.CompressedVector_ESTest_scaffolding]
Skipped scaffolding test org.la4j.vector.sparse.CompressedVector_ESTest_scaffolding
Executions terminated
Running the tests: [org.la4j.vector.sparse.CompressedVector_ESTest, org.la4j.vector.sparse.CompressedVector_ESTest_scaffolding]
Skipped scaffolding test org.la4j.vector.sparse.CompressedVector_ESTest_scaffolding
Executions terminated
Running the tests: [org.la4j.vector.sparse.CompressedVector_ESTest, org.la4j.vector.sparse.CompressedVector_ESTest_scaffolding]
Skipped scaffolding test org.la4j.vector.sparse.CompressedVector_ESTest_scaffolding
Executions terminated
Running the tests: [org.la4j.vector.sparse.CompressedVector_ESTest, org.la4j.vector.sparse.CompressedVector_ESTest_scaffolding]
Skipped scaffolding test org.la4j.vector.sparse.CompressedVector_ESTest_scaffolding
Executions terminated
Running the tests: [org.la4j.vector.sparse.CompressedVector_ESTest, org.la4j.vector.sparse.CompressedVector_ESTest_scaffolding]
Skipped scaffolding test org.la4j.vector.sparse.CompressedVector_ESTest_scaffolding
Executions terminated
Running the tests: [org.la4j.vector.sparse.CompressedVector_ESTest, org.la4j.vector.sparse.CompressedVector_ESTest_scaffolding]
Skipped scaffolding test org.la4j.vector.sparse.CompressedVector_ESTest_scaffolding
Executions terminated
Running the tests: [org.la4j.vector.sparse.CompressedVector_ESTest, org.la4j.vector.sparse.CompressedVector_ESTest_scaffolding]
Skipped scaffolding test org.la4j.vector.sparse.CompressedVector_ESTest_scaffolding
Executions terminated
Running the tests: [org.la4j.vector.sparse.CompressedVector_ESTest, org.la4j.vector.sparse.CompressedVector_ESTest_scaffolding]
Skipped scaffolding test org.la4j.vector.sparse.CompressedVector_ESTest_scaffolding
Executions terminated
Running the tests: [org.la4j.vector.sparse.CompressedVector_ESTest, org.la4j.vector.sparse.CompressedVector_ESTest_scaffolding]
Skipped scaffolding test org.la4j.vector.sparse.CompressedVector_ESTest_scaffolding
Executions terminated
Running the tests: [org.la4j.vector.sparse.CompressedVector_ESTest, org.la4j.vector.sparse.CompressedVector_ESTest_scaffolding]
Skipped scaffolding test org.la4j.vector.sparse.CompressedVector_ESTest_scaffolding
Executions terminated
Running the tests: [org.la4j.vector.sparse.CompressedVector_ESTest, org.la4j.vector.sparse.CompressedVector_ESTest_scaffolding]
Skipped scaffolding test org.la4j.vector.sparse.CompressedVector_ESTest_scaffolding
Executions terminated
Running the tests: [org.la4j.vector.sparse.CompressedVector_ESTest, org.la4j.vector.sparse.CompressedVector_ESTest_scaffolding]
Skipped scaffolding test org.la4j.vector.sparse.CompressedVector_ESTest_scaffolding
Executions terminated
Running the tests: [org.la4j.vector.sparse.CompressedVector_ESTest, org.la4j.vector.sparse.CompressedVector_ESTest_scaffolding]
Skipped scaffolding test org.la4j.vector.sparse.CompressedVector_ESTest_scaffolding
Executions terminated
Running the tests: [org.la4j.vector.sparse.CompressedVector_ESTest, org.la4j.vector.sparse.CompressedVector_ESTest_scaffolding]
Skipped scaffolding test org.la4j.vector.sparse.CompressedVector_ESTest_scaffolding
Executions terminated
Running the tests: [org.la4j.vector.sparse.CompressedVector_ESTest, org.la4j.vector.sparse.CompressedVector_ESTest_scaffolding]
Skipped scaffolding test org.la4j.vector.sparse.CompressedVector_ESTest_scaffolding
Executions terminated
Running the tests: [org.la4j.vector.sparse.CompressedVector_ESTest, org.la4j.vector.sparse.CompressedVector_ESTest_scaffolding]
Skipped scaffolding test org.la4j.vector.sparse.CompressedVector_ESTest_scaffolding
Executions terminated
Running the tests: [org.la4j.vector.sparse.CompressedVector_ESTest, org.la4j.vector.sparse.CompressedVector_ESTest_scaffolding]
Skipped scaffolding test org.la4j.vector.sparse.CompressedVector_ESTest_scaffolding
Executions terminated
Running the tests: [org.la4j.vector.sparse.CompressedVector_ESTest, org.la4j.vector.sparse.CompressedVector_ESTest_scaffolding]
Skipped scaffolding test org.la4j.vector.sparse.CompressedVector_ESTest_scaffolding
Executions terminated
Running the tests: [org.la4j.vector.sparse.CompressedVector_ESTest, org.la4j.vector.sparse.CompressedVector_ESTest_scaffolding]
Skipped scaffolding test org.la4j.vector.sparse.CompressedVector_ESTest_scaffolding
Executions terminated
Running the tests: [org.la4j.vector.sparse.CompressedVector_ESTest, org.la4j.vector.sparse.CompressedVector_ESTest_scaffolding]
Skipped scaffolding test org.la4j.vector.sparse.CompressedVector_ESTest_scaffolding
Executions terminated
Running the tests: [org.la4j.vector.sparse.CompressedVector_ESTest, org.la4j.vector.sparse.CompressedVector_ESTest_scaffolding]
Skipped scaffolding test org.la4j.vector.sparse.CompressedVector_ESTest_scaffolding
Executions terminated
Running the tests: [org.la4j.vector.sparse.CompressedVector_ESTest, org.la4j.vector.sparse.CompressedVector_ESTest_scaffolding]
Skipped scaffolding test org.la4j.vector.sparse.CompressedVector_ESTest_scaffolding
Executions terminated
Running the tests: [org.la4j.vector.sparse.CompressedVector_ESTest, org.la4j.vector.sparse.CompressedVector_ESTest_scaffolding]
Skipped scaffolding test org.la4j.vector.sparse.CompressedVector_ESTest_scaffolding
Executions terminated
Running the tests: [org.la4j.vector.sparse.CompressedVector_ESTest, org.la4j.vector.sparse.CompressedVector_ESTest_scaffolding]
Skipped scaffolding test org.la4j.vector.sparse.CompressedVector_ESTest_scaffolding
Executions terminated

>>> RESULTS:
	Tool name: evosuite
	Benchmark: LA4J-1
	Class Under Test: org.la4j.vector.sparse.CompressedVector
	Run number: 1
	Tool preparation time (ms): 361
	Tool test cases generation time (ms): 117104
	Test cases execution time (ms): 5957
	Test case number: 73
	Uncompilable Test Classes: 0
	Broken tests number: 3
	Failing tests number: 0
	Lines total: 198
	Lines covered: 174
	Lines coverage ratio (%): 87.878784
	Conditions total: 126
	Conditions covered: 95
	Conditions coverage ratio (%): 75.39682
	Mutants total: 102
	Mutants covered: 83
	Mutants coverage ratio (%): 81.37254
	Mutants killed: 83
	Mutants killed ratio (%): 81.37254
	Mutants alive: 19


Class org.la4j.vector.sparse.CompressedVector ended.
Stopping process...
Tool subprocess is an instance of java.lang.UNIXProcess
Tool subprocess Id is 30385
Killing master process 30385
Executing command kill -9 30385
Execution of command kill -9 30385 finished.
Process was destroyed
