
>>> TOOL NAME:  evosuite

>>> BENCHMARK:  FREEHEP-7

>>> RUN NUMBER: 1

>>> MODE: --only-compute-metrics
Creating directory ./temp
Creating directory ./temp/data
Creating directory ./temp/testcases
Executing /home/evosuite_6th/./runtool
>> BENCHMARK
>> /var/benchmarks/projects/freehep/math/freehep-jminuit/src/main/java
>> /var/benchmarks/projects/freehep/math/freehep-jminuit/target/classes
>> 1
>> /var/benchmarks/projects/freehep/math/freehep-jminuit/target/classes
>> 0
expecting CLASSPATH or READY
<< CLASSPATH
expecting number
<< 1
expecting directory or jar file
<< /home/evosuite_6th/lib/evosuite-master-1.0.6-SNAPSHOT.jar
<< READY
>> 120


### COMPUTING METRICS ###: org.freehep.math.minuit.MnHesse


Starting class org.freehep.math.minuit.MnHesse


Ending class org.freehep.math.minuit.MnHesse
Creating directory results_evosuite_120/FREEHEP-7_1/temp/testcases/bin
Creating dummy JUnit test file

---Compilation---

===
javac command line:
/usr/lib/jvm/java-8-oracle/bin/javac -sourcepath /home/evosuite_6th/results_evosuite_120/FREEHEP-7_1/temp/testcases -cp /var/benchmarks/projects/freehep/math/freehep-jminuit/target/classes:/usr/local/bin/lib/junit-4.12.jar:/usr/local/bin/lib/hamcrest-core-1.3.jar:/home/evosuite_6th/lib/evosuite-master-1.0.6-SNAPSHOT.jar -d results_evosuite_120/FREEHEP-7_1/temp/testcases/bin /home/evosuite_6th/results_evosuite_120/FREEHEP-7_1/temp/testcases/SBSTDummyForCoverageAndMutationCalculation.java

Compiling with scaffolding tests
>>  /home/evosuite_6th/results_evosuite_120/FREEHEP-7_1/temp/testcases/org/freehep/math/minuit/MnHesse_ESTest_scaffolding.java /home/evosuite_6th/results_evosuite_120/FREEHEP-7_1/temp/testcases/org/freehep/math/minuit/MnHesse_ESTest.java

===
javac command line:
/usr/lib/jvm/java-8-oracle/bin/javac -sourcepath /home/evosuite_6th/results_evosuite_120/FREEHEP-7_1/temp/testcases -cp /var/benchmarks/projects/freehep/math/freehep-jminuit/target/classes:/usr/local/bin/lib/junit-4.12.jar:/usr/local/bin/lib/hamcrest-core-1.3.jar:/home/evosuite_6th/lib/evosuite-master-1.0.6-SNAPSHOT.jar -d results_evosuite_120/FREEHEP-7_1/temp/testcases/bin  /home/evosuite_6th/results_evosuite_120/FREEHEP-7_1/temp/testcases/org/freehep/math/minuit/MnHesse_ESTest_scaffolding.java /home/evosuite_6th/results_evosuite_120/FREEHEP-7_1/temp/testcases/org/freehep/math/minuit/MnHesse_ESTest.java

Compiled 'org/freehep/math/minuit/MnHesse_ESTest.java'
Compiling with scaffolding tests

---Timing Information---
Running tests with the following classpath: 
/var/benchmarks/projects/freehep/math/freehep-jminuit/target/classes:/usr/local/bin/lib/junit-4.12.jar:/usr/local/bin/lib/hamcrest-core-1.3.jar:/home/evosuite_6th/results_evosuite_120/FREEHEP-7_1/temp/testcases/bin:/home/evosuite_6th/lib/evosuite-master-1.0.6-SNAPSHOT.jar
Running the tests: [SBSTDummyForCoverageAndMutationCalculation, org.freehep.math.minuit.MnHesse_ESTest]
Executions terminated
Failure: [test06(org.freehep.math.minuit.MnHesse_ESTest): null, test07(org.freehep.math.minuit.MnHesse_ESTest): null, test23(org.freehep.math.minuit.MnHesse_ESTest): null]
Failing Tests: test06(org.freehep.math.minuit.MnHesse_ESTest)
java.lang.AssertionError
	at org.freehep.math.minuit.MnUserParameterState.<init>(MnUserParameterState.java:153)
	at org.freehep.math.minuit.MnHesse.calculate(MnHesse.java:72)
	at org.freehep.math.minuit.MnHesse_ESTest.test06(MnHesse_ESTest.java:451)
	at sun.reflect.NativeMethodAccessorImpl.invoke0(Native Method)
	at sun.reflect.NativeMethodAccessorImpl.invoke(NativeMethodAccessorImpl.java:62)
	at sun.reflect.DelegatingMethodAccessorImpl.invoke(DelegatingMethodAccessorImpl.java:43)
	at java.lang.reflect.Method.invoke(Method.java:498)
	at org.junit.runners.model.FrameworkMethod$1.runReflectiveCall(FrameworkMethod.java:47)
	at org.junit.internal.runners.model.ReflectiveCallable.run(ReflectiveCallable.java:12)
	at org.junit.runners.model.FrameworkMethod.invokeExplosively(FrameworkMethod.java:44)
	at org.junit.internal.runners.statements.InvokeMethod.evaluate(InvokeMethod.java:17)
	at org.junit.internal.runners.statements.FailOnTimeout$StatementThread.run(FailOnTimeout.java:74)

Failing Tests: test07(org.freehep.math.minuit.MnHesse_ESTest)
java.lang.AssertionError
	at org.freehep.math.minuit.MnUserParameterState.<init>(MnUserParameterState.java:153)
	at org.freehep.math.minuit.MnHesse.calculate(MnHesse.java:72)
	at org.freehep.math.minuit.MnHesse_ESTest.test07(MnHesse_ESTest.java:545)
	at sun.reflect.NativeMethodAccessorImpl.invoke0(Native Method)
	at sun.reflect.NativeMethodAccessorImpl.invoke(NativeMethodAccessorImpl.java:62)
	at sun.reflect.DelegatingMethodAccessorImpl.invoke(DelegatingMethodAccessorImpl.java:43)
	at java.lang.reflect.Method.invoke(Method.java:498)
	at org.junit.runners.model.FrameworkMethod$1.runReflectiveCall(FrameworkMethod.java:47)
	at org.junit.internal.runners.model.ReflectiveCallable.run(ReflectiveCallable.java:12)
	at org.junit.runners.model.FrameworkMethod.invokeExplosively(FrameworkMethod.java:44)
	at org.junit.internal.runners.statements.InvokeMethod.evaluate(InvokeMethod.java:17)
	at org.junit.internal.runners.statements.FailOnTimeout$StatementThread.run(FailOnTimeout.java:74)

Failing Tests: test23(org.freehep.math.minuit.MnHesse_ESTest)
java.lang.AssertionError
	at org.freehep.math.minuit.MnUserParameterState.<init>(MnUserParameterState.java:153)
	at org.freehep.math.minuit.MnHesse.calculate(MnHesse.java:72)
	at org.freehep.math.minuit.MnHesse_ESTest.test23(MnHesse_ESTest.java:1444)
	at sun.reflect.NativeMethodAccessorImpl.invoke0(Native Method)
	at sun.reflect.NativeMethodAccessorImpl.invoke(NativeMethodAccessorImpl.java:62)
	at sun.reflect.DelegatingMethodAccessorImpl.invoke(DelegatingMethodAccessorImpl.java:43)
	at java.lang.reflect.Method.invoke(Method.java:498)
	at org.junit.runners.model.FrameworkMethod$1.runReflectiveCall(FrameworkMethod.java:47)
	at org.junit.internal.runners.model.ReflectiveCallable.run(ReflectiveCallable.java:12)
	at org.junit.runners.model.FrameworkMethod.invokeExplosively(FrameworkMethod.java:44)
	at org.junit.internal.runners.statements.InvokeMethod.evaluate(InvokeMethod.java:17)
	at org.junit.internal.runners.statements.FailOnTimeout$StatementThread.run(FailOnTimeout.java:74)


---The tests are re-executed other four times to find the flaky ones---
Running the tests: [SBSTDummyForCoverageAndMutationCalculation, org.freehep.math.minuit.MnHesse_ESTest]
Executions terminated
Running the tests: [SBSTDummyForCoverageAndMutationCalculation, org.freehep.math.minuit.MnHesse_ESTest]
Failure: [test06(org.freehep.math.minuit.MnHesse_ESTest): null, test07(org.freehep.math.minuit.MnHesse_ESTest): null, test23(org.freehep.math.minuit.MnHesse_ESTest): null]
Failing Tests: test06(org.freehep.math.minuit.MnHesse_ESTest)
java.lang.AssertionError
	at org.freehep.math.minuit.MnUserParameterState.<init>(MnUserParameterState.java:153)
	at org.freehep.math.minuit.MnHesse.calculate(MnHesse.java:72)
	at org.freehep.math.minuit.MnHesse_ESTest.test06(MnHesse_ESTest.java:451)
	at sun.reflect.NativeMethodAccessorImpl.invoke0(Native Method)
	at sun.reflect.NativeMethodAccessorImpl.invoke(NativeMethodAccessorImpl.java:62)
	at sun.reflect.DelegatingMethodAccessorImpl.invoke(DelegatingMethodAccessorImpl.java:43)
	at java.lang.reflect.Method.invoke(Method.java:498)
	at org.junit.runners.model.FrameworkMethod$1.runReflectiveCall(FrameworkMethod.java:47)
	at org.junit.internal.runners.model.ReflectiveCallable.run(ReflectiveCallable.java:12)
	at org.junit.runners.model.FrameworkMethod.invokeExplosively(FrameworkMethod.java:44)
	at org.junit.internal.runners.statements.InvokeMethod.evaluate(InvokeMethod.java:17)
	at org.junit.internal.runners.statements.FailOnTimeout$StatementThread.run(FailOnTimeout.java:74)

Failing Tests: test07(org.freehep.math.minuit.MnHesse_ESTest)
java.lang.AssertionError
	at org.freehep.math.minuit.MnUserParameterState.<init>(MnUserParameterState.java:153)
	at org.freehep.math.minuit.MnHesse.calculate(MnHesse.java:72)
	at org.freehep.math.minuit.MnHesse_ESTest.test07(MnHesse_ESTest.java:545)
	at sun.reflect.NativeMethodAccessorImpl.invoke0(Native Method)
	at sun.reflect.NativeMethodAccessorImpl.invoke(NativeMethodAccessorImpl.java:62)
	at sun.reflect.DelegatingMethodAccessorImpl.invoke(DelegatingMethodAccessorImpl.java:43)
	at java.lang.reflect.Method.invoke(Method.java:498)
	at org.junit.runners.model.FrameworkMethod$1.runReflectiveCall(FrameworkMethod.java:47)
	at org.junit.internal.runners.model.ReflectiveCallable.run(ReflectiveCallable.java:12)
	at org.junit.runners.model.FrameworkMethod.invokeExplosively(FrameworkMethod.java:44)
	at org.junit.internal.runners.statements.InvokeMethod.evaluate(InvokeMethod.java:17)
	at org.junit.internal.runners.statements.FailOnTimeout$StatementThread.run(FailOnTimeout.java:74)

Failing Tests: test23(org.freehep.math.minuit.MnHesse_ESTest)
java.lang.AssertionError
	at org.freehep.math.minuit.MnUserParameterState.<init>(MnUserParameterState.java:153)
	at org.freehep.math.minuit.MnHesse.calculate(MnHesse.java:72)
	at org.freehep.math.minuit.MnHesse_ESTest.test23(MnHesse_ESTest.java:1444)
	at sun.reflect.NativeMethodAccessorImpl.invoke0(Native Method)
	at sun.reflect.NativeMethodAccessorImpl.invoke(NativeMethodAccessorImpl.java:62)
	at sun.reflect.DelegatingMethodAccessorImpl.invoke(DelegatingMethodAccessorImpl.java:43)
	at java.lang.reflect.Method.invoke(Method.java:498)
	at org.junit.runners.model.FrameworkMethod$1.runReflectiveCall(FrameworkMethod.java:47)
	at org.junit.internal.runners.model.ReflectiveCallable.run(ReflectiveCallable.java:12)
	at org.junit.runners.model.FrameworkMethod.invokeExplosively(FrameworkMethod.java:44)
	at org.junit.internal.runners.statements.InvokeMethod.evaluate(InvokeMethod.java:17)
	at org.junit.internal.runners.statements.FailOnTimeout$StatementThread.run(FailOnTimeout.java:74)

Executions terminated
Running the tests: [SBSTDummyForCoverageAndMutationCalculation, org.freehep.math.minuit.MnHesse_ESTest]
Failure: [test06(org.freehep.math.minuit.MnHesse_ESTest): null, test07(org.freehep.math.minuit.MnHesse_ESTest): null, test23(org.freehep.math.minuit.MnHesse_ESTest): null]
Failing Tests: test06(org.freehep.math.minuit.MnHesse_ESTest)
java.lang.AssertionError
	at org.freehep.math.minuit.MnUserParameterState.<init>(MnUserParameterState.java:153)
	at org.freehep.math.minuit.MnHesse.calculate(MnHesse.java:72)
	at org.freehep.math.minuit.MnHesse_ESTest.test06(MnHesse_ESTest.java:451)
	at sun.reflect.NativeMethodAccessorImpl.invoke0(Native Method)
	at sun.reflect.NativeMethodAccessorImpl.invoke(NativeMethodAccessorImpl.java:62)
	at sun.reflect.DelegatingMethodAccessorImpl.invoke(DelegatingMethodAccessorImpl.java:43)
	at java.lang.reflect.Method.invoke(Method.java:498)
	at org.junit.runners.model.FrameworkMethod$1.runReflectiveCall(FrameworkMethod.java:47)
	at org.junit.internal.runners.model.ReflectiveCallable.run(ReflectiveCallable.java:12)
	at org.junit.runners.model.FrameworkMethod.invokeExplosively(FrameworkMethod.java:44)
	at org.junit.internal.runners.statements.InvokeMethod.evaluate(InvokeMethod.java:17)
	at org.junit.internal.runners.statements.FailOnTimeout$StatementThread.run(FailOnTimeout.java:74)

Failing Tests: test07(org.freehep.math.minuit.MnHesse_ESTest)
java.lang.AssertionError
	at org.freehep.math.minuit.MnUserParameterState.<init>(MnUserParameterState.java:153)
	at org.freehep.math.minuit.MnHesse.calculate(MnHesse.java:72)
	at org.freehep.math.minuit.MnHesse_ESTest.test07(MnHesse_ESTest.java:545)
	at sun.reflect.NativeMethodAccessorImpl.invoke0(Native Method)
	at sun.reflect.NativeMethodAccessorImpl.invoke(NativeMethodAccessorImpl.java:62)
	at sun.reflect.DelegatingMethodAccessorImpl.invoke(DelegatingMethodAccessorImpl.java:43)
	at java.lang.reflect.Method.invoke(Method.java:498)
	at org.junit.runners.model.FrameworkMethod$1.runReflectiveCall(FrameworkMethod.java:47)
	at org.junit.internal.runners.model.ReflectiveCallable.run(ReflectiveCallable.java:12)
	at org.junit.runners.model.FrameworkMethod.invokeExplosively(FrameworkMethod.java:44)
	at org.junit.internal.runners.statements.InvokeMethod.evaluate(InvokeMethod.java:17)
	at org.junit.internal.runners.statements.FailOnTimeout$StatementThread.run(FailOnTimeout.java:74)

Failing Tests: test23(org.freehep.math.minuit.MnHesse_ESTest)
java.lang.AssertionError
	at org.freehep.math.minuit.MnUserParameterState.<init>(MnUserParameterState.java:153)
	at org.freehep.math.minuit.MnHesse.calculate(MnHesse.java:72)
	at org.freehep.math.minuit.MnHesse_ESTest.test23(MnHesse_ESTest.java:1444)
	at sun.reflect.NativeMethodAccessorImpl.invoke0(Native Method)
	at sun.reflect.NativeMethodAccessorImpl.invoke(NativeMethodAccessorImpl.java:62)
	at sun.reflect.DelegatingMethodAccessorImpl.invoke(DelegatingMethodAccessorImpl.java:43)
	at java.lang.reflect.Method.invoke(Method.java:498)
	at org.junit.runners.model.FrameworkMethod$1.runReflectiveCall(FrameworkMethod.java:47)
	at org.junit.internal.runners.model.ReflectiveCallable.run(ReflectiveCallable.java:12)
	at org.junit.runners.model.FrameworkMethod.invokeExplosively(FrameworkMethod.java:44)
	at org.junit.internal.runners.statements.InvokeMethod.evaluate(InvokeMethod.java:17)
	at org.junit.internal.runners.statements.FailOnTimeout$StatementThread.run(FailOnTimeout.java:74)

Executions terminated
Running the tests: [SBSTDummyForCoverageAndMutationCalculation, org.freehep.math.minuit.MnHesse_ESTest]
Failure: [test06(org.freehep.math.minuit.MnHesse_ESTest): null, test07(org.freehep.math.minuit.MnHesse_ESTest): null, test23(org.freehep.math.minuit.MnHesse_ESTest): null]
Failing Tests: test06(org.freehep.math.minuit.MnHesse_ESTest)
java.lang.AssertionError
	at org.freehep.math.minuit.MnUserParameterState.<init>(MnUserParameterState.java:153)
	at org.freehep.math.minuit.MnHesse.calculate(MnHesse.java:72)
	at org.freehep.math.minuit.MnHesse_ESTest.test06(MnHesse_ESTest.java:451)
	at sun.reflect.NativeMethodAccessorImpl.invoke0(Native Method)
	at sun.reflect.NativeMethodAccessorImpl.invoke(NativeMethodAccessorImpl.java:62)
	at sun.reflect.DelegatingMethodAccessorImpl.invoke(DelegatingMethodAccessorImpl.java:43)
	at java.lang.reflect.Method.invoke(Method.java:498)
	at org.junit.runners.model.FrameworkMethod$1.runReflectiveCall(FrameworkMethod.java:47)
	at org.junit.internal.runners.model.ReflectiveCallable.run(ReflectiveCallable.java:12)
	at org.junit.runners.model.FrameworkMethod.invokeExplosively(FrameworkMethod.java:44)
	at org.junit.internal.runners.statements.InvokeMethod.evaluate(InvokeMethod.java:17)
	at org.junit.internal.runners.statements.FailOnTimeout$StatementThread.run(FailOnTimeout.java:74)

Failing Tests: test07(org.freehep.math.minuit.MnHesse_ESTest)
java.lang.AssertionError
	at org.freehep.math.minuit.MnUserParameterState.<init>(MnUserParameterState.java:153)
	at org.freehep.math.minuit.MnHesse.calculate(MnHesse.java:72)
	at org.freehep.math.minuit.MnHesse_ESTest.test07(MnHesse_ESTest.java:545)
	at sun.reflect.NativeMethodAccessorImpl.invoke0(Native Method)
	at sun.reflect.NativeMethodAccessorImpl.invoke(NativeMethodAccessorImpl.java:62)
	at sun.reflect.DelegatingMethodAccessorImpl.invoke(DelegatingMethodAccessorImpl.java:43)
	at java.lang.reflect.Method.invoke(Method.java:498)
	at org.junit.runners.model.FrameworkMethod$1.runReflectiveCall(FrameworkMethod.java:47)
	at org.junit.internal.runners.model.ReflectiveCallable.run(ReflectiveCallable.java:12)
	at org.junit.runners.model.FrameworkMethod.invokeExplosively(FrameworkMethod.java:44)
	at org.junit.internal.runners.statements.InvokeMethod.evaluate(InvokeMethod.java:17)
	at org.junit.internal.runners.statements.FailOnTimeout$StatementThread.run(FailOnTimeout.java:74)

Failing Tests: test23(org.freehep.math.minuit.MnHesse_ESTest)
java.lang.AssertionError
	at org.freehep.math.minuit.MnUserParameterState.<init>(MnUserParameterState.java:153)
	at org.freehep.math.minuit.MnHesse.calculate(MnHesse.java:72)
	at org.freehep.math.minuit.MnHesse_ESTest.test23(MnHesse_ESTest.java:1444)
	at sun.reflect.NativeMethodAccessorImpl.invoke0(Native Method)
	at sun.reflect.NativeMethodAccessorImpl.invoke(NativeMethodAccessorImpl.java:62)
	at sun.reflect.DelegatingMethodAccessorImpl.invoke(DelegatingMethodAccessorImpl.java:43)
	at java.lang.reflect.Method.invoke(Method.java:498)
	at org.junit.runners.model.FrameworkMethod$1.runReflectiveCall(FrameworkMethod.java:47)
	at org.junit.internal.runners.model.ReflectiveCallable.run(ReflectiveCallable.java:12)
	at org.junit.runners.model.FrameworkMethod.invokeExplosively(FrameworkMethod.java:44)
	at org.junit.internal.runners.statements.InvokeMethod.evaluate(InvokeMethod.java:17)
	at org.junit.internal.runners.statements.FailOnTimeout$StatementThread.run(FailOnTimeout.java:74)

Executions terminated
Failure: [test06(org.freehep.math.minuit.MnHesse_ESTest): null, test07(org.freehep.math.minuit.MnHesse_ESTest): null, test23(org.freehep.math.minuit.MnHesse_ESTest): null]
Failing Tests: test06(org.freehep.math.minuit.MnHesse_ESTest)
java.lang.AssertionError
	at org.freehep.math.minuit.MnUserParameterState.<init>(MnUserParameterState.java:153)
	at org.freehep.math.minuit.MnHesse.calculate(MnHesse.java:72)
	at org.freehep.math.minuit.MnHesse_ESTest.test06(MnHesse_ESTest.java:451)
	at sun.reflect.NativeMethodAccessorImpl.invoke0(Native Method)
	at sun.reflect.NativeMethodAccessorImpl.invoke(NativeMethodAccessorImpl.java:62)
	at sun.reflect.DelegatingMethodAccessorImpl.invoke(DelegatingMethodAccessorImpl.java:43)
	at java.lang.reflect.Method.invoke(Method.java:498)
	at org.junit.runners.model.FrameworkMethod$1.runReflectiveCall(FrameworkMethod.java:47)
	at org.junit.internal.runners.model.ReflectiveCallable.run(ReflectiveCallable.java:12)
	at org.junit.runners.model.FrameworkMethod.invokeExplosively(FrameworkMethod.java:44)
	at org.junit.internal.runners.statements.InvokeMethod.evaluate(InvokeMethod.java:17)
	at org.junit.internal.runners.statements.FailOnTimeout$StatementThread.run(FailOnTimeout.java:74)

Failing Tests: test07(org.freehep.math.minuit.MnHesse_ESTest)
java.lang.AssertionError
	at org.freehep.math.minuit.MnUserParameterState.<init>(MnUserParameterState.java:153)
	at org.freehep.math.minuit.MnHesse.calculate(MnHesse.java:72)
	at org.freehep.math.minuit.MnHesse_ESTest.test07(MnHesse_ESTest.java:545)
	at sun.reflect.NativeMethodAccessorImpl.invoke0(Native Method)
	at sun.reflect.NativeMethodAccessorImpl.invoke(NativeMethodAccessorImpl.java:62)
	at sun.reflect.DelegatingMethodAccessorImpl.invoke(DelegatingMethodAccessorImpl.java:43)
	at java.lang.reflect.Method.invoke(Method.java:498)
	at org.junit.runners.model.FrameworkMethod$1.runReflectiveCall(FrameworkMethod.java:47)
	at org.junit.internal.runners.model.ReflectiveCallable.run(ReflectiveCallable.java:12)
	at org.junit.runners.model.FrameworkMethod.invokeExplosively(FrameworkMethod.java:44)
	at org.junit.internal.runners.statements.InvokeMethod.evaluate(InvokeMethod.java:17)
	at org.junit.internal.runners.statements.FailOnTimeout$StatementThread.run(FailOnTimeout.java:74)

Failing Tests: test23(org.freehep.math.minuit.MnHesse_ESTest)
java.lang.AssertionError
	at org.freehep.math.minuit.MnUserParameterState.<init>(MnUserParameterState.java:153)
	at org.freehep.math.minuit.MnHesse.calculate(MnHesse.java:72)
	at org.freehep.math.minuit.MnHesse_ESTest.test23(MnHesse_ESTest.java:1444)
	at sun.reflect.NativeMethodAccessorImpl.invoke0(Native Method)
	at sun.reflect.NativeMethodAccessorImpl.invoke(NativeMethodAccessorImpl.java:62)
	at sun.reflect.DelegatingMethodAccessorImpl.invoke(DelegatingMethodAccessorImpl.java:43)
	at java.lang.reflect.Method.invoke(Method.java:498)
	at org.junit.runners.model.FrameworkMethod$1.runReflectiveCall(FrameworkMethod.java:47)
	at org.junit.internal.runners.model.ReflectiveCallable.run(ReflectiveCallable.java:12)
	at org.junit.runners.model.FrameworkMethod.invokeExplosively(FrameworkMethod.java:44)
	at org.junit.internal.runners.statements.InvokeMethod.evaluate(InvokeMethod.java:17)
	at org.junit.internal.runners.statements.FailOnTimeout$StatementThread.run(FailOnTimeout.java:74)


=== Run Jacoco for Coverage ===
Number of instrumented file = 84
Running tests with the following classpath: 
/home/evosuite_6th/results_evosuite_120/FREEHEP-7_1/temp/testcases/classes_instrumented:/usr/local/bin/lib/hamcrest-core-1.3.jar:/usr/local/bin/lib/junit-4.12.jar:/home/evosuite_6th/lib/evosuite-master-1.0.6-SNAPSHOT.jar:/home/evosuite_6th/results_evosuite_120/FREEHEP-7_1/temp/testcases/bin
Running the tests: [SBSTDummyForCoverageAndMutationCalculation, org.freehep.math.minuit.MnHesse_ESTest]
Executions terminated
Number of file with coverage information = 84
Extracted coverage data for the class org/freehep/math/minuit/MnHesse

=== Run PIT ===
Generate mutations via PIT
 Running tests against generated Mutants
Running PITWrapper with the following data:
> CP = /usr/local/bin/lib/junit-4.12.jar:/usr/local/bin/lib/hamcrest-core-1.3.jar:/var/benchmarks/projects/freehep/math/freehep-jminuit/target/classes:/home/evosuite_6th/lib/evosuite-master-1.0.6-SNAPSHOT.jar:/home/evosuite_6th/results_evosuite_120/FREEHEP-7_1/temp/testcases/bin
> CUT = org.freehep.math.minuit.MnHesse
> Test cases = [org.freehep.math.minuit.MnHesse_ESTest, org.freehep.math.minuit.MnHesse_ESTest_scaffolding]
Matching Jacoco with PIT: find covered mutations
Run tests against the covered mutations (i.e., mutants infecting on covered lines according to Jacoco)
Running the tests: [org.freehep.math.minuit.MnHesse_ESTest, org.freehep.math.minuit.MnHesse_ESTest_scaffolding]
Skipped scaffolding test org.freehep.math.minuit.MnHesse_ESTest_scaffolding
Executions terminated
Running the tests: [org.freehep.math.minuit.MnHesse_ESTest, org.freehep.math.minuit.MnHesse_ESTest_scaffolding]
Skipped scaffolding test org.freehep.math.minuit.MnHesse_ESTest_scaffolding
Executions terminated
Running the tests: [org.freehep.math.minuit.MnHesse_ESTest, org.freehep.math.minuit.MnHesse_ESTest_scaffolding]
Skipped scaffolding test org.freehep.math.minuit.MnHesse_ESTest_scaffolding
Executions terminated
Running the tests: [org.freehep.math.minuit.MnHesse_ESTest, org.freehep.math.minuit.MnHesse_ESTest_scaffolding]
Skipped scaffolding test org.freehep.math.minuit.MnHesse_ESTest_scaffolding
Executions terminated
Running the tests: [org.freehep.math.minuit.MnHesse_ESTest, org.freehep.math.minuit.MnHesse_ESTest_scaffolding]
Skipped scaffolding test org.freehep.math.minuit.MnHesse_ESTest_scaffolding
Executions terminated
Running the tests: [org.freehep.math.minuit.MnHesse_ESTest, org.freehep.math.minuit.MnHesse_ESTest_scaffolding]
Skipped scaffolding test org.freehep.math.minuit.MnHesse_ESTest_scaffolding
Executions terminated
Running the tests: [org.freehep.math.minuit.MnHesse_ESTest, org.freehep.math.minuit.MnHesse_ESTest_scaffolding]
Skipped scaffolding test org.freehep.math.minuit.MnHesse_ESTest_scaffolding
Executions terminated
Running the tests: [org.freehep.math.minuit.MnHesse_ESTest, org.freehep.math.minuit.MnHesse_ESTest_scaffolding]
Skipped scaffolding test org.freehep.math.minuit.MnHesse_ESTest_scaffolding
Executions terminated
Running the tests: [org.freehep.math.minuit.MnHesse_ESTest, org.freehep.math.minuit.MnHesse_ESTest_scaffolding]
Skipped scaffolding test org.freehep.math.minuit.MnHesse_ESTest_scaffolding
Executions terminated
Running the tests: [org.freehep.math.minuit.MnHesse_ESTest, org.freehep.math.minuit.MnHesse_ESTest_scaffolding]
Skipped scaffolding test org.freehep.math.minuit.MnHesse_ESTest_scaffolding
Executions terminated
Running the tests: [org.freehep.math.minuit.MnHesse_ESTest, org.freehep.math.minuit.MnHesse_ESTest_scaffolding]
Skipped scaffolding test org.freehep.math.minuit.MnHesse_ESTest_scaffolding
Executions terminated
Running the tests: [org.freehep.math.minuit.MnHesse_ESTest, org.freehep.math.minuit.MnHesse_ESTest_scaffolding]
Skipped scaffolding test org.freehep.math.minuit.MnHesse_ESTest_scaffolding
Executions terminated
Running the tests: [org.freehep.math.minuit.MnHesse_ESTest, org.freehep.math.minuit.MnHesse_ESTest_scaffolding]
Skipped scaffolding test org.freehep.math.minuit.MnHesse_ESTest_scaffolding
Executions terminated
Running the tests: [org.freehep.math.minuit.MnHesse_ESTest, org.freehep.math.minuit.MnHesse_ESTest_scaffolding]
Skipped scaffolding test org.freehep.math.minuit.MnHesse_ESTest_scaffolding
Executions terminated
Running the tests: [org.freehep.math.minuit.MnHesse_ESTest, org.freehep.math.minuit.MnHesse_ESTest_scaffolding]
Skipped scaffolding test org.freehep.math.minuit.MnHesse_ESTest_scaffolding
Executions terminated
Running the tests: [org.freehep.math.minuit.MnHesse_ESTest, org.freehep.math.minuit.MnHesse_ESTest_scaffolding]
Skipped scaffolding test org.freehep.math.minuit.MnHesse_ESTest_scaffolding
Executions terminated
Running the tests: [org.freehep.math.minuit.MnHesse_ESTest, org.freehep.math.minuit.MnHesse_ESTest_scaffolding]
Skipped scaffolding test org.freehep.math.minuit.MnHesse_ESTest_scaffolding
Executions terminated
Running the tests: [org.freehep.math.minuit.MnHesse_ESTest, org.freehep.math.minuit.MnHesse_ESTest_scaffolding]
Skipped scaffolding test org.freehep.math.minuit.MnHesse_ESTest_scaffolding
Executions terminated
Running the tests: [org.freehep.math.minuit.MnHesse_ESTest, org.freehep.math.minuit.MnHesse_ESTest_scaffolding]
Skipped scaffolding test org.freehep.math.minuit.MnHesse_ESTest_scaffolding
Executions terminated
Running the tests: [org.freehep.math.minuit.MnHesse_ESTest, org.freehep.math.minuit.MnHesse_ESTest_scaffolding]
Skipped scaffolding test org.freehep.math.minuit.MnHesse_ESTest_scaffolding
Executions terminated
Running the tests: [org.freehep.math.minuit.MnHesse_ESTest, org.freehep.math.minuit.MnHesse_ESTest_scaffolding]
Skipped scaffolding test org.freehep.math.minuit.MnHesse_ESTest_scaffolding
Executions terminated
Running the tests: [org.freehep.math.minuit.MnHesse_ESTest, org.freehep.math.minuit.MnHesse_ESTest_scaffolding]
Skipped scaffolding test org.freehep.math.minuit.MnHesse_ESTest_scaffolding
Executions terminated
Running the tests: [org.freehep.math.minuit.MnHesse_ESTest, org.freehep.math.minuit.MnHesse_ESTest_scaffolding]
Skipped scaffolding test org.freehep.math.minuit.MnHesse_ESTest_scaffolding
Executions terminated
Running the tests: [org.freehep.math.minuit.MnHesse_ESTest, org.freehep.math.minuit.MnHesse_ESTest_scaffolding]
Skipped scaffolding test org.freehep.math.minuit.MnHesse_ESTest_scaffolding
Executions terminated
Running the tests: [org.freehep.math.minuit.MnHesse_ESTest, org.freehep.math.minuit.MnHesse_ESTest_scaffolding]
Skipped scaffolding test org.freehep.math.minuit.MnHesse_ESTest_scaffolding
Executions terminated
Running the tests: [org.freehep.math.minuit.MnHesse_ESTest, org.freehep.math.minuit.MnHesse_ESTest_scaffolding]
Skipped scaffolding test org.freehep.math.minuit.MnHesse_ESTest_scaffolding
Executions terminated
Running the tests: [org.freehep.math.minuit.MnHesse_ESTest, org.freehep.math.minuit.MnHesse_ESTest_scaffolding]
Skipped scaffolding test org.freehep.math.minuit.MnHesse_ESTest_scaffolding
Executions terminated
Running the tests: [org.freehep.math.minuit.MnHesse_ESTest, org.freehep.math.minuit.MnHesse_ESTest_scaffolding]
Skipped scaffolding test org.freehep.math.minuit.MnHesse_ESTest_scaffolding
Executions terminated
Running the tests: [org.freehep.math.minuit.MnHesse_ESTest, org.freehep.math.minuit.MnHesse_ESTest_scaffolding]
Skipped scaffolding test org.freehep.math.minuit.MnHesse_ESTest_scaffolding
Executions terminated
Running the tests: [org.freehep.math.minuit.MnHesse_ESTest, org.freehep.math.minuit.MnHesse_ESTest_scaffolding]
Skipped scaffolding test org.freehep.math.minuit.MnHesse_ESTest_scaffolding
Executions terminated
Running the tests: [org.freehep.math.minuit.MnHesse_ESTest, org.freehep.math.minuit.MnHesse_ESTest_scaffolding]
Skipped scaffolding test org.freehep.math.minuit.MnHesse_ESTest_scaffolding
Executions terminated
Running the tests: [org.freehep.math.minuit.MnHesse_ESTest, org.freehep.math.minuit.MnHesse_ESTest_scaffolding]
Skipped scaffolding test org.freehep.math.minuit.MnHesse_ESTest_scaffolding
Executions terminated
Running the tests: [org.freehep.math.minuit.MnHesse_ESTest, org.freehep.math.minuit.MnHesse_ESTest_scaffolding]
Skipped scaffolding test org.freehep.math.minuit.MnHesse_ESTest_scaffolding
Executions terminated
Running the tests: [org.freehep.math.minuit.MnHesse_ESTest, org.freehep.math.minuit.MnHesse_ESTest_scaffolding]
Skipped scaffolding test org.freehep.math.minuit.MnHesse_ESTest_scaffolding
Executions terminated
Running the tests: [org.freehep.math.minuit.MnHesse_ESTest, org.freehep.math.minuit.MnHesse_ESTest_scaffolding]
Skipped scaffolding test org.freehep.math.minuit.MnHesse_ESTest_scaffolding
Executions terminated
Running the tests: [org.freehep.math.minuit.MnHesse_ESTest, org.freehep.math.minuit.MnHesse_ESTest_scaffolding]
Skipped scaffolding test org.freehep.math.minuit.MnHesse_ESTest_scaffolding
Executions terminated
Running the tests: [org.freehep.math.minuit.MnHesse_ESTest, org.freehep.math.minuit.MnHesse_ESTest_scaffolding]
Skipped scaffolding test org.freehep.math.minuit.MnHesse_ESTest_scaffolding
Executions terminated
Running the tests: [org.freehep.math.minuit.MnHesse_ESTest, org.freehep.math.minuit.MnHesse_ESTest_scaffolding]
Skipped scaffolding test org.freehep.math.minuit.MnHesse_ESTest_scaffolding
Executions terminated
Running the tests: [org.freehep.math.minuit.MnHesse_ESTest, org.freehep.math.minuit.MnHesse_ESTest_scaffolding]
Skipped scaffolding test org.freehep.math.minuit.MnHesse_ESTest_scaffolding
Executions terminated
Running the tests: [org.freehep.math.minuit.MnHesse_ESTest, org.freehep.math.minuit.MnHesse_ESTest_scaffolding]
Skipped scaffolding test org.freehep.math.minuit.MnHesse_ESTest_scaffolding
Executions terminated
Running the tests: [org.freehep.math.minuit.MnHesse_ESTest, org.freehep.math.minuit.MnHesse_ESTest_scaffolding]
Skipped scaffolding test org.freehep.math.minuit.MnHesse_ESTest_scaffolding
Executions terminated
Running the tests: [org.freehep.math.minuit.MnHesse_ESTest, org.freehep.math.minuit.MnHesse_ESTest_scaffolding]
Skipped scaffolding test org.freehep.math.minuit.MnHesse_ESTest_scaffolding
Executions terminated
Running the tests: [org.freehep.math.minuit.MnHesse_ESTest, org.freehep.math.minuit.MnHesse_ESTest_scaffolding]
Skipped scaffolding test org.freehep.math.minuit.MnHesse_ESTest_scaffolding
Executions terminated
Running the tests: [org.freehep.math.minuit.MnHesse_ESTest, org.freehep.math.minuit.MnHesse_ESTest_scaffolding]
Skipped scaffolding test org.freehep.math.minuit.MnHesse_ESTest_scaffolding
Executions terminated
Running the tests: [org.freehep.math.minuit.MnHesse_ESTest, org.freehep.math.minuit.MnHesse_ESTest_scaffolding]
Skipped scaffolding test org.freehep.math.minuit.MnHesse_ESTest_scaffolding
Executions terminated
Running the tests: [org.freehep.math.minuit.MnHesse_ESTest, org.freehep.math.minuit.MnHesse_ESTest_scaffolding]
Skipped scaffolding test org.freehep.math.minuit.MnHesse_ESTest_scaffolding
Executions terminated
Running the tests: [org.freehep.math.minuit.MnHesse_ESTest, org.freehep.math.minuit.MnHesse_ESTest_scaffolding]
Skipped scaffolding test org.freehep.math.minuit.MnHesse_ESTest_scaffolding
Executions terminated
Running the tests: [org.freehep.math.minuit.MnHesse_ESTest, org.freehep.math.minuit.MnHesse_ESTest_scaffolding]
Skipped scaffolding test org.freehep.math.minuit.MnHesse_ESTest_scaffolding
Executions terminated
Running the tests: [org.freehep.math.minuit.MnHesse_ESTest, org.freehep.math.minuit.MnHesse_ESTest_scaffolding]
Skipped scaffolding test org.freehep.math.minuit.MnHesse_ESTest_scaffolding
Executions terminated
Running the tests: [org.freehep.math.minuit.MnHesse_ESTest, org.freehep.math.minuit.MnHesse_ESTest_scaffolding]
Skipped scaffolding test org.freehep.math.minuit.MnHesse_ESTest_scaffolding
Executions terminated
Running the tests: [org.freehep.math.minuit.MnHesse_ESTest, org.freehep.math.minuit.MnHesse_ESTest_scaffolding]
Skipped scaffolding test org.freehep.math.minuit.MnHesse_ESTest_scaffolding
Executions terminated
Running the tests: [org.freehep.math.minuit.MnHesse_ESTest, org.freehep.math.minuit.MnHesse_ESTest_scaffolding]
Skipped scaffolding test org.freehep.math.minuit.MnHesse_ESTest_scaffolding
Executions terminated
Running the tests: [org.freehep.math.minuit.MnHesse_ESTest, org.freehep.math.minuit.MnHesse_ESTest_scaffolding]
Skipped scaffolding test org.freehep.math.minuit.MnHesse_ESTest_scaffolding
Executions terminated
Running the tests: [org.freehep.math.minuit.MnHesse_ESTest, org.freehep.math.minuit.MnHesse_ESTest_scaffolding]
Skipped scaffolding test org.freehep.math.minuit.MnHesse_ESTest_scaffolding
Executions terminated
Running the tests: [org.freehep.math.minuit.MnHesse_ESTest, org.freehep.math.minuit.MnHesse_ESTest_scaffolding]
Skipped scaffolding test org.freehep.math.minuit.MnHesse_ESTest_scaffolding
Executions terminated
Running the tests: [org.freehep.math.minuit.MnHesse_ESTest, org.freehep.math.minuit.MnHesse_ESTest_scaffolding]
Skipped scaffolding test org.freehep.math.minuit.MnHesse_ESTest_scaffolding
Executions terminated
Running the tests: [org.freehep.math.minuit.MnHesse_ESTest, org.freehep.math.minuit.MnHesse_ESTest_scaffolding]
Skipped scaffolding test org.freehep.math.minuit.MnHesse_ESTest_scaffolding
Executions terminated
Running the tests: [org.freehep.math.minuit.MnHesse_ESTest, org.freehep.math.minuit.MnHesse_ESTest_scaffolding]
Skipped scaffolding test org.freehep.math.minuit.MnHesse_ESTest_scaffolding
Executions terminated
Running the tests: [org.freehep.math.minuit.MnHesse_ESTest, org.freehep.math.minuit.MnHesse_ESTest_scaffolding]
Skipped scaffolding test org.freehep.math.minuit.MnHesse_ESTest_scaffolding
Executions terminated
Running the tests: [org.freehep.math.minuit.MnHesse_ESTest, org.freehep.math.minuit.MnHesse_ESTest_scaffolding]
Skipped scaffolding test org.freehep.math.minuit.MnHesse_ESTest_scaffolding
Executions terminated
Running the tests: [org.freehep.math.minuit.MnHesse_ESTest, org.freehep.math.minuit.MnHesse_ESTest_scaffolding]
Skipped scaffolding test org.freehep.math.minuit.MnHesse_ESTest_scaffolding
Executions terminated
Running the tests: [org.freehep.math.minuit.MnHesse_ESTest, org.freehep.math.minuit.MnHesse_ESTest_scaffolding]
Skipped scaffolding test org.freehep.math.minuit.MnHesse_ESTest_scaffolding
Executions terminated
Running the tests: [org.freehep.math.minuit.MnHesse_ESTest, org.freehep.math.minuit.MnHesse_ESTest_scaffolding]
Skipped scaffolding test org.freehep.math.minuit.MnHesse_ESTest_scaffolding
Executions terminated
Running the tests: [org.freehep.math.minuit.MnHesse_ESTest, org.freehep.math.minuit.MnHesse_ESTest_scaffolding]
Skipped scaffolding test org.freehep.math.minuit.MnHesse_ESTest_scaffolding
Executions terminated
Running the tests: [org.freehep.math.minuit.MnHesse_ESTest, org.freehep.math.minuit.MnHesse_ESTest_scaffolding]
Skipped scaffolding test org.freehep.math.minuit.MnHesse_ESTest_scaffolding
Executions terminated
Running the tests: [org.freehep.math.minuit.MnHesse_ESTest, org.freehep.math.minuit.MnHesse_ESTest_scaffolding]
Skipped scaffolding test org.freehep.math.minuit.MnHesse_ESTest_scaffolding
Executions terminated
Running the tests: [org.freehep.math.minuit.MnHesse_ESTest, org.freehep.math.minuit.MnHesse_ESTest_scaffolding]
Skipped scaffolding test org.freehep.math.minuit.MnHesse_ESTest_scaffolding
Executions terminated
Running the tests: [org.freehep.math.minuit.MnHesse_ESTest, org.freehep.math.minuit.MnHesse_ESTest_scaffolding]
Skipped scaffolding test org.freehep.math.minuit.MnHesse_ESTest_scaffolding
Executions terminated
Running the tests: [org.freehep.math.minuit.MnHesse_ESTest, org.freehep.math.minuit.MnHesse_ESTest_scaffolding]
Skipped scaffolding test org.freehep.math.minuit.MnHesse_ESTest_scaffolding
Executions terminated
Running the tests: [org.freehep.math.minuit.MnHesse_ESTest, org.freehep.math.minuit.MnHesse_ESTest_scaffolding]
Skipped scaffolding test org.freehep.math.minuit.MnHesse_ESTest_scaffolding
Executions terminated
Running the tests: [org.freehep.math.minuit.MnHesse_ESTest, org.freehep.math.minuit.MnHesse_ESTest_scaffolding]
Skipped scaffolding test org.freehep.math.minuit.MnHesse_ESTest_scaffolding
Executions terminated
Running the tests: [org.freehep.math.minuit.MnHesse_ESTest, org.freehep.math.minuit.MnHesse_ESTest_scaffolding]
Skipped scaffolding test org.freehep.math.minuit.MnHesse_ESTest_scaffolding
Executions terminated
Running the tests: [org.freehep.math.minuit.MnHesse_ESTest, org.freehep.math.minuit.MnHesse_ESTest_scaffolding]
Skipped scaffolding test org.freehep.math.minuit.MnHesse_ESTest_scaffolding
Executions terminated
Running the tests: [org.freehep.math.minuit.MnHesse_ESTest, org.freehep.math.minuit.MnHesse_ESTest_scaffolding]
Skipped scaffolding test org.freehep.math.minuit.MnHesse_ESTest_scaffolding
Executions terminated
Running the tests: [org.freehep.math.minuit.MnHesse_ESTest, org.freehep.math.minuit.MnHesse_ESTest_scaffolding]
Skipped scaffolding test org.freehep.math.minuit.MnHesse_ESTest_scaffolding
Executions terminated
Running the tests: [org.freehep.math.minuit.MnHesse_ESTest, org.freehep.math.minuit.MnHesse_ESTest_scaffolding]
Skipped scaffolding test org.freehep.math.minuit.MnHesse_ESTest_scaffolding
Executions terminated
Running the tests: [org.freehep.math.minuit.MnHesse_ESTest, org.freehep.math.minuit.MnHesse_ESTest_scaffolding]
Skipped scaffolding test org.freehep.math.minuit.MnHesse_ESTest_scaffolding
Executions terminated
Running the tests: [org.freehep.math.minuit.MnHesse_ESTest, org.freehep.math.minuit.MnHesse_ESTest_scaffolding]
Skipped scaffolding test org.freehep.math.minuit.MnHesse_ESTest_scaffolding
Executions terminated
Running the tests: [org.freehep.math.minuit.MnHesse_ESTest, org.freehep.math.minuit.MnHesse_ESTest_scaffolding]
Skipped scaffolding test org.freehep.math.minuit.MnHesse_ESTest_scaffolding
Executions terminated
Running the tests: [org.freehep.math.minuit.MnHesse_ESTest, org.freehep.math.minuit.MnHesse_ESTest_scaffolding]
Skipped scaffolding test org.freehep.math.minuit.MnHesse_ESTest_scaffolding
Executions terminated
Running the tests: [org.freehep.math.minuit.MnHesse_ESTest, org.freehep.math.minuit.MnHesse_ESTest_scaffolding]
Skipped scaffolding test org.freehep.math.minuit.MnHesse_ESTest_scaffolding
Executions terminated
Running the tests: [org.freehep.math.minuit.MnHesse_ESTest, org.freehep.math.minuit.MnHesse_ESTest_scaffolding]
Skipped scaffolding test org.freehep.math.minuit.MnHesse_ESTest_scaffolding
Executions terminated
Running the tests: [org.freehep.math.minuit.MnHesse_ESTest, org.freehep.math.minuit.MnHesse_ESTest_scaffolding]
Skipped scaffolding test org.freehep.math.minuit.MnHesse_ESTest_scaffolding
Executions terminated
Running the tests: [org.freehep.math.minuit.MnHesse_ESTest, org.freehep.math.minuit.MnHesse_ESTest_scaffolding]
Skipped scaffolding test org.freehep.math.minuit.MnHesse_ESTest_scaffolding
Executions terminated
Running the tests: [org.freehep.math.minuit.MnHesse_ESTest, org.freehep.math.minuit.MnHesse_ESTest_scaffolding]
Skipped scaffolding test org.freehep.math.minuit.MnHesse_ESTest_scaffolding
Executions terminated
Running the tests: [org.freehep.math.minuit.MnHesse_ESTest, org.freehep.math.minuit.MnHesse_ESTest_scaffolding]
Skipped scaffolding test org.freehep.math.minuit.MnHesse_ESTest_scaffolding
Executions terminated
Running the tests: [org.freehep.math.minuit.MnHesse_ESTest, org.freehep.math.minuit.MnHesse_ESTest_scaffolding]
Skipped scaffolding test org.freehep.math.minuit.MnHesse_ESTest_scaffolding
Executions terminated
Running the tests: [org.freehep.math.minuit.MnHesse_ESTest, org.freehep.math.minuit.MnHesse_ESTest_scaffolding]
Skipped scaffolding test org.freehep.math.minuit.MnHesse_ESTest_scaffolding
Executions terminated
Running the tests: [org.freehep.math.minuit.MnHesse_ESTest, org.freehep.math.minuit.MnHesse_ESTest_scaffolding]
Skipped scaffolding test org.freehep.math.minuit.MnHesse_ESTest_scaffolding
Executions terminated
Running the tests: [org.freehep.math.minuit.MnHesse_ESTest, org.freehep.math.minuit.MnHesse_ESTest_scaffolding]
Skipped scaffolding test org.freehep.math.minuit.MnHesse_ESTest_scaffolding
Executions terminated
Running the tests: [org.freehep.math.minuit.MnHesse_ESTest, org.freehep.math.minuit.MnHesse_ESTest_scaffolding]
Skipped scaffolding test org.freehep.math.minuit.MnHesse_ESTest_scaffolding
Executions terminated
Running the tests: [org.freehep.math.minuit.MnHesse_ESTest, org.freehep.math.minuit.MnHesse_ESTest_scaffolding]
Skipped scaffolding test org.freehep.math.minuit.MnHesse_ESTest_scaffolding
Executions terminated
Running the tests: [org.freehep.math.minuit.MnHesse_ESTest, org.freehep.math.minuit.MnHesse_ESTest_scaffolding]
Skipped scaffolding test org.freehep.math.minuit.MnHesse_ESTest_scaffolding
Executions terminated
Running the tests: [org.freehep.math.minuit.MnHesse_ESTest, org.freehep.math.minuit.MnHesse_ESTest_scaffolding]
Skipped scaffolding test org.freehep.math.minuit.MnHesse_ESTest_scaffolding
Executions terminated
Running the tests: [org.freehep.math.minuit.MnHesse_ESTest, org.freehep.math.minuit.MnHesse_ESTest_scaffolding]
Skipped scaffolding test org.freehep.math.minuit.MnHesse_ESTest_scaffolding
Executions terminated
Running the tests: [org.freehep.math.minuit.MnHesse_ESTest, org.freehep.math.minuit.MnHesse_ESTest_scaffolding]
Skipped scaffolding test org.freehep.math.minuit.MnHesse_ESTest_scaffolding
Executions terminated
Running the tests: [org.freehep.math.minuit.MnHesse_ESTest, org.freehep.math.minuit.MnHesse_ESTest_scaffolding]
Skipped scaffolding test org.freehep.math.minuit.MnHesse_ESTest_scaffolding
Executions terminated
Running the tests: [org.freehep.math.minuit.MnHesse_ESTest, org.freehep.math.minuit.MnHesse_ESTest_scaffolding]
Skipped scaffolding test org.freehep.math.minuit.MnHesse_ESTest_scaffolding
Executions terminated

>>> RESULTS:
	Tool name: evosuite
	Benchmark: FREEHEP-7
	Class Under Test: org.freehep.math.minuit.MnHesse
	Run number: 1
	Tool preparation time (ms): 360
	Tool test cases generation time (ms): 97202
	Test cases execution time (ms): 4722
	Test case number: 50
	Uncompilable Test Classes: 0
	Broken tests number: 3
	Failing tests number: 0
	Lines total: 126
	Lines covered: 107
	Lines coverage ratio (%): 84.92063
	Conditions total: 48
	Conditions covered: 39
	Conditions coverage ratio (%): 81.25
	Mutants total: 127
	Mutants covered: 98
	Mutants coverage ratio (%): 77.16535
	Mutants killed: 98
	Mutants killed ratio (%): 77.16535
	Mutants alive: 29


Class org.freehep.math.minuit.MnHesse ended.
Stopping process...
Tool subprocess is an instance of java.lang.UNIXProcess
Tool subprocess Id is 23412
Killing master process 23412
Executing command kill -9 23412
Execution of command kill -9 23412 finished.
Process was destroyed
