* EvoSuite 1.0.6-SNAPSHOT
* Going to generate test cases for class: org.apache.commons.jxpath.ri.axes.SimplePathInterpreter
* Starting client
* Connecting to master process on port 21003
* Analyzing classpath: 
  - /var/benchmarks/projects/commons-jxpath-1.3-src/target/classes
  - /var/benchmarks/projects/commons-jxpath-1.3-src/target/classes
[MASTER] 20:56:05.650 [logback-2] ERROR ConcreteClassAnalyzer - Problem for org.apache.commons.jxpath.ri.axes.SimplePathInterpreter. Class not found: org.apache.commons.jxpath.ri.model.jdom.JDOMNamespaceIterator
java.lang.ClassNotFoundException: Class not found: org/jdom/Element: java.lang.NullPointerException: Class not found org/jdom/Element
	at org.evosuite.instrumentation.InstrumentingClassLoader.instrumentClass(InstrumentingClassLoader.java:201) ~[evosuite-master-1.0.6-SNAPSHOT.jar:1.0.6-SNAPSHOT]
	at org.evosuite.instrumentation.InstrumentingClassLoader.loadClass(InstrumentingClassLoader.java:168) ~[evosuite-master-1.0.6-SNAPSHOT.jar:1.0.6-SNAPSHOT]
	at java.lang.Class.forName0(Native Method) ~[na:1.8.0_121]
	at java.lang.Class.forName(Class.java:348) ~[na:1.8.0_121]
	at org.evosuite.setup.ConcreteClassAnalyzer.getConcreteClassesImpl(ConcreteClassAnalyzer.java:126) [evosuite-master-1.0.6-SNAPSHOT.jar:1.0.6-SNAPSHOT]
	at org.evosuite.setup.ConcreteClassAnalyzer.getConcreteClasses(ConcreteClassAnalyzer.java:61) [evosuite-master-1.0.6-SNAPSHOT.jar:1.0.6-SNAPSHOT]
	at org.evosuite.setup.TestClusterGenerator.addDependency(TestClusterGenerator.java:876) [evosuite-master-1.0.6-SNAPSHOT.jar:1.0.6-SNAPSHOT]
	at org.evosuite.setup.TestClusterGenerator.addDependencies(TestClusterGenerator.java:799) [evosuite-master-1.0.6-SNAPSHOT.jar:1.0.6-SNAPSHOT]
	at org.evosuite.setup.TestClusterGenerator.initializeTargetMethods(TestClusterGenerator.java:558) [evosuite-master-1.0.6-SNAPSHOT.jar:1.0.6-SNAPSHOT]
	at org.evosuite.setup.TestClusterGenerator.generateCluster(TestClusterGenerator.java:134) [evosuite-master-1.0.6-SNAPSHOT.jar:1.0.6-SNAPSHOT]
	at org.evosuite.setup.DependencyAnalysis.analyze(DependencyAnalysis.java:117) [evosuite-master-1.0.6-SNAPSHOT.jar:1.0.6-SNAPSHOT]
	at org.evosuite.setup.DependencyAnalysis.analyzeClass(DependencyAnalysis.java:131) [evosuite-master-1.0.6-SNAPSHOT.jar:1.0.6-SNAPSHOT]
	at org.evosuite.TestSuiteGenerator.initializeTargetClass(TestSuiteGenerator.java:110) [evosuite-master-1.0.6-SNAPSHOT.jar:1.0.6-SNAPSHOT]
	at org.evosuite.TestSuiteGenerator.generateTestSuite(TestSuiteGenerator.java:130) [evosuite-master-1.0.6-SNAPSHOT.jar:1.0.6-SNAPSHOT]
	at org.evosuite.rmi.service.ClientNodeImpl$1.run(ClientNodeImpl.java:145) [evosuite-master-1.0.6-SNAPSHOT.jar:1.0.6-SNAPSHOT]
	at java.util.concurrent.Executors$RunnableAdapter.call(Executors.java:511) [na:1.8.0_121]
	at java.util.concurrent.FutureTask.run(FutureTask.java:266) [na:1.8.0_121]
	at java.util.concurrent.ThreadPoolExecutor.runWorker(ThreadPoolExecutor.java:1142) [na:1.8.0_121]
	at java.util.concurrent.ThreadPoolExecutor$Worker.run(ThreadPoolExecutor.java:617) [na:1.8.0_121]
	at java.lang.Thread.run(Thread.java:745) [na:1.8.0_121]
Caused by: java.lang.RuntimeException: Class not found: org/jdom/Element: java.lang.NullPointerException: Class not found org/jdom/Element
	at org.evosuite.runtime.util.ComputeClassWriter.getCommonSuperClass(ComputeClassWriter.java:52) ~[evosuite-master-1.0.6-SNAPSHOT.jar:1.0.6-SNAPSHOT]
	at org.evosuite.shaded.org.objectweb.asm.ClassWriter.a(Unknown Source) ~[evosuite-master-1.0.6-SNAPSHOT.jar:1.0.6-SNAPSHOT]
	at org.evosuite.shaded.org.objectweb.asm.Frame.a(Unknown Source) ~[evosuite-master-1.0.6-SNAPSHOT.jar:1.0.6-SNAPSHOT]
	at org.evosuite.shaded.org.objectweb.asm.Frame.a(Unknown Source) ~[evosuite-master-1.0.6-SNAPSHOT.jar:1.0.6-SNAPSHOT]
	at org.evosuite.shaded.org.objectweb.asm.MethodWriter.visitMaxs(Unknown Source) ~[evosuite-master-1.0.6-SNAPSHOT.jar:1.0.6-SNAPSHOT]
	at org.evosuite.shaded.org.objectweb.asm.MethodVisitor.visitMaxs(Unknown Source) ~[evosuite-master-1.0.6-SNAPSHOT.jar:1.0.6-SNAPSHOT]
	at org.evosuite.shaded.org.objectweb.asm.MethodVisitor.visitMaxs(Unknown Source) ~[evosuite-master-1.0.6-SNAPSHOT.jar:1.0.6-SNAPSHOT]
	at org.evosuite.shaded.org.objectweb.asm.MethodVisitor.visitMaxs(Unknown Source) ~[evosuite-master-1.0.6-SNAPSHOT.jar:1.0.6-SNAPSHOT]
	at org.evosuite.runtime.instrumentation.LoopCounterMethodAdapter.visitMaxs(LoopCounterMethodAdapter.java:48) ~[evosuite-master-1.0.6-SNAPSHOT.jar:1.0.6-SNAPSHOT]
	at org.evosuite.shaded.org.objectweb.asm.tree.MethodNode.accept(Unknown Source) ~[evosuite-master-1.0.6-SNAPSHOT.jar:1.0.6-SNAPSHOT]
	at org.evosuite.shaded.org.objectweb.asm.commons.JSRInlinerAdapter.visitEnd(Unknown Source) ~[evosuite-master-1.0.6-SNAPSHOT.jar:1.0.6-SNAPSHOT]
	at org.evosuite.shaded.org.objectweb.asm.MethodVisitor.visitEnd(Unknown Source) ~[evosuite-master-1.0.6-SNAPSHOT.jar:1.0.6-SNAPSHOT]
	at org.evosuite.shaded.org.objectweb.asm.MethodVisitor.visitEnd(Unknown Source) ~[evosuite-master-1.0.6-SNAPSHOT.jar:1.0.6-SNAPSHOT]
	at org.evosuite.shaded.org.objectweb.asm.MethodVisitor.visitEnd(Unknown Source) ~[evosuite-master-1.0.6-SNAPSHOT.jar:1.0.6-SNAPSHOT]
	at org.evosuite.shaded.org.objectweb.asm.MethodVisitor.visitEnd(Unknown Source) ~[evosuite-master-1.0.6-SNAPSHOT.jar:1.0.6-SNAPSHOT]
	at org.evosuite.shaded.org.objectweb.asm.tree.MethodNode.accept(Unknown Source) ~[evosuite-master-1.0.6-SNAPSHOT.jar:1.0.6-SNAPSHOT]
	at org.evosuite.shaded.org.objectweb.asm.tree.MethodNode.accept(Unknown Source) ~[evosuite-master-1.0.6-SNAPSHOT.jar:1.0.6-SNAPSHOT]
	at org.evosuite.shaded.org.objectweb.asm.tree.ClassNode.accept(Unknown Source) ~[evosuite-master-1.0.6-SNAPSHOT.jar:1.0.6-SNAPSHOT]
	at org.evosuite.instrumentation.BytecodeInstrumentation.transformBytes(BytecodeInstrumentation.java:275) ~[evosuite-master-1.0.6-SNAPSHOT.jar:1.0.6-SNAPSHOT]
	at org.evosuite.instrumentation.InstrumentingClassLoader.getTransformedBytes(InstrumentingClassLoader.java:175) ~[evosuite-master-1.0.6-SNAPSHOT.jar:1.0.6-SNAPSHOT]
	at org.evosuite.instrumentation.InstrumentingClassLoader.instrumentClass(InstrumentingClassLoader.java:192) ~[evosuite-master-1.0.6-SNAPSHOT.jar:1.0.6-SNAPSHOT]
	... 19 common frames omitted
Caused by: java.lang.NullPointerException: Class not found org/jdom/Element
	at org.evosuite.runtime.util.ComputeClassWriter.typeInfo(ComputeClassWriter.java:186) ~[evosuite-master-1.0.6-SNAPSHOT.jar:1.0.6-SNAPSHOT]
	at org.evosuite.runtime.util.ComputeClassWriter.getCommonSuperClass(ComputeClassWriter.java:49) ~[evosuite-master-1.0.6-SNAPSHOT.jar:1.0.6-SNAPSHOT]
	... 39 common frames omitted
[MASTER] 20:56:05.650 [logback-2] ERROR ConcreteClassAnalyzer - Removing class from inheritance tree
* Finished analyzing classpath
* Generating tests for class org.apache.commons.jxpath.ri.axes.SimplePathInterpreter
* Test criteria:
  - Line Coverage
  - Branch Coverage
  - Exception
  - Mutation testing (weak)
  - Method-Output Coverage
  - Top-Level Method Coverage
  - No-Exception Top-Level Method Coverage
  - Context Branch Coverage
* Setting up search algorithm for whole suite generation
* Total number of test goals: 
  - Line 270
  - Branch 188
  - Exception 0
  - MutationFactory 748
  - Output 36
  - Method 4
  - MethodNoException 4
  - CBranchFitnessFactory 188
* Using seed 1516823763170
* Starting evolution
[MASTER] 20:56:08.484 [logback-1] WARN  TestUsageChecker - class org.apache.commons.jxpath.ri.model.VariablePointer$1 looks like an anonymous class, ignoring it (although reflection says false) VariablePointer$1
[MASTER] 20:56:08.994 [logback-1] WARN  TestChromosome - Functional mock problem: org.evosuite.ga.ConstructionFailedException: Failed to add constructor for org.apache.commons.jxpath.ri.compiler.CoreOperationMod due to org.evosuite.ga.ConstructionFailedException: Failed to add constructor for org.apache.commons.jxpath.ri.compiler.NameAttributeTest due to org.evosuite.ga.ConstructionFailedException: Failed to add constructor for org.apache.commons.jxpath.ri.compiler.CoreOperationLessThanOrEqual due to org.evosuite.ga.ConstructionFailedException: Failed to add constructor for org.apache.commons.jxpath.ri.compiler.CoreOperationSubtract due to org.evosuite.ga.ConstructionFailedException: Failed to add constructor for org.apache.commons.jxpath.ri.compiler.Constant due to org.evosuite.ga.ConstructionFailedException: Max recursion depth reached
[MASTER] 20:56:09.047 [logback-1] WARN  TestChromosome - Functional mock problem: org.evosuite.ga.ConstructionFailedException: Have no generator for class org.apache.commons.jxpath.ri.compiler.CoreFunction canUseFunctionalMocks=false, canBeMocked: true
[MASTER] 20:56:09.168 [logback-1] WARN  TestChromosome - Functional mock problem: org.evosuite.ga.ConstructionFailedException: Failed to add constructor for org.apache.commons.jxpath.ri.model.beans.BeanPointer due to org.evosuite.ga.ConstructionFailedException: Failed to add constructor for org.apache.commons.jxpath.ri.axes.PredicateContext due to org.evosuite.ga.ConstructionFailedException: Failed to add constructor for org.apache.commons.jxpath.ri.axes.NodeSetContext due to org.evosuite.ga.ConstructionFailedException: Failed to add constructor for org.apache.commons.jxpath.ri.axes.AttributeContext due to org.evosuite.ga.ConstructionFailedException: Max recursion depth reached
[MASTER] 20:56:09.292 [logback-1] WARN  TestChromosome - Functional mock problem: org.evosuite.ga.ConstructionFailedException: Failed to add constructor for org.apache.commons.jxpath.ri.model.beans.BeanPointer due to org.evosuite.ga.ConstructionFailedException: Failed to add constructor for org.apache.commons.jxpath.ri.model.beans.CollectionPointer due to org.evosuite.ga.ConstructionFailedException: Failed to add constructor for org.apache.commons.jxpath.ri.axes.ChildContext due to org.evosuite.ga.ConstructionFailedException: Failed to add constructor for org.apache.commons.jxpath.ri.axes.PrecedingOrFollowingContext due to org.evosuite.ga.ConstructionFailedException: Max recursion depth reached
[MASTER] 20:56:09.600 [logback-1] WARN  TestChromosome - Functional mock problem: org.evosuite.ga.ConstructionFailedException: Failed to add constructor for org.apache.commons.jxpath.ri.model.beans.BeanPointer due to org.evosuite.ga.ConstructionFailedException: Failed to add constructor for org.apache.commons.jxpath.ri.JXPathContextReferenceImpl due to org.evosuite.ga.ConstructionFailedException: Failed to add constructor for org.apache.commons.jxpath.ri.axes.AncestorContext due to org.evosuite.ga.ConstructionFailedException: Max recursion depth reached
[MASTER] 20:56:09.746 [logback-1] WARN  TestChromosome - Functional mock problem: org.evosuite.ga.ConstructionFailedException: Failed to add constructor for org.apache.commons.jxpath.ri.compiler.CoreOperationSubtract due to org.evosuite.ga.ConstructionFailedException: Failed to add constructor for org.apache.commons.jxpath.ri.compiler.CoreOperationLessThanOrEqual due to org.evosuite.ga.ConstructionFailedException: Failed to add constructor for org.apache.commons.jxpath.ri.compiler.CoreOperationNotEqual due to org.evosuite.ga.ConstructionFailedException: Failed to add constructor for org.apache.commons.jxpath.ri.compiler.ExpressionPath due to org.evosuite.ga.ConstructionFailedException: Failed to add constructor for org.apache.commons.jxpath.ri.compiler.CoreOperationGreaterThan due to org.evosuite.ga.ConstructionFailedException: Max recursion depth reached
[MASTER] 20:56:10.597 [logback-1] WARN  TestChromosome - Functional mock problem: org.evosuite.ga.ConstructionFailedException: Failed to add constructor for org.apache.commons.jxpath.ri.JXPathContextReferenceImpl due to org.evosuite.ga.ConstructionFailedException: Failed to add constructor for org.apache.commons.jxpath.ri.axes.AncestorContext due to org.evosuite.ga.ConstructionFailedException: Failed to add constructor for org.apache.commons.jxpath.ri.axes.PrecedingOrFollowingContext due to org.evosuite.ga.ConstructionFailedException: Failed to add constructor for org.apache.commons.jxpath.ri.axes.ParentContext due to org.evosuite.ga.ConstructionFailedException: Max recursion depth reached
[MASTER] 20:56:10.726 [logback-1] WARN  TestChromosome - Functional mock problem: org.evosuite.ga.ConstructionFailedException: Failed to add constructor for org.apache.commons.jxpath.ri.model.beans.BeanPointer due to org.evosuite.ga.ConstructionFailedException: Failed to add constructor for org.apache.commons.jxpath.ri.axes.AttributeContext due to org.evosuite.ga.ConstructionFailedException: Failed to add constructor for org.apache.commons.jxpath.ri.axes.AncestorContext due to org.evosuite.ga.ConstructionFailedException: Failed to add constructor for org.apache.commons.jxpath.ri.axes.SelfContext due to org.evosuite.ga.ConstructionFailedException: Max recursion depth reached
[MASTER] 20:56:10.913 [logback-1] WARN  TestChromosome - Functional mock problem: org.evosuite.ga.ConstructionFailedException: Failed to add constructor for org.apache.commons.jxpath.ri.axes.AncestorContext due to org.evosuite.ga.ConstructionFailedException: Failed to add constructor for org.apache.commons.jxpath.ri.axes.RootContext due to org.evosuite.ga.ConstructionFailedException: Failed to add constructor for org.apache.commons.jxpath.ri.JXPathContextReferenceImpl due to org.evosuite.ga.ConstructionFailedException: Max recursion depth reached
[MASTER] 20:56:10.971 [logback-1] WARN  TestChromosome - Functional mock problem: org.evosuite.ga.ConstructionFailedException: Failed to add constructor for java.util.LinkedList due to org.evosuite.ga.ConstructionFailedException: Failed to add constructor for org.apache.commons.jxpath.ri.axes.AncestorContext due to org.evosuite.ga.ConstructionFailedException: Failed to add constructor for org.apache.commons.jxpath.ri.axes.SelfContext due to org.evosuite.ga.ConstructionFailedException: Failed to add constructor for org.apache.commons.jxpath.ri.axes.AttributeContext due to org.evosuite.ga.ConstructionFailedException: Failed to add constructor for org.apache.commons.jxpath.ri.axes.InitialContext due to org.evosuite.ga.ConstructionFailedException: Max recursion depth reached
[MASTER] 20:56:12.089 [logback-1] WARN  TestChromosome - Functional mock problem: org.evosuite.ga.ConstructionFailedException: Failed to add constructor for org.apache.commons.jxpath.ri.NamespaceResolver due to org.evosuite.ga.ConstructionFailedException: Failed to add constructor for org.apache.commons.jxpath.ri.JXPathContextReferenceImpl due to org.evosuite.ga.ConstructionFailedException: Failed to add constructor for org.apache.commons.jxpath.ri.axes.AncestorContext due to org.evosuite.ga.ConstructionFailedException: Failed to add constructor for org.apache.commons.jxpath.ri.axes.SelfContext due to org.evosuite.ga.ConstructionFailedException: Max recursion depth reached
[MASTER] 20:56:12.111 [logback-1] WARN  TestChromosome - Functional mock problem: org.evosuite.ga.ConstructionFailedException: Failed to add constructor for org.apache.commons.jxpath.ri.compiler.CoreOperationMod due to org.evosuite.ga.ConstructionFailedException: Failed to add constructor for org.apache.commons.jxpath.ri.compiler.CoreOperationLessThan due to org.evosuite.ga.ConstructionFailedException: Failed to add constructor for org.apache.commons.jxpath.ri.compiler.CoreOperationNegate due to org.evosuite.ga.ConstructionFailedException: Failed to add constructor for org.apache.commons.jxpath.ri.compiler.CoreOperationMultiply due to org.evosuite.ga.ConstructionFailedException: Failed to add constructor for org.apache.commons.jxpath.ri.compiler.CoreOperationDivide due to org.evosuite.ga.ConstructionFailedException: Max recursion depth reached
[MASTER] 20:56:13.234 [logback-1] WARN  TestChromosome - Functional mock problem: org.evosuite.ga.ConstructionFailedException: Failed to add constructor for org.apache.commons.jxpath.ri.compiler.NodeNameTest due to org.evosuite.ga.ConstructionFailedException: Failed to add constructor for org.apache.commons.jxpath.ri.model.beans.NullPropertyPointer due to org.evosuite.ga.ConstructionFailedException: Failed to add constructor for org.apache.commons.jxpath.ri.axes.AttributeContext due to org.evosuite.ga.ConstructionFailedException: Failed to add constructor for org.apache.commons.jxpath.ri.axes.NamespaceContext due to org.evosuite.ga.ConstructionFailedException: Max recursion depth reached
[MASTER] 20:56:14.304 [logback-1] WARN  TestChromosome - Functional mock problem: org.evosuite.ga.ConstructionFailedException: Failed to add constructor for org.apache.commons.jxpath.ri.compiler.CoreOperationSubtract due to org.evosuite.ga.ConstructionFailedException: Failed to add constructor for org.apache.commons.jxpath.ri.compiler.CoreOperationLessThan due to org.evosuite.ga.ConstructionFailedException: Failed to add constructor for org.apache.commons.jxpath.ri.compiler.CoreOperationGreaterThan due to org.evosuite.ga.ConstructionFailedException: Failed to add constructor for org.apache.commons.jxpath.ri.compiler.CoreOperationMultiply due to org.evosuite.ga.ConstructionFailedException: Failed to add constructor for org.apache.commons.jxpath.ri.compiler.CoreOperationNotEqual due to org.evosuite.ga.ConstructionFailedException: Max recursion depth reached
[MASTER] 20:56:14.982 [logback-1] WARN  TestChromosome - Functional mock problem: org.evosuite.ga.ConstructionFailedException: Failed to add constructor for org.apache.commons.jxpath.ri.compiler.ExpressionPath due to org.evosuite.ga.ConstructionFailedException: Failed to add constructor for org.apache.commons.jxpath.ri.compiler.CoreOperationDivide due to org.evosuite.ga.ConstructionFailedException: Failed to add constructor for org.apache.commons.jxpath.ri.compiler.CoreOperationSubtract due to org.evosuite.ga.ConstructionFailedException: Failed to add constructor for org.apache.commons.jxpath.ri.compiler.NameAttributeTest due to org.evosuite.ga.ConstructionFailedException: Failed to add constructor for org.apache.commons.jxpath.ri.compiler.CoreOperationLessThan due to org.evosuite.ga.ConstructionFailedException: Max recursion depth reached
[MASTER] 20:56:15.714 [logback-1] WARN  TestChromosome - Functional mock problem: org.evosuite.ga.ConstructionFailedException: Failed to add constructor for org.apache.commons.jxpath.ri.compiler.CoreOperationEqual due to org.evosuite.ga.ConstructionFailedException: Failed to add constructor for org.apache.commons.jxpath.ri.compiler.CoreOperationDivide due to org.evosuite.ga.ConstructionFailedException: Failed to add constructor for org.apache.commons.jxpath.ri.compiler.CoreOperationMod due to org.evosuite.ga.ConstructionFailedException: Failed to add constructor for org.apache.commons.jxpath.ri.compiler.CoreFunction due to org.evosuite.ga.ConstructionFailedException: Have no generator for class org.apache.commons.jxpath.ri.compiler.CoreFunction canUseFunctionalMocks=false, canBeMocked: true
[MASTER] 20:56:15.952 [logback-1] WARN  TestChromosome - Functional mock problem: org.evosuite.ga.ConstructionFailedException: Failed to add constructor for org.apache.commons.jxpath.ri.compiler.ExpressionPath due to org.evosuite.ga.ConstructionFailedException: Failed to add constructor for org.apache.commons.jxpath.ri.compiler.NameAttributeTest due to org.evosuite.ga.ConstructionFailedException: Failed to add constructor for org.apache.commons.jxpath.ri.compiler.CoreOperationDivide due to org.evosuite.ga.ConstructionFailedException: Failed to add constructor for org.apache.commons.jxpath.ri.compiler.CoreOperationLessThanOrEqual due to org.evosuite.ga.ConstructionFailedException: Failed to add constructor for org.apache.commons.jxpath.ri.compiler.ExtensionFunction due to org.evosuite.ga.ConstructionFailedException: Max recursion depth reached
[MASTER] 20:56:16.018 [logback-1] WARN  TestChromosome - Functional mock problem: org.evosuite.ga.ConstructionFailedException: Failed to add constructor for org.apache.commons.jxpath.ri.compiler.CoreFunction due to org.evosuite.ga.ConstructionFailedException: Have no generator for class org.apache.commons.jxpath.ri.compiler.CoreFunction canUseFunctionalMocks=false, canBeMocked: true
[MASTER] 20:56:16.359 [logback-1] WARN  TestChromosome - Functional mock problem: org.evosuite.ga.ConstructionFailedException: Failed to add constructor for org.apache.commons.jxpath.ri.compiler.CoreOperationGreaterThanOrEqual due to org.evosuite.ga.ConstructionFailedException: Failed to add constructor for org.apache.commons.jxpath.ri.compiler.ExpressionPath due to org.evosuite.ga.ConstructionFailedException: Failed to add constructor for org.apache.commons.jxpath.ri.compiler.CoreOperationEqual due to org.evosuite.ga.ConstructionFailedException: Failed to add constructor for org.apache.commons.jxpath.ri.compiler.CoreOperationMod due to org.evosuite.ga.ConstructionFailedException: Failed to add constructor for org.apache.commons.jxpath.ri.compiler.CoreOperationNotEqual due to org.evosuite.ga.ConstructionFailedException: Max recursion depth reached
[MASTER] 20:56:16.714 [logback-1] WARN  TestChromosome - Functional mock problem: org.evosuite.ga.ConstructionFailedException: Failed to add constructor for org.apache.commons.jxpath.ri.compiler.CoreOperationEqual due to org.evosuite.ga.ConstructionFailedException: Failed to add constructor for org.apache.commons.jxpath.ri.compiler.CoreFunction due to org.evosuite.ga.ConstructionFailedException: Have no generator for class org.apache.commons.jxpath.ri.compiler.CoreFunction canUseFunctionalMocks=false, canBeMocked: true
[MASTER] 20:56:17.892 [logback-1] WARN  TestChromosome - Functional mock problem: org.evosuite.ga.ConstructionFailedException: Failed to add constructor for org.apache.commons.jxpath.ri.compiler.CoreOperationGreaterThanOrEqual due to org.evosuite.ga.ConstructionFailedException: Failed to add constructor for org.apache.commons.jxpath.ri.compiler.CoreOperationMultiply due to org.evosuite.ga.ConstructionFailedException: Failed to add constructor for org.apache.commons.jxpath.ri.compiler.CoreOperationMod due to org.evosuite.ga.ConstructionFailedException: Failed to add constructor for org.apache.commons.jxpath.ri.compiler.CoreOperationNotEqual due to org.evosuite.ga.ConstructionFailedException: Failed to add constructor for org.apache.commons.jxpath.ri.compiler.CoreOperationLessThanOrEqual due to org.evosuite.ga.ConstructionFailedException: Max recursion depth reached
[MASTER] 20:56:18.173 [logback-1] WARN  TestChromosome - Functional mock problem: org.evosuite.ga.ConstructionFailedException: Failed to add constructor for org.apache.commons.jxpath.ri.compiler.CoreFunction due to org.evosuite.ga.ConstructionFailedException: Failed to add constructor for org.apache.commons.jxpath.ri.compiler.CoreOperationNotEqual due to org.evosuite.ga.ConstructionFailedException: Have no generator for class org.apache.commons.jxpath.ri.compiler.CoreFunction canUseFunctionalMocks=false, canBeMocked: true
[MASTER] 20:56:18.620 [logback-1] WARN  TestChromosome - Functional mock problem: org.evosuite.ga.ConstructionFailedException: Failed to add constructor for org.apache.commons.jxpath.ri.compiler.NameAttributeTest due to org.evosuite.ga.ConstructionFailedException: Failed to add constructor for org.apache.commons.jxpath.ri.compiler.CoreOperationGreaterThan due to org.evosuite.ga.ConstructionFailedException: Failed to add constructor for org.apache.commons.jxpath.ri.compiler.CoreOperationMultiply due to org.evosuite.ga.ConstructionFailedException: Failed to add constructor for org.apache.commons.jxpath.ri.compiler.CoreOperationNotEqual due to org.evosuite.ga.ConstructionFailedException: Failed to add constructor for org.apache.commons.jxpath.ri.compiler.CoreOperationGreaterThanOrEqual due to org.evosuite.ga.ConstructionFailedException: Max recursion depth reached
[MASTER] 20:56:18.877 [logback-1] WARN  TestChromosome - Functional mock problem: org.evosuite.ga.ConstructionFailedException: Failed to add constructor for org.apache.commons.jxpath.ri.compiler.ExpressionPath due to org.evosuite.ga.ConstructionFailedException: Failed to add constructor for org.apache.commons.jxpath.ri.compiler.CoreOperationLessThanOrEqual due to org.evosuite.ga.ConstructionFailedException: Failed to add constructor for org.apache.commons.jxpath.ri.compiler.NameAttributeTest due to org.evosuite.ga.ConstructionFailedException: Failed to add constructor for org.apache.commons.jxpath.ri.compiler.CoreOperationNegate due to org.evosuite.ga.ConstructionFailedException: Failed to add constructor for org.apache.commons.jxpath.ri.compiler.Constant due to org.evosuite.ga.ConstructionFailedException: Max recursion depth reached
[MASTER] 20:56:19.273 [logback-1] WARN  TestChromosome - Functional mock problem: org.evosuite.ga.ConstructionFailedException: Failed to add constructor for org.apache.commons.jxpath.ri.compiler.CoreOperationNotEqual due to org.evosuite.ga.ConstructionFailedException: Have no generator for class org.apache.commons.jxpath.ri.compiler.CoreFunction canUseFunctionalMocks=false, canBeMocked: true
[MASTER] 20:56:19.286 [logback-1] WARN  TestChromosome - Functional mock problem: org.evosuite.ga.ConstructionFailedException: Failed to add constructor for org.apache.commons.jxpath.ri.compiler.CoreOperationGreaterThan due to org.evosuite.ga.ConstructionFailedException: Failed to add constructor for org.apache.commons.jxpath.ri.compiler.CoreOperationSubtract due to org.evosuite.ga.ConstructionFailedException: Failed to add constructor for org.apache.commons.jxpath.ri.compiler.CoreOperationMultiply due to org.evosuite.ga.ConstructionFailedException: Failed to add constructor for org.apache.commons.jxpath.ri.compiler.CoreOperationNotEqual due to org.evosuite.ga.ConstructionFailedException: Failed to add constructor for org.apache.commons.jxpath.ri.compiler.Constant due to org.evosuite.ga.ConstructionFailedException: Max recursion depth reached
[MASTER] 20:56:22.891 [logback-1] WARN  TestChromosome - Functional mock problem: org.evosuite.ga.ConstructionFailedException: Failed to add constructor for org.apache.commons.jxpath.ri.compiler.NodeNameTest due to org.evosuite.ga.ConstructionFailedException: Have no generator for class org.apache.commons.jxpath.ri.model.beans.NullPropertyPointer canUseFunctionalMocks=false, canBeMocked: true
[MASTER] 20:56:27.981 [logback-1] WARN  TestChromosome - Functional mock problem: org.evosuite.ga.ConstructionFailedException: Failed to add constructor for org.apache.commons.jxpath.ri.compiler.CoreOperationNotEqual due to org.evosuite.ga.ConstructionFailedException: Failed to add constructor for org.apache.commons.jxpath.ri.compiler.CoreOperationMod due to org.evosuite.ga.ConstructionFailedException: Failed to add constructor for org.apache.commons.jxpath.ri.compiler.CoreOperationSubtract due to org.evosuite.ga.ConstructionFailedException: Failed to add constructor for org.apache.commons.jxpath.ri.compiler.CoreOperationGreaterThanOrEqual due to org.evosuite.ga.ConstructionFailedException: Failed to add constructor for org.apache.commons.jxpath.ri.compiler.CoreOperationGreaterThan due to org.evosuite.ga.ConstructionFailedException: Max recursion depth reached
[MASTER] 20:56:29.138 [logback-1] WARN  TestChromosome - Functional mock problem: org.evosuite.ga.ConstructionFailedException: Failed to add constructor for org.apache.commons.jxpath.ri.compiler.CoreOperationDivide due to org.evosuite.ga.ConstructionFailedException: Failed to add constructor for org.apache.commons.jxpath.ri.compiler.CoreOperationEqual due to org.evosuite.ga.ConstructionFailedException: Failed to add constructor for org.apache.commons.jxpath.ri.compiler.CoreOperationGreaterThan due to org.evosuite.ga.ConstructionFailedException: Failed to add constructor for org.apache.commons.jxpath.ri.compiler.CoreOperationNotEqual due to org.evosuite.ga.ConstructionFailedException: Failed to add constructor for org.apache.commons.jxpath.ri.compiler.CoreOperationLessThan due to org.evosuite.ga.ConstructionFailedException: Max recursion depth reached
[MASTER] 20:56:29.389 [logback-1] WARN  TestChromosome - Functional mock problem: org.evosuite.ga.ConstructionFailedException: Failed to add constructor for org.apache.commons.jxpath.ri.compiler.NameAttributeTest due to org.evosuite.ga.ConstructionFailedException: Failed to add constructor for org.apache.commons.jxpath.ri.compiler.CoreFunction due to org.evosuite.ga.ConstructionFailedException: Have no generator for class org.apache.commons.jxpath.ri.compiler.CoreFunction canUseFunctionalMocks=false, canBeMocked: true
[MASTER] 20:56:35.031 [logback-1] WARN  TestChromosome - Functional mock problem: org.evosuite.ga.ConstructionFailedException: Failed to add constructor for org.apache.commons.jxpath.ri.compiler.NodeNameTest due to org.evosuite.ga.ConstructionFailedException: Failed to add constructor for org.apache.commons.jxpath.ri.model.beans.CollectionPointer due to org.evosuite.ga.ConstructionFailedException: Failed to add constructor for org.apache.commons.jxpath.ri.compiler.NameAttributeTest due to org.evosuite.ga.ConstructionFailedException: Failed to add constructor for org.apache.commons.jxpath.ri.compiler.CoreOperationGreaterThanOrEqual due to org.evosuite.ga.ConstructionFailedException: Failed to add constructor for org.apache.commons.jxpath.ri.compiler.CoreOperationNegate due to org.evosuite.ga.ConstructionFailedException: Max recursion depth reached
[MASTER] 20:57:04.207 [logback-2] ERROR TestCluster - Failed to check cache for java.util.List<E> : Type points to itself
* Search finished after 71s and 168 generations, 167733 statements, best individual has fitness: 735.037051176349
* Minimizing test suite
* Generated 49 tests with total length 734
* Resulting test suite's coverage: 76% (average coverage for all fitness functions)
* Generating assertions
* Compiling and checking tests
[MASTER] 20:57:42.430 [logback-1] WARN  JUnitAnalyzer - Found unstable test named test0 -> class java.lang.StackOverflowError: null
[MASTER] 20:57:42.432 [logback-1] WARN  JUnitAnalyzer - Failing test:
 SimplePathInterpreter simplePathInterpreter0 = new SimplePathInterpreter();
assertNotNull(simplePathInterpreter0);

NamespaceResolver namespaceResolver0 = new NamespaceResolver();
assertFalse(namespaceResolver0.isSealed());
assertNotNull(namespaceResolver0);

JXPathContextReferenceImpl jXPathContextReferenceImpl0 = mock(JXPathContextReferenceImpl.class, new ViolatedAssumptionAnswer());
doReturn(namespaceResolver0).when(jXPathContextReferenceImpl0).getNamespaceResolver();
NodePointer nodePointer0 = null;
CollectionPointer collectionPointer0 = new CollectionPointer(nodePointer0, simplePathInterpreter0);
assertTrue(collectionPointer0.isNode());
assertTrue(collectionPointer0.isCollection());
assertNull(collectionPointer0.getNamespaceURI());
assertTrue(collectionPointer0.isRoot());
assertFalse(collectionPointer0.isAttribute());
assertEquals(Integer.MIN_VALUE, collectionPointer0.getIndex());
assertFalse(collectionPointer0.isContainer());
assertEquals(Integer.MIN_VALUE, NodePointer.WHOLE_COLLECTION);
assertNotNull(collectionPointer0);

RootContext rootContext0 = new RootContext(jXPathContextReferenceImpl0, collectionPointer0);
assertFalse(namespaceResolver0.isSealed());
assertTrue(collectionPointer0.isNode());
assertTrue(collectionPointer0.isCollection());
assertNull(collectionPointer0.getNamespaceURI());
assertTrue(collectionPointer0.isRoot());
assertFalse(collectionPointer0.isAttribute());
assertEquals(Integer.MIN_VALUE, collectionPointer0.getIndex());
assertFalse(collectionPointer0.isContainer());
assertEquals(0, rootContext0.getDocumentOrder());
assertEquals(0, rootContext0.getPosition());
assertFalse(rootContext0.isChildOrderingRequired());
assertEquals(Integer.MIN_VALUE, NodePointer.WHOLE_COLLECTION);
assertNotNull(rootContext0);

Expression[] expressionArray0 = new Expression[9];
CoreOperationAnd coreOperationAnd0 = new CoreOperationAnd(expressionArray0);
assertEquals(9, expressionArray0.length);
assertEquals("and", coreOperationAnd0.getSymbol());
assertNotNull(coreOperationAnd0);

expressionArray0[0] = (Expression) coreOperationAnd0;
Step[] stepArray0 = new Step[2];
SimplePathInterpreter.interpretSimpleExpressionPath(rootContext0, collectionPointer0, expressionArray0, stepArray0);

[MASTER] 20:57:46.139 [logback-1] WARN  TimeController - Phase JUNIT_CHECK lasted too long, 5 seconds more than allowed.
* Writing JUnit test case 'SimplePathInterpreter_ESTest' to temp/testcases
* Done!

* Computation finished
