* EvoSuite 1.0.6-SNAPSHOT
* Going to generate test cases for class: okhttp3.internal.platform.AndroidPlatform
* Starting client
* Connecting to master process on port 10723
* Analyzing classpath: 
  - /var/benchmarks/projects/okhttp/okhttp/target/classes
  - /var/benchmarks/projects/okhttp/okhttp/target/classes
[MASTER] 20:49:23.601 [logback-1] WARN  CheapPurityAnalyzer - okio.Buffer was not found in the inheritance tree. Using DEFAULT value for cheap-purity analysis
[MASTER] 20:49:23.601 [logback-1] WARN  InheritanceTree - Class not in inheritance graph: okio.Buffer
[MASTER] 20:49:23.605 [logback-1] WARN  CheapPurityAnalyzer - android.util.Log was not found in the inheritance tree. Using DEFAULT value for cheap-purity analysis
[MASTER] 20:49:23.605 [logback-1] WARN  InheritanceTree - Class not in inheritance graph: android.util.Log
* Finished analyzing classpath
* Generating tests for class okhttp3.internal.platform.AndroidPlatform
* Test criteria:
  - Line Coverage
  - Branch Coverage
  - Exception
  - Mutation testing (weak)
  - Method-Output Coverage
  - Top-Level Method Coverage
  - No-Exception Top-Level Method Coverage
  - Context Branch Coverage
* Setting up search algorithm for whole suite generation
* Total number of test goals: 
  - Line 130
  - Branch 45
  - Exception 0
  - MutationFactory 320
  - Output 13
  - Method 18
  - MethodNoException 18
  - CBranchFitnessFactory 45
* Using seed 1517341761494
* Starting evolution
[MASTER] 20:49:42.617 [logback-1] WARN  TestChromosome - Functional mock problem: org.evosuite.ga.ConstructionFailedException: Have no generator for class java.security.IdentityScope canUseFunctionalMocks=false, canBeMocked: true
[MASTER] 20:49:45.774 [logback-2] ERROR TestCluster - Failed to check cache for java.util.Comparator<T> : Type points to itself
[MASTER] 20:49:53.387 [logback-1] WARN  TestChromosome - Functional mock problem: org.evosuite.ga.ConstructionFailedException: Failed to add constructor for javax.security.auth.x500.X500Principal due to org.evosuite.ga.ConstructionFailedException: Failed to add constructor for java.io.BufferedInputStream due to org.evosuite.ga.ConstructionFailedException: Failed to add constructor for java.io.PipedInputStream due to org.evosuite.ga.ConstructionFailedException: Failed to add constructor for java.io.PipedOutputStream due to org.evosuite.ga.ConstructionFailedException: Failed to add constructor for java.io.PipedInputStream due to org.evosuite.ga.ConstructionFailedException: Max recursion depth reached
[MASTER] 20:49:53.428 [logback-1] WARN  TestChromosome - Functional mock problem: org.evosuite.ga.ConstructionFailedException: Have no generator for class javax.security.auth.x500.X500Principal canUseFunctionalMocks=true, canBeMocked: false
[MASTER] 20:49:53.616 [logback-2] ERROR TestCluster - Failed to check cache for java.util.Enumeration<E> : Type points to itself
[MASTER] 20:49:59.270 [logback-2] ERROR TestCluster - Failed to check cache for java.util.List<E> : Type points to itself
[MASTER] 20:50:12.503 [logback-2] ERROR TestCluster - Failed to check cache for java.util.Collection<E> : Type points to itself
* Search finished after 72s and 198 generations, 115537 statements, best individual has fitness: 207.06105006105005
* Minimizing test suite
* Generated 27 tests with total length 181
* Resulting test suite's coverage: 67% (average coverage for all fitness functions)
* Generating assertions
* Compiling and checking tests
[MASTER] 20:50:39.652 [logback-2] ERROR ClassStateSupport - Could not initialize okhttp3.OkHttpClient: okhttp3/internal/Internal
[MASTER] 20:50:39.693 [logback-1] WARN  ClassResetter - class java.lang.NoClassDefFoundError thrown while loading method  __STATIC_RESET() for class okhttp3.internal.Util
[MASTER] 20:50:39.753 [logback-2] ERROR ClassStateSupport - Could not initialize okhttp3.OkHttpClient: okhttp3/OkHttpClient$1
[MASTER] 20:50:39.792 [logback-2] ERROR ClassStateSupport - Could not initialize okhttp3.internal.Util: okio/BufferedSource
[MASTER] 20:50:39.849 [logback-2] ERROR ClassStateSupport - Could not initialize okhttp3.ResponseBody$1: okio/BufferedSource
[MASTER] 20:50:39.866 [logback-2] ERROR ClassStateSupport - Could not initialize okhttp3.OkHttpClient: okio/BufferedSource
[MASTER] 20:50:39.888 [logback-2] ERROR ClassStateSupport - Could not initialize okhttp3.internal.Util: Could not initialize class okhttp3.internal.Util
[MASTER] 20:50:39.890 [logback-2] ERROR ClassStateSupport - Could not initialize okhttp3.ResponseBody: okio/BufferedSource
* Permissions denied during test execution: 
  - java.lang.RuntimePermission: 
         writeFileDescriptor: 6
* Writing JUnit test case 'AndroidPlatform_ESTest' to temp/testcases
* Done!

* Computation finished
