* EvoSuite 1.0.6-SNAPSHOT
* Going to generate test cases for class: org.apache.commons.jxpath.ri.compiler.Path
* Starting client
* Connecting to master process on port 3577
* Analyzing classpath: 
  - /var/benchmarks/projects/commons-jxpath-1.3-src/target/classes
  - /var/benchmarks/projects/commons-jxpath-1.3-src/target/classes
* Finished analyzing classpath
* Generating tests for class org.apache.commons.jxpath.ri.compiler.Path
* Test criteria:
  - Line Coverage
  - Branch Coverage
  - Exception
  - Mutation testing (weak)
  - Method-Output Coverage
  - Top-Level Method Coverage
  - No-Exception Top-Level Method Coverage
  - Context Branch Coverage
* Setting up search algorithm for whole suite generation
* Total number of test goals: 
  - Line 111
  - Branch 103
  - Exception 0
  - MutationFactory 203
  - Output 42
  - Method 10
  - MethodNoException 10
  - CBranchFitnessFactory 103
* Using seed 1517342562392
* Starting evolution
[MASTER] 21:02:57.820 [logback-1] WARN  TestChromosome - Functional mock problem: org.evosuite.ga.ConstructionFailedException: Failed to add constructor for org.apache.commons.jxpath.ri.JXPathContextReferenceImpl due to org.evosuite.ga.ConstructionFailedException: Failed to add constructor for org.apache.commons.jxpath.ri.axes.AncestorContext due to org.evosuite.ga.ConstructionFailedException: Failed to add constructor for org.apache.commons.jxpath.ri.axes.InitialContext due to org.evosuite.ga.ConstructionFailedException: Failed to add constructor for org.apache.commons.jxpath.ri.axes.DescendantContext due to org.evosuite.ga.ConstructionFailedException: Max recursion depth reached
[MASTER] 21:02:58.134 [logback-1] WARN  TestChromosome - Functional mock problem: org.evosuite.ga.ConstructionFailedException: Failed to add constructor for org.apache.commons.jxpath.ri.NamespaceResolver due to org.evosuite.ga.ConstructionFailedException: Failed to add constructor for org.apache.commons.jxpath.ri.JXPathContextReferenceImpl due to org.evosuite.ga.ConstructionFailedException: Failed to add constructor for org.apache.commons.jxpath.ri.axes.AncestorContext due to org.evosuite.ga.ConstructionFailedException: Max recursion depth reached
[MASTER] 21:03:00.315 [logback-1] WARN  TestChromosome - Functional mock problem: org.evosuite.ga.ConstructionFailedException: Failed to add constructor for org.apache.commons.jxpath.ri.JXPathContextReferenceImpl due to org.evosuite.ga.ConstructionFailedException: Failed to add constructor for org.apache.commons.jxpath.ri.axes.ParentContext due to org.evosuite.ga.ConstructionFailedException: Failed to add constructor for org.apache.commons.jxpath.ri.axes.AncestorContext due to org.evosuite.ga.ConstructionFailedException: Failed to add constructor for org.apache.commons.jxpath.ri.axes.NamespaceContext due to org.evosuite.ga.ConstructionFailedException: Max recursion depth reached
[MASTER] 21:03:00.417 [logback-1] WARN  TestChromosome - Functional mock problem: org.evosuite.ga.ConstructionFailedException: Failed to add constructor for org.apache.commons.jxpath.ri.axes.RootContext due to org.evosuite.ga.ConstructionFailedException: Failed to add constructor for org.apache.commons.jxpath.ri.JXPathContextReferenceImpl due to org.evosuite.ga.ConstructionFailedException: Max recursion depth reached
[MASTER] 21:03:03.526 [logback-1] WARN  TestChromosome - Functional mock problem: org.evosuite.ga.ConstructionFailedException: Failed to add constructor for org.apache.commons.jxpath.ri.JXPathContextReferenceImpl due to org.evosuite.ga.ConstructionFailedException: Failed to add constructor for org.apache.commons.jxpath.ri.axes.AncestorContext due to org.evosuite.ga.ConstructionFailedException: Failed to add constructor for org.apache.commons.jxpath.ri.axes.NodeSetContext due to org.evosuite.ga.ConstructionFailedException: Failed to add constructor for org.apache.commons.jxpath.ri.axes.SelfContext due to org.evosuite.ga.ConstructionFailedException: Max recursion depth reached
[MASTER] 21:03:03.803 [logback-1] WARN  TestChromosome - Functional mock problem: org.evosuite.ga.ConstructionFailedException: Failed to add constructor for org.apache.commons.jxpath.ri.JXPathContextReferenceImpl due to org.evosuite.ga.ConstructionFailedException: Failed to add constructor for org.apache.commons.jxpath.ri.axes.AncestorContext due to org.evosuite.ga.ConstructionFailedException: Failed to add constructor for org.apache.commons.jxpath.ri.axes.ChildContext due to org.evosuite.ga.ConstructionFailedException: Failed to add constructor for org.apache.commons.jxpath.ri.axes.SelfContext due to org.evosuite.ga.ConstructionFailedException: Max recursion depth reached
[MASTER] 21:03:04.822 [logback-1] WARN  TestChromosome - Functional mock problem: org.evosuite.ga.ConstructionFailedException: Failed to add constructor for org.apache.commons.jxpath.ri.JXPathContextReferenceImpl due to org.evosuite.ga.ConstructionFailedException: Failed to add constructor for org.apache.commons.jxpath.ri.axes.AncestorContext due to org.evosuite.ga.ConstructionFailedException: Failed to add constructor for org.apache.commons.jxpath.ri.axes.RootContext due to org.evosuite.ga.ConstructionFailedException: Failed to add constructor for org.apache.commons.jxpath.ri.model.VariablePointer due to org.evosuite.ga.ConstructionFailedException: Max recursion depth reached
[MASTER] 21:03:06.178 [logback-1] WARN  TestChromosome - Functional mock problem: org.evosuite.ga.ConstructionFailedException: Failed to add constructor for org.apache.commons.jxpath.ri.JXPathContextReferenceImpl due to org.evosuite.ga.ConstructionFailedException: Failed to add constructor for org.apache.commons.jxpath.ri.axes.AncestorContext due to org.evosuite.ga.ConstructionFailedException: Failed to add constructor for org.apache.commons.jxpath.ri.axes.SelfContext due to org.evosuite.ga.ConstructionFailedException: Failed to add constructor for org.apache.commons.jxpath.ri.axes.DescendantContext due to org.evosuite.ga.ConstructionFailedException: Max recursion depth reached
[MASTER] 21:03:06.224 [logback-1] WARN  TestChromosome - Functional mock problem: org.evosuite.ga.ConstructionFailedException: Failed to add constructor for org.apache.commons.jxpath.ri.axes.AttributeContext due to org.evosuite.ga.ConstructionFailedException: Failed to add constructor for org.apache.commons.jxpath.ri.axes.RootContext due to org.evosuite.ga.ConstructionFailedException: Failed to add constructor for org.apache.commons.jxpath.ri.JXPathContextReferenceImpl due to org.evosuite.ga.ConstructionFailedException: Max recursion depth reached
[MASTER] 21:03:06.286 [logback-1] WARN  TestChromosome - Functional mock problem: org.evosuite.ga.ConstructionFailedException: Failed to add constructor for org.apache.commons.jxpath.ri.NamespaceResolver due to org.evosuite.ga.ConstructionFailedException: Failed to add constructor for org.apache.commons.jxpath.ri.axes.NamespaceContext due to org.evosuite.ga.ConstructionFailedException: Failed to add constructor for org.apache.commons.jxpath.ri.axes.PrecedingOrFollowingContext due to org.evosuite.ga.ConstructionFailedException: Failed to add constructor for org.apache.commons.jxpath.ri.axes.RootContext due to org.evosuite.ga.ConstructionFailedException: Max recursion depth reached
[MASTER] 21:03:06.909 [logback-1] WARN  TestChromosome - Functional mock problem: org.evosuite.ga.ConstructionFailedException: Failed to add constructor for org.apache.commons.jxpath.ri.axes.PredicateContext due to org.evosuite.ga.ConstructionFailedException: Failed to add constructor for org.apache.commons.jxpath.ri.axes.RootContext due to org.evosuite.ga.ConstructionFailedException: Failed to add constructor for org.apache.commons.jxpath.ri.JXPathContextReferenceImpl due to org.evosuite.ga.ConstructionFailedException: Failed to add constructor for org.apache.commons.jxpath.ri.axes.NamespaceContext due to org.evosuite.ga.ConstructionFailedException: Max recursion depth reached
[MASTER] 21:03:32.858 [logback-1] WARN  TestUsageChecker - class org.apache.commons.jxpath.ri.model.VariablePointer$1 looks like an anonymous class, ignoring it (although reflection says false) VariablePointer$1
[MASTER] 21:03:36.280 [logback-2] ERROR TestCluster - Failed to check cache for java.util.Iterator<E> : Type points to itself
* Search finished after 71s and 130 generations, 121063 statements, best individual has fitness: 124.01904761904763
* Minimizing test suite
* Generated 46 tests with total length 470
* Resulting test suite's coverage: 85% (average coverage for all fitness functions)
* Generating assertions
* Compiling and checking tests
[MASTER] 21:04:10.608 [logback-2] ERROR ClassStateSupport - Could not initialize org.apache.commons.jxpath.JXPathContextFactory: org/apache/commons/jxpath/JXPathContextFactoryConfigurationError
[MASTER] 21:04:10.615 [logback-2] ERROR ClassStateSupport - Could not initialize org.apache.commons.jxpath.ri.model.beans.CollectionPointer: org/apache/commons/jxpath/ri/model/beans/CollectionAttributeNodeIterator
[MASTER] 21:04:14.187 [logback-1] WARN  JUnitAnalyzer - Found unstable test named test0 -> class java.lang.AssertionError: expected:<1> but was:<0>
[MASTER] 21:04:14.188 [logback-1] WARN  JUnitAnalyzer - Failing test:
 boolean boolean0 = false;
Step[] stepArray0 = new Step[1];
String string0 = "java.Guil.Colletion";
QName qName0 = new QName(string0);
assertEquals("java.Guil.Colletion", qName0.getName());
assertEquals("java.Guil.Colletion", qName0.toString());
assertNull(qName0.getPrefix());
assertNotNull(qName0);

NodeNameTest nodeNameTest0 = new NodeNameTest(qName0, string0);
assertEquals("java.Guil.Colletion", qName0.getName());
assertEquals("java.Guil.Colletion", qName0.toString());
assertNull(qName0.getPrefix());
assertFalse(nodeNameTest0.isWildcard());
assertEquals("java.Guil.Colletion", nodeNameTest0.getNamespaceURI());
assertEquals("java.Guil.Colletion", nodeNameTest0.toString());
assertNotNull(nodeNameTest0);

LocationPath locationPath0 = new LocationPath(boolean0, stepArray0);
assertFalse(locationPath0.isAbsolute());
assertEquals(1, stepArray0.length);
assertNotNull(locationPath0);

EvalContext evalContext0 = null;
int int0 = 2;
EvalContext evalContext1 = locationPath0.createContextForStep(evalContext0, int0, nodeNameTest0);
assertEquals("java.Guil.Colletion", qName0.getName());
assertEquals("java.Guil.Colletion", qName0.toString());
assertNull(qName0.getPrefix());
assertFalse(nodeNameTest0.isWildcard());
assertEquals("java.Guil.Colletion", nodeNameTest0.getNamespaceURI());
assertEquals("java.Guil.Colletion", nodeNameTest0.toString());
assertFalse(locationPath0.isAbsolute());
assertEquals(1, evalContext1.getPosition());
assertFalse(evalContext1.isChildOrderingRequired());
assertEquals(0, evalContext1.getDocumentOrder());
assertEquals(1, stepArray0.length);
assertNotNull(evalContext1);


[MASTER] 21:04:15.191 [logback-1] WARN  JUnitAnalyzer - Found unstable test named test0 -> class java.lang.AssertionError: expected:<1> but was:<0>
[MASTER] 21:04:15.191 [logback-1] WARN  JUnitAnalyzer - Failing test:
 Expression expression0 = mock(Expression.class, new ViolatedAssumptionAnswer());
Expression[] expressionArray0 = new Expression[3];
Step[] stepArray0 = null;
ExpressionPath expressionPath0 = new ExpressionPath(expression0, expressionArray0, stepArray0);
assertEquals(3, expressionArray0.length);
assertNotNull(expressionPath0);

EvalContext evalContext0 = null;
int int0 = 11;
NodeTest nodeTest0 = mock(NodeTest.class, new ViolatedAssumptionAnswer());
EvalContext evalContext1 = expressionPath0.createContextForStep(evalContext0, int0, nodeTest0);
assertEquals(0, evalContext1.getDocumentOrder());
assertFalse(evalContext1.isChildOrderingRequired());
assertEquals(1, evalContext1.getPosition());
assertEquals(3, expressionArray0.length);
assertNotNull(evalContext1);


[MASTER] 21:04:16.065 [logback-1] WARN  JUnitAnalyzer - Found unstable test named test0 -> class java.lang.StackOverflowError: null
[MASTER] 21:04:16.067 [logback-1] WARN  JUnitAnalyzer - Failing test:
 boolean boolean0 = false;
Step[] stepArray0 = new Step[3];
Expression[] expressionArray0 = new Expression[1];
CoreOperationOr coreOperationOr0 = new CoreOperationOr(expressionArray0);
assertEquals("or", coreOperationOr0.getSymbol());
assertEquals(1, expressionArray0.length);
assertNotNull(coreOperationOr0);

expressionArray0[0] = (Expression) coreOperationOr0;
LocationPath locationPath0 = new LocationPath(boolean0, stepArray0);
assertFalse(locationPath0.isAbsolute());
assertEquals(3, stepArray0.length);
assertNotNull(locationPath0);

locationPath0.areBasicPredicates(expressionArray0);

[MASTER] 21:04:16.671 [logback-1] WARN  JUnitAnalyzer - Found unstable test named test0 -> class java.lang.StackOverflowError: null
[MASTER] 21:04:16.673 [logback-1] WARN  JUnitAnalyzer - Failing test:
 Expression[] expressionArray0 = new Expression[6];
CoreOperationOr coreOperationOr0 = new CoreOperationOr(expressionArray0);
assertEquals("or", coreOperationOr0.getSymbol());
assertEquals(6, expressionArray0.length);
assertNotNull(coreOperationOr0);

expressionArray0[0] = (Expression) coreOperationOr0;
CoreOperationAnd coreOperationAnd0 = new CoreOperationAnd(expressionArray0);
assertEquals("and", coreOperationAnd0.getSymbol());
assertEquals(6, expressionArray0.length);
assertNotNull(coreOperationAnd0);

Step[] stepArray0 = new Step[2];
ExpressionPath expressionPath0 = new ExpressionPath(coreOperationAnd0, expressionArray0, stepArray0);
assertEquals("and", coreOperationAnd0.getSymbol());
assertEquals(6, expressionArray0.length);
assertEquals(2, stepArray0.length);
assertNotNull(expressionPath0);

expressionPath0.computeContextDependent();

[MASTER] 21:04:17.799 [logback-1] WARN  JUnitAnalyzer - Found unstable test named test0 -> class java.lang.AssertionError: expected:<1> but was:<0>
[MASTER] 21:04:17.800 [logback-1] WARN  JUnitAnalyzer - Failing test:
 boolean boolean0 = false;
Step[] stepArray0 = null;
LocationPath locationPath0 = new LocationPath(boolean0, stepArray0);
assertFalse(locationPath0.isAbsolute());
assertNotNull(locationPath0);

EvalContext evalContext0 = null;
int int0 = 1;
NodeTest nodeTest0 = null;
EvalContext evalContext1 = locationPath0.createContextForStep(evalContext0, int0, nodeTest0);
assertFalse(locationPath0.isAbsolute());
assertFalse(evalContext1.isChildOrderingRequired());
assertEquals(1, evalContext1.getPosition());
assertEquals(0, evalContext1.getDocumentOrder());
assertNotNull(evalContext1);

int int1 = 4225;
EvalContext evalContext2 = locationPath0.createContextForStep(evalContext1, int1, nodeTest0);
assertFalse(locationPath0.isAbsolute());
assertFalse(evalContext1.isChildOrderingRequired());
assertEquals(1, evalContext1.getPosition());
assertEquals(0, evalContext1.getDocumentOrder());
assertFalse(int0 == int1);
assertFalse(int1 == int0);
assertNull(evalContext2);


[MASTER] 21:04:17.960 [logback-1] WARN  JUnitAnalyzer - Found unstable test named test0 -> class java.lang.AssertionError: expected:<1> but was:<0>
[MASTER] 21:04:17.961 [logback-1] WARN  JUnitAnalyzer - Failing test:
 boolean boolean0 = false;
Step[] stepArray0 = new Step[1];
int int0 = 12;
String string0 = "java.Guil.Colletion";
QName qName0 = new QName(string0);
assertEquals("java.Guil.Colletion", qName0.toString());
assertEquals("java.Guil.Colletion", qName0.getName());
assertNull(qName0.getPrefix());
assertNotNull(qName0);

NodeNameTest nodeNameTest0 = new NodeNameTest(qName0, string0);
assertEquals("java.Guil.Colletion", qName0.toString());
assertEquals("java.Guil.Colletion", qName0.getName());
assertNull(qName0.getPrefix());
assertEquals("java.Guil.Colletion", nodeNameTest0.getNamespaceURI());
assertFalse(nodeNameTest0.isWildcard());
assertEquals("java.Guil.Colletion", nodeNameTest0.toString());
assertNotNull(nodeNameTest0);

Expression[] expressionArray0 = new Expression[7];
Step step0 = new Step(int0, nodeNameTest0, expressionArray0);
assertEquals("java.Guil.Colletion", qName0.toString());
assertEquals("java.Guil.Colletion", qName0.getName());
assertNull(qName0.getPrefix());
assertEquals("java.Guil.Colletion", nodeNameTest0.getNamespaceURI());
assertFalse(nodeNameTest0.isWildcard());
assertEquals("java.Guil.Colletion", nodeNameTest0.toString());
assertEquals(12, step0.getAxis());
assertEquals(7, expressionArray0.length);
assertNotNull(step0);

stepArray0[0] = step0;
LocationPath locationPath0 = new LocationPath(boolean0, stepArray0);
assertFalse(locationPath0.isAbsolute());
assertEquals(1, stepArray0.length);
assertNotNull(locationPath0);

EvalContext evalContext0 = null;
EvalContext evalContext1 = locationPath0.createContextForStep(evalContext0, int0, nodeNameTest0);
assertEquals("java.Guil.Colletion", qName0.toString());
assertEquals("java.Guil.Colletion", qName0.getName());
assertNull(qName0.getPrefix());
assertEquals("java.Guil.Colletion", nodeNameTest0.getNamespaceURI());
assertFalse(nodeNameTest0.isWildcard());
assertEquals("java.Guil.Colletion", nodeNameTest0.toString());
assertFalse(locationPath0.isAbsolute());
assertEquals(1, evalContext1.getPosition());
assertEquals(0, evalContext1.getDocumentOrder());
assertFalse(evalContext1.isChildOrderingRequired());
assertEquals(1, stepArray0.length);
assertNotNull(evalContext1);

EvalContext evalContext2 = locationPath0.evalSteps(evalContext1);
assertEquals("java.Guil.Colletion", qName0.toString());
assertEquals("java.Guil.Colletion", qName0.getName());
assertNull(qName0.getPrefix());
assertEquals("java.Guil.Colletion", nodeNameTest0.getNamespaceURI());
assertFalse(nodeNameTest0.isWildcard());
assertEquals("java.Guil.Colletion", nodeNameTest0.toString());
assertFalse(locationPath0.isAbsolute());
assertEquals(0, evalContext1.getDocumentOrder());
assertEquals(0, evalContext1.getPosition());
assertFalse(evalContext1.isChildOrderingRequired());
assertEquals(0, evalContext2.getDocumentOrder());
assertFalse(evalContext2.isChildOrderingRequired());
assertEquals(0, evalContext2.getPosition());
assertEquals(1, stepArray0.length);
assertNotNull(evalContext2);


[MASTER] 21:04:18.120 [logback-1] WARN  JUnitAnalyzer - Found unstable test named test0 -> class java.lang.AssertionError: expected:<1> but was:<0>
[MASTER] 21:04:18.120 [logback-1] WARN  JUnitAnalyzer - Failing test:
 boolean boolean0 = true;
Step[] stepArray0 = new Step[7];
int int0 = (-495);
String string0 = "xj%uXQL";
ProcessingInstructionTest processingInstructionTest0 = new ProcessingInstructionTest(string0);
assertEquals("xj%uXQL", processingInstructionTest0.getTarget());
assertNotNull(processingInstructionTest0);

Expression[] expressionArray0 = null;
Step step0 = new Step(int0, processingInstructionTest0, expressionArray0);
assertEquals("xj%uXQL", processingInstructionTest0.getTarget());
assertEquals((-495), step0.getAxis());
assertNotNull(step0);

stepArray0[0] = step0;
stepArray0[1] = stepArray0[0];
int int1 = 1;
stepArray0[2] = stepArray0[0];
stepArray0[3] = stepArray0[0];
stepArray0[4] = step0;
stepArray0[5] = stepArray0[4];
Step step1 = new Step(int1, processingInstructionTest0, expressionArray0);
assertEquals("xj%uXQL", processingInstructionTest0.getTarget());
assertEquals(1, step1.getAxis());
assertFalse(int1 == int0);
assertFalse(step1.equals((Object)step0));
assertNotNull(step1);

stepArray0[6] = step1;
LocationPath locationPath0 = new LocationPath(boolean0, stepArray0);
assertTrue(locationPath0.isAbsolute());
assertEquals(7, stepArray0.length);
assertNotNull(locationPath0);

EvalContext evalContext0 = null;
EvalContext evalContext1 = locationPath0.evalSteps(evalContext0);
assertTrue(locationPath0.isAbsolute());
assertFalse(evalContext1.isChildOrderingRequired());
assertEquals(0, evalContext1.getDocumentOrder());
assertEquals(1, evalContext1.getPosition());
assertEquals(7, stepArray0.length);
assertNotNull(evalContext1);


[MASTER] 21:04:20.622 [logback-1] WARN  TimeController - Phase JUNIT_CHECK lasted too long, 2 seconds more than allowed.
* Writing JUnit test case 'Path_ESTest' to temp/testcases
* Done!

* Computation finished
