* EvoSuite 1.0.6-SNAPSHOT
* Going to generate test cases for class: org.freehep.math.minuit.MnPrint
* Starting client
* Connecting to master process on port 12784
* Analyzing classpath: 
  - /var/benchmarks/projects/freehep/math/freehep-jminuit/target/classes
  - /var/benchmarks/projects/freehep/math/freehep-jminuit/target/classes
* Finished analyzing classpath
* Generating tests for class org.freehep.math.minuit.MnPrint
* Test criteria:
  - Line Coverage
  - Branch Coverage
  - Exception
  - Mutation testing (weak)
  - Method-Output Coverage
  - Top-Level Method Coverage
  - No-Exception Top-Level Method Coverage
  - Context Branch Coverage
* Setting up search algorithm for whole suite generation
* Total number of test goals: 
  - Line 210
  - Branch 83
  - Exception 0
  - MutationFactory 271
  - Output 30
  - Method 20
  - MethodNoException 20
  - CBranchFitnessFactory 83
* Using seed 1517344082930
* Starting evolution
[MASTER] 21:28:41.473 [logback-2] ERROR TestCluster - Failed to check cache for java.util.List<E> : Type points to itself
[MASTER] 21:28:57.508 [logback-1] WARN  TestChromosome - Functional mock problem: org.evosuite.ga.ConstructionFailedException: Failed to add constructor for org.freehep.math.minuit.ContoursError due to org.evosuite.ga.ConstructionFailedException: Have no generator for class org.freehep.math.minuit.ContoursError canUseFunctionalMocks=false, canBeMocked: true
[MASTER] 21:29:11.059 [logback-1] WARN  TestChromosome - Functional mock problem: org.evosuite.ga.ConstructionFailedException: Have no generator for class org.freehep.math.minuit.ContoursError canUseFunctionalMocks=false, canBeMocked: true
* Search finished after 73s and 77 generations, 35142 statements, best individual has fitness: 43.885714285714286
* Minimizing test suite
* Generated 64 tests with total length 993
[MASTER] 21:29:37.177 [logback-1] WARN  TestSuiteMinimizer - Minimization timeout. Roll back to original test suite
* Resulting test suite's coverage: 88% (average coverage for all fitness functions)
* Generating assertions
[MASTER] 21:29:37.180 [logback-1] WARN  TimeController - Phase MINIMIZATION lasted too long, 4 seconds more than allowed.
* Compiling and checking tests
* Permissions denied during test execution: 
  - java.lang.RuntimePermission: 
         writeFileDescriptor: 5
* Writing JUnit test case 'MnPrint_ESTest' to temp/testcases
* Done!

* Computation finished
