* EvoSuite 1.0.6-SNAPSHOT
* Going to generate test cases for class: org.apache.bcel.classfile.Utility
* Starting client
* Connecting to master process on port 9394
* Analyzing classpath: 
  - /var/benchmarks/projects/bcel-6.0-src/target/classes
  - /var/benchmarks/projects/bcel-6.0-src/target/classes
* Finished analyzing classpath
* Generating tests for class org.apache.bcel.classfile.Utility
* Test criteria:
  - Line Coverage
  - Branch Coverage
  - Exception
  - Mutation testing (weak)
  - Method-Output Coverage
  - Top-Level Method Coverage
  - No-Exception Top-Level Method Coverage
  - Context Branch Coverage
* Setting up search algorithm for whole suite generation
* Total number of test goals: 
  - Line 521
  - Branch 916
  - Exception 0
  - MutationFactory 770
  - Output 114
  - Method 46
  - MethodNoException 46
  - CBranchFitnessFactory 916
* Using seed 1516819675574
* Starting evolution
[MASTER] 19:48:12.485 [logback-2] ERROR TestCluster - Failed to check cache for java.util.Enumeration<E> : Type points to itself
[MASTER] 19:48:45.965 [logback-2] ERROR FunctionalMockStatement - IAE on <public java.lang.String org.apache.bcel.classfile.ConstantPool.constantToString(int,byte) throws org.apache.bcel.classfile.ClassFormatException> when called with [0, null]
[MASTER] 19:48:45.966 [logback-2] ERROR FunctionalMockStatement - Failed to use Mockito on class org.apache.bcel.classfile.ConstantPool: null
* Computation finished
[MASTER] 19:48:45.970 [logback-2] ERROR TestCaseExecutor - ExecutionException (this is likely a serious error in the framework)
java.util.concurrent.ExecutionException: org.evosuite.testcase.execution.EvosuiteError: java.lang.IllegalArgumentException
	at java.util.concurrent.FutureTask.report(FutureTask.java:122) [na:1.8.0_121]
	at java.util.concurrent.FutureTask.get(FutureTask.java:206) [na:1.8.0_121]
	at org.evosuite.testcase.execution.TimeoutHandler.executeWithTimeout(TimeoutHandler.java:107) ~[evosuite-master-1.0.6-SNAPSHOT.jar:1.0.6-SNAPSHOT]
	at org.evosuite.testcase.execution.TimeoutHandler.execute(TimeoutHandler.java:96) ~[evosuite-master-1.0.6-SNAPSHOT.jar:1.0.6-SNAPSHOT]
	at org.evosuite.testcase.execution.TestCaseExecutor.execute(TestCaseExecutor.java:334) [evosuite-master-1.0.6-SNAPSHOT.jar:1.0.6-SNAPSHOT]
	at org.evosuite.testcase.execution.TestCaseExecutor.execute(TestCaseExecutor.java:277) [evosuite-master-1.0.6-SNAPSHOT.jar:1.0.6-SNAPSHOT]
	at org.evosuite.testcase.execution.TestCaseExecutor.execute(TestCaseExecutor.java:264) [evosuite-master-1.0.6-SNAPSHOT.jar:1.0.6-SNAPSHOT]
	at org.evosuite.testsuite.TestSuiteFitnessFunction.runTest(TestSuiteFitnessFunction.java:63) [evosuite-master-1.0.6-SNAPSHOT.jar:1.0.6-SNAPSHOT]
	at org.evosuite.testcase.TestChromosome.executeForFitnessFunction(TestChromosome.java:682) [evosuite-master-1.0.6-SNAPSHOT.jar:1.0.6-SNAPSHOT]
	at org.evosuite.testsuite.TestSuiteFitnessFunction.runTestSuite(TestSuiteFitnessFunction.java:97) [evosuite-master-1.0.6-SNAPSHOT.jar:1.0.6-SNAPSHOT]
	at org.evosuite.coverage.line.LineCoverageSuiteFitness.getFitness(LineCoverageSuiteFitness.java:154) [evosuite-master-1.0.6-SNAPSHOT.jar:1.0.6-SNAPSHOT]
	at org.evosuite.coverage.line.LineCoverageSuiteFitness.getFitness(LineCoverageSuiteFitness.java:45) [evosuite-master-1.0.6-SNAPSHOT.jar:1.0.6-SNAPSHOT]
	at org.evosuite.ga.metaheuristics.MonotonicGA.evolve(MonotonicGA.java:141) [evosuite-master-1.0.6-SNAPSHOT.jar:1.0.6-SNAPSHOT]
	at org.evosuite.ga.metaheuristics.MonotonicGA.generateSolution(MonotonicGA.java:245) [evosuite-master-1.0.6-SNAPSHOT.jar:1.0.6-SNAPSHOT]
	at org.evosuite.strategy.WholeTestSuiteStrategy.generateTests(WholeTestSuiteStrategy.java:113) [evosuite-master-1.0.6-SNAPSHOT.jar:1.0.6-SNAPSHOT]
	at org.evosuite.TestSuiteGenerator.generateTests(TestSuiteGenerator.java:653) [evosuite-master-1.0.6-SNAPSHOT.jar:1.0.6-SNAPSHOT]
	at org.evosuite.TestSuiteGenerator.generateTestSuite(TestSuiteGenerator.java:236) [evosuite-master-1.0.6-SNAPSHOT.jar:1.0.6-SNAPSHOT]
	at org.evosuite.rmi.service.ClientNodeImpl$1.run(ClientNodeImpl.java:145) [evosuite-master-1.0.6-SNAPSHOT.jar:1.0.6-SNAPSHOT]
	at java.util.concurrent.Executors$RunnableAdapter.call(Executors.java:511) [na:1.8.0_121]
	at java.util.concurrent.FutureTask.run(FutureTask.java:266) [na:1.8.0_121]
	at java.util.concurrent.ThreadPoolExecutor.runWorker(ThreadPoolExecutor.java:1142) [na:1.8.0_121]
	at java.util.concurrent.ThreadPoolExecutor$Worker.run(ThreadPoolExecutor.java:617) [na:1.8.0_121]
	at java.lang.Thread.run(Thread.java:745) [na:1.8.0_121]
Caused by: org.evosuite.testcase.execution.EvosuiteError: java.lang.IllegalArgumentException
	at org.evosuite.testcase.statements.FunctionalMockStatement$1.execute(FunctionalMockStatement.java:748) ~[evosuite-master-1.0.6-SNAPSHOT.jar:1.0.6-SNAPSHOT]
	at org.evosuite.testcase.statements.AbstractStatement.exceptionHandler(AbstractStatement.java:169) ~[evosuite-master-1.0.6-SNAPSHOT.jar:1.0.6-SNAPSHOT]
	at org.evosuite.testcase.statements.FunctionalMockStatement.execute(FunctionalMockStatement.java:607) ~[evosuite-master-1.0.6-SNAPSHOT.jar:1.0.6-SNAPSHOT]
	at org.evosuite.testcase.execution.TestRunnable.executeStatements(TestRunnable.java:307) ~[evosuite-master-1.0.6-SNAPSHOT.jar:1.0.6-SNAPSHOT]
	at org.evosuite.testcase.execution.TestRunnable.call(TestRunnable.java:213) ~[evosuite-master-1.0.6-SNAPSHOT.jar:1.0.6-SNAPSHOT]
	at org.evosuite.testcase.execution.TestRunnable.call(TestRunnable.java:55) ~[evosuite-master-1.0.6-SNAPSHOT.jar:1.0.6-SNAPSHOT]
	... 4 common frames omitted
Caused by: java.lang.IllegalArgumentException: null
	at sun.reflect.NativeMethodAccessorImpl.invoke0(Native Method) ~[na:1.8.0_121]
	at sun.reflect.NativeMethodAccessorImpl.invoke(NativeMethodAccessorImpl.java:62) ~[na:1.8.0_121]
	at sun.reflect.DelegatingMethodAccessorImpl.invoke(DelegatingMethodAccessorImpl.java:43) ~[na:1.8.0_121]
	at java.lang.reflect.Method.invoke(Method.java:498) ~[na:1.8.0_121]
	at org.evosuite.testcase.statements.FunctionalMockStatement$1.execute(FunctionalMockStatement.java:669) ~[evosuite-master-1.0.6-SNAPSHOT.jar:1.0.6-SNAPSHOT]
	... 9 common frames omitted
[MASTER] 19:48:45.970 [logback-2] ERROR ClientNodeImpl - Error when generating tests for: org.apache.bcel.classfile.Utility with seed 1516819675574. Configuration id : null
org.evosuite.testcase.execution.EvosuiteError: java.lang.IllegalArgumentException
	at org.evosuite.testcase.statements.FunctionalMockStatement$1.execute(FunctionalMockStatement.java:748) ~[evosuite-master-1.0.6-SNAPSHOT.jar:1.0.6-SNAPSHOT]
	at org.evosuite.testcase.statements.AbstractStatement.exceptionHandler(AbstractStatement.java:169) ~[evosuite-master-1.0.6-SNAPSHOT.jar:1.0.6-SNAPSHOT]
	at org.evosuite.testcase.statements.FunctionalMockStatement.execute(FunctionalMockStatement.java:607) ~[evosuite-master-1.0.6-SNAPSHOT.jar:1.0.6-SNAPSHOT]
	at org.evosuite.testcase.execution.TestRunnable.executeStatements(TestRunnable.java:307) ~[evosuite-master-1.0.6-SNAPSHOT.jar:1.0.6-SNAPSHOT]
	at org.evosuite.testcase.execution.TestRunnable.call(TestRunnable.java:213) ~[evosuite-master-1.0.6-SNAPSHOT.jar:1.0.6-SNAPSHOT]
	at org.evosuite.testcase.execution.TestRunnable.call(TestRunnable.java:55) ~[evosuite-master-1.0.6-SNAPSHOT.jar:1.0.6-SNAPSHOT]
	at java.util.concurrent.FutureTask.run(FutureTask.java:266) [na:1.8.0_121]
	at java.util.concurrent.ThreadPoolExecutor.runWorker(ThreadPoolExecutor.java:1142) [na:1.8.0_121]
	at java.util.concurrent.ThreadPoolExecutor$Worker.run(ThreadPoolExecutor.java:617) [na:1.8.0_121]
	at java.lang.Thread.run(Thread.java:745) [na:1.8.0_121]
Caused by: java.lang.IllegalArgumentException: null
	at sun.reflect.NativeMethodAccessorImpl.invoke0(Native Method) ~[na:1.8.0_121]
	at sun.reflect.NativeMethodAccessorImpl.invoke(NativeMethodAccessorImpl.java:62) ~[na:1.8.0_121]
	at sun.reflect.DelegatingMethodAccessorImpl.invoke(DelegatingMethodAccessorImpl.java:43) ~[na:1.8.0_121]
	at java.lang.reflect.Method.invoke(Method.java:498) ~[na:1.8.0_121]
	at org.evosuite.testcase.statements.FunctionalMockStatement$1.execute(FunctionalMockStatement.java:669) ~[evosuite-master-1.0.6-SNAPSHOT.jar:1.0.6-SNAPSHOT]
	... 9 common frames omitted
